<?xml version="1.0" encoding="UTF-8"?>
<robot generator="Robot 5.0.1 (Python 3.10.4 on linux)" generated="20220801 16:42:48.741" rpa="false" schemaversion="3">
<suite id="s1" name="Produtos Test" source="/home/neybackes/Documentos/Robotron_NeyBackes_ProjetoFInal/tests/produtos_test.robot">
<kw name="Criar Sessao" library="common" type="SETUP">
<kw name="Create Session" library="RequestsLibrary">
<arg>serverest</arg>
<arg>${base_uri}</arg>
<doc>Create Session: create a HTTP session to a server</doc>
<msg timestamp="20220801 16:42:49.148" level="INFO">Creating Session using : alias=serverest, url=http://localhost:3000, headers={},                     cookies={}, auth=None, timeout=None, proxies=None, verify=False,                     debug=0 </msg>
<status status="PASS" starttime="20220801 16:42:49.148" endtime="20220801 16:42:49.149"/>
</kw>
<status status="PASS" starttime="20220801 16:42:49.147" endtime="20220801 16:42:49.149"/>
</kw>
<test id="s1-t1" name="Cenario: POST Produto 201" line="17">
<kw name="Iniciar cores de resposta" library="common">
<kw name="Evaluate" library="BuiltIn">
<var>${red}</var>
<arg>${RED}</arg>
<doc>Evaluates the given expression in Python and returns the result.</doc>
<msg timestamp="20220801 16:42:49.152" level="INFO">${red} = [31m</msg>
<status status="PASS" starttime="20220801 16:42:49.151" endtime="20220801 16:42:49.152"/>
</kw>
<kw name="Set Test Variable" library="BuiltIn">
<arg>${red}</arg>
<doc>Makes a variable available everywhere within the scope of the current test.</doc>
<msg timestamp="20220801 16:42:49.153" level="INFO">${red} = [31m</msg>
<status status="PASS" starttime="20220801 16:42:49.153" endtime="20220801 16:42:49.153"/>
</kw>
<kw name="Evaluate" library="BuiltIn">
<var>${yellow}</var>
<arg>${YELLOW}</arg>
<doc>Evaluates the given expression in Python and returns the result.</doc>
<msg timestamp="20220801 16:42:49.154" level="INFO">${yellow} = [33m</msg>
<status status="PASS" starttime="20220801 16:42:49.154" endtime="20220801 16:42:49.154"/>
</kw>
<kw name="Set Test Variable" library="BuiltIn">
<arg>${yellow}</arg>
<doc>Makes a variable available everywhere within the scope of the current test.</doc>
<msg timestamp="20220801 16:42:49.155" level="INFO">${yellow} = [33m</msg>
<status status="PASS" starttime="20220801 16:42:49.155" endtime="20220801 16:42:49.155"/>
</kw>
<kw name="Evaluate" library="BuiltIn">
<var>${green}</var>
<arg>${GREEN}</arg>
<doc>Evaluates the given expression in Python and returns the result.</doc>
<msg timestamp="20220801 16:42:49.156" level="INFO">${green} = [32m</msg>
<status status="PASS" starttime="20220801 16:42:49.155" endtime="20220801 16:42:49.156"/>
</kw>
<kw name="Set Test Variable" library="BuiltIn">
<arg>${green}</arg>
<doc>Makes a variable available everywhere within the scope of the current test.</doc>
<msg timestamp="20220801 16:42:49.157" level="INFO">${green} = [32m</msg>
<status status="PASS" starttime="20220801 16:42:49.156" endtime="20220801 16:42:49.157"/>
</kw>
<status status="PASS" starttime="20220801 16:42:49.151" endtime="20220801 16:42:49.157"/>
</kw>
<kw name="POST Login Valido Usando FUNCAO" library="login_keywords">
<kw name="Login Padrao" library="library_python">
<var>${json}</var>
<msg timestamp="20220801 16:42:49.167" level="INFO">${json} = {'email': 'fulano@qa.com.br', 'password': 'teste'}</msg>
<status status="PASS" starttime="20220801 16:42:49.158" endtime="20220801 16:42:49.167"/>
</kw>
<kw name="Set Variable" library="BuiltIn">
<var>${payload}</var>
<arg>${json}</arg>
<doc>Returns the given values which can then be assigned to a variables.</doc>
<msg timestamp="20220801 16:42:49.168" level="INFO">${payload} = {'email': 'fulano@qa.com.br', 'password': 'teste'}</msg>
<status status="PASS" starttime="20220801 16:42:49.168" endtime="20220801 16:42:49.168"/>
</kw>
<kw name="Set Global Variable" library="BuiltIn">
<arg>${payload}</arg>
<doc>Makes a variable available globally in all tests and suites.</doc>
<msg timestamp="20220801 16:42:49.169" level="INFO">${payload} = {'email': 'fulano@qa.com.br', 'password': 'teste'}</msg>
<status status="PASS" starttime="20220801 16:42:49.169" endtime="20220801 16:42:49.169"/>
</kw>
<kw name="POST Endpoint /login" library="login_keywords">
<kw name="POST On Session" library="RequestsLibrary">
<var>${response}</var>
<arg>serverest</arg>
<arg>/login</arg>
<arg>json=&amp;{payload}</arg>
<arg>expected_status=anything</arg>
<doc>Sends a POST request on a previously created HTTP Session.</doc>
<msg timestamp="20220801 16:42:49.177" level="INFO">POST Request : url=http://localhost:3000/login 
 path_url=/login 
 headers={'User-Agent': 'python-requests/2.28.1', 'Accept-Encoding': 'gzip, deflate', 'Accept': '*/*', 'Connection': 'keep-alive', 'Content-Length': '50', 'Content-Type': 'application/json'} 
 body=b'{"email": "fulano@qa.com.br", "password": "teste"}' 
 </msg>
<msg timestamp="20220801 16:42:49.177" level="INFO">POST Response : url=http://localhost:3000/login 
 status=200, reason=OK 
 headers={'Access-Control-Allow-Origin': '*', 'x-dns-prefetch-control': 'off', 'x-frame-options': 'SAMEORIGIN', 'strict-transport-security': 'max-age=15552000; includeSubDomains', 'x-download-options': 'noopen', 'x-content-type-options': 'nosniff', 'x-xss-protection': '1; mode=block', 'x-moesif-transaction-id': 'ae743861-d4c9-4072-8e64-a5580cafbff1', 'Content-Type': 'application/json; charset=utf-8', 'Content-Length': '269', 'Date': 'Mon, 01 Aug 2022 19:42:49 GMT', 'Connection': 'keep-alive', 'Keep-Alive': 'timeout=5'} 
 body={
    "message": "Login realizado com sucesso",
    "authorization": "Bearer eyJhbGciOiJIUzI1NiIsInR5cCI6IkpXVCJ9.eyJlbWFpbCI6ImZ1bGFub0BxYS5jb20uYnIiLCJwYXNzd29yZCI6InRlc3RlIiwiaWF0IjoxNjU5MzgyOTY5LCJleHAiOjE2NTkzODM1Njl9.y1izmVu0AoZrwZwJ6QUJC2by1fuq3OUrG8R6ML27RAI"
} 
 </msg>
<msg timestamp="20220801 16:42:49.177" level="INFO">${response} = &lt;Response [200]&gt;</msg>
<status status="PASS" starttime="20220801 16:42:49.170" endtime="20220801 16:42:49.177"/>
</kw>
<if>
<branch type="IF" condition="${response.status_code} == 200">
<kw name="Set Variable" library="BuiltIn">
<var>${token_auth}</var>
<arg>${response.json()["authorization"]}</arg>
<doc>Returns the given values which can then be assigned to a variables.</doc>
<msg timestamp="20220801 16:42:49.180" level="INFO">${token_auth} = Bearer eyJhbGciOiJIUzI1NiIsInR5cCI6IkpXVCJ9.eyJlbWFpbCI6ImZ1bGFub0BxYS5jb20uYnIiLCJwYXNzd29yZCI6InRlc3RlIiwiaWF0IjoxNjU5MzgyOTY5LCJleHAiOjE2NTkzODM1Njl9.y1izmVu0AoZrwZwJ6QUJC2by1fuq3OUrG8R6ML27RAI</msg>
<status status="PASS" starttime="20220801 16:42:49.179" endtime="20220801 16:42:49.180"/>
</kw>
<kw name="Set Global Variable" library="BuiltIn">
<arg>${token_auth}</arg>
<doc>Makes a variable available globally in all tests and suites.</doc>
<msg timestamp="20220801 16:42:49.180" level="INFO">${token_auth} = Bearer eyJhbGciOiJIUzI1NiIsInR5cCI6IkpXVCJ9.eyJlbWFpbCI6ImZ1bGFub0BxYS5jb20uYnIiLCJwYXNzd29yZCI6InRlc3RlIiwiaWF0IjoxNjU5MzgyOTY5LCJleHAiOjE2NTkzODM1Njl9.y1izmVu0AoZrwZwJ6QUJC2by1fuq3OUrG8R6ML27RAI</msg>
<status status="PASS" starttime="20220801 16:42:49.180" endtime="20220801 16:42:49.180"/>
</kw>
<status status="PASS" starttime="20220801 16:42:49.178" endtime="20220801 16:42:49.181"/>
</branch>
<status status="PASS" starttime="20220801 16:42:49.177" endtime="20220801 16:42:49.181"/>
</if>
<kw name="Set Global Variable" library="BuiltIn">
<arg>${response}</arg>
<doc>Makes a variable available globally in all tests and suites.</doc>
<msg timestamp="20220801 16:42:49.181" level="INFO">${response} = &lt;Response [200]&gt;</msg>
<status status="PASS" starttime="20220801 16:42:49.181" endtime="20220801 16:42:49.181"/>
</kw>
<status status="PASS" starttime="20220801 16:42:49.169" endtime="20220801 16:42:49.181"/>
</kw>
<status status="PASS" starttime="20220801 16:42:49.157" endtime="20220801 16:42:49.181"/>
</kw>
<kw name="POST Cadastro Produto Estatico Valido" library="produtos_keywords">
<kw name="Importar Json Estatico" library="common">
<var>${json}</var>
<arg>massa_produtos.json</arg>
<kw name="Get File" library="OperatingSystem">
<var>${arquivo}</var>
<arg>${EXECDIR}/support/fixtures/estatic/${nome_arquivo}</arg>
<doc>Returns the contents of a specified file.</doc>
<msg timestamp="20220801 16:42:49.183" level="INFO" html="true">Getting file '&lt;a href="file:///home/neybackes/Documentos/Robotron_NeyBackes_ProjetoFInal/support/fixtures/estatic/massa_produtos.json"&gt;/home/neybackes/Documentos/Robotron_NeyBackes_ProjetoFInal/support/fixtures/estatic/massa_produtos.json&lt;/a&gt;'.</msg>
<msg timestamp="20220801 16:42:49.183" level="INFO">${arquivo} = {
    "produto_para_cadastro":{
        "nome": "Ideapad S145",
        "preco": 2000,
        "descricao": "Nootbook",
        "quantidade": 400
    },
    "produto_para_alteracao":{
        "nome": ...</msg>
<status status="PASS" starttime="20220801 16:42:49.183" endtime="20220801 16:42:49.184"/>
</kw>
<kw name="Evaluate" library="BuiltIn">
<var>${data}</var>
<arg>json.loads('''${arquivo}''')</arg>
<arg>json</arg>
<doc>Evaluates the given expression in Python and returns the result.</doc>
<msg timestamp="20220801 16:42:49.184" level="INFO">${data} = {'produto_para_cadastro': {'nome': 'Ideapad S145', 'preco': 2000, 'descricao': 'Nootbook', 'quantidade': 400}, 'produto_para_alteracao': {'nome': 'Xbox One', 'preco': 1500, 'descricao': 'Console', 'qu...</msg>
<status status="PASS" starttime="20220801 16:42:49.184" endtime="20220801 16:42:49.184"/>
</kw>
<msg timestamp="20220801 16:42:49.184" level="INFO">${json} = {'produto_para_cadastro': {'nome': 'Ideapad S145', 'preco': 2000, 'descricao': 'Nootbook', 'quantidade': 400}, 'produto_para_alteracao': {'nome': 'Xbox One', 'preco': 1500, 'descricao': 'Console', 'qu...</msg>
<status status="PASS" starttime="20220801 16:42:49.182" endtime="20220801 16:42:49.184"/>
</kw>
<kw name="Set Variable" library="BuiltIn">
<var>${payload}</var>
<arg>${json["produto_para_cadastro"]}</arg>
<doc>Returns the given values which can then be assigned to a variables.</doc>
<msg timestamp="20220801 16:42:49.185" level="INFO">${payload} = {'nome': 'Ideapad S145', 'preco': 2000, 'descricao': 'Nootbook', 'quantidade': 400}</msg>
<status status="PASS" starttime="20220801 16:42:49.185" endtime="20220801 16:42:49.185"/>
</kw>
<kw name="Set Global Variable" library="BuiltIn">
<arg>${payload}</arg>
<doc>Makes a variable available globally in all tests and suites.</doc>
<msg timestamp="20220801 16:42:49.186" level="INFO">${payload} = {'nome': 'Ideapad S145', 'preco': 2000, 'descricao': 'Nootbook', 'quantidade': 400}</msg>
<status status="PASS" starttime="20220801 16:42:49.186" endtime="20220801 16:42:49.186"/>
</kw>
<kw name="POST Endpoint Produtos" library="produtos_keywords">
<kw name="Create Dictionary" library="BuiltIn">
<var>${header}</var>
<arg>Authorization=${token_auth}</arg>
<doc>Creates and returns a dictionary based on the given ``items``.</doc>
<msg timestamp="20220801 16:42:49.187" level="INFO">${header} = {'Authorization': 'Bearer eyJhbGciOiJIUzI1NiIsInR5cCI6IkpXVCJ9.eyJlbWFpbCI6ImZ1bGFub0BxYS5jb20uYnIiLCJwYXNzd29yZCI6InRlc3RlIiwiaWF0IjoxNjU5MzgyOTY5LCJleHAiOjE2NTkzODM1Njl9.y1izmVu0AoZrwZwJ6QUJC2by1fuq...</msg>
<status status="PASS" starttime="20220801 16:42:49.187" endtime="20220801 16:42:49.187"/>
</kw>
<kw name="POST On Session" library="RequestsLibrary">
<var>${response}</var>
<arg>serverest</arg>
<arg>/produtos</arg>
<arg>json=${payload}</arg>
<arg>headers=${header}</arg>
<arg>expected_status=anything</arg>
<doc>Sends a POST request on a previously created HTTP Session.</doc>
<msg timestamp="20220801 16:42:49.197" level="INFO">POST Request : url=http://localhost:3000/produtos 
 path_url=/produtos 
 headers={'User-Agent': 'python-requests/2.28.1', 'Accept-Encoding': 'gzip, deflate', 'Accept': '*/*', 'Connection': 'keep-alive', 'Authorization': 'Bearer eyJhbGciOiJIUzI1NiIsInR5cCI6IkpXVCJ9.eyJlbWFpbCI6ImZ1bGFub0BxYS5jb20uYnIiLCJwYXNzd29yZCI6InRlc3RlIiwiaWF0IjoxNjU5MzgyOTY5LCJleHAiOjE2NTkzODM1Njl9.y1izmVu0AoZrwZwJ6QUJC2by1fuq3OUrG8R6ML27RAI', 'Content-Length': '83', 'Content-Type': 'application/json'} 
 body=b'{"nome": "Ideapad S145", "preco": 2000, "descricao": "Nootbook", "quantidade": 400}' 
 </msg>
<msg timestamp="20220801 16:42:49.197" level="INFO">POST Response : url=http://localhost:3000/produtos 
 status=201, reason=Created 
 headers={'Access-Control-Allow-Origin': '*', 'x-dns-prefetch-control': 'off', 'x-frame-options': 'SAMEORIGIN', 'strict-transport-security': 'max-age=15552000; includeSubDomains', 'x-download-options': 'noopen', 'x-content-type-options': 'nosniff', 'x-xss-protection': '1; mode=block', 'x-moesif-transaction-id': '070d614d-2b5a-41a2-ba94-90d32254769a', 'Content-Type': 'application/json; charset=utf-8', 'Content-Length': '82', 'Date': 'Mon, 01 Aug 2022 19:42:49 GMT', 'Connection': 'keep-alive', 'Keep-Alive': 'timeout=5'} 
 body={
    "message": "Cadastro realizado com sucesso",
    "_id": "eomgcCA5GQfMwfiC"
} 
 </msg>
<msg timestamp="20220801 16:42:49.197" level="INFO">${response} = &lt;Response [201]&gt;</msg>
<status status="PASS" starttime="20220801 16:42:49.188" endtime="20220801 16:42:49.197"/>
</kw>
<kw name="Set Global Variable" library="BuiltIn">
<arg>${response}</arg>
<doc>Makes a variable available globally in all tests and suites.</doc>
<msg timestamp="20220801 16:42:49.198" level="INFO">${response} = &lt;Response [201]&gt;</msg>
<status status="PASS" starttime="20220801 16:42:49.198" endtime="20220801 16:42:49.198"/>
</kw>
<if>
<branch type="IF" condition="${response.status_code} == 201">
<kw name="Set Variable" library="BuiltIn">
<var>${produto_id}</var>
<arg>${response.json()["_id"]}</arg>
<doc>Returns the given values which can then be assigned to a variables.</doc>
<msg timestamp="20220801 16:42:49.200" level="INFO">${produto_id} = eomgcCA5GQfMwfiC</msg>
<status status="PASS" starttime="20220801 16:42:49.199" endtime="20220801 16:42:49.200"/>
</kw>
<kw name="Set Global Variable" library="BuiltIn">
<arg>${produto_id}</arg>
<doc>Makes a variable available globally in all tests and suites.</doc>
<msg timestamp="20220801 16:42:49.201" level="INFO">${produto_id} = eomgcCA5GQfMwfiC</msg>
<status status="PASS" starttime="20220801 16:42:49.200" endtime="20220801 16:42:49.201"/>
</kw>
<status status="PASS" starttime="20220801 16:42:49.199" endtime="20220801 16:42:49.201"/>
</branch>
<status status="PASS" starttime="20220801 16:42:49.198" endtime="20220801 16:42:49.201"/>
</if>
<status status="PASS" starttime="20220801 16:42:49.186" endtime="20220801 16:42:49.201"/>
</kw>
<status status="PASS" starttime="20220801 16:42:49.181" endtime="20220801 16:42:49.201"/>
</kw>
<kw name="Imprimir Produto Response.Content" library="produtos_keywords">
<if>
<branch type="IF" condition="${response.status_code} == 200 or ${response.status_code} == 201">
<kw name="Log To Console" library="BuiltIn">
<arg>${yellow}Resposta para Cadastro de Produto:${yellow} ${green}${response.content}${green}</arg>
<doc>Logs the given message to the console.</doc>
<status status="PASS" starttime="20220801 16:42:49.204" endtime="20220801 16:42:49.205"/>
</kw>
<status status="PASS" starttime="20220801 16:42:49.203" endtime="20220801 16:42:49.205"/>
</branch>
<branch type="ELSE">
<kw name="Log To Console" library="BuiltIn">
<arg>${yellow}Resposta para Cadastro de Produto:${yellow} ${red}${response.content}${red}</arg>
<doc>Logs the given message to the console.</doc>
<status status="NOT RUN" starttime="20220801 16:42:49.205" endtime="20220801 16:42:49.205"/>
</kw>
<status status="NOT RUN" starttime="20220801 16:42:49.205" endtime="20220801 16:42:49.205"/>
</branch>
<status status="PASS" starttime="20220801 16:42:49.202" endtime="20220801 16:42:49.205"/>
</if>
<status status="PASS" starttime="20220801 16:42:49.202" endtime="20220801 16:42:49.206"/>
</kw>
<kw name="Resposta Produto Cadastrado" library="produtos_keywords">
<kw name="Should Contain" library="BuiltIn">
<arg>${response.json()["message"]}</arg>
<arg>Cadastro realizado com sucesso</arg>
<doc>Fails if ``container`` does not contain ``item`` one or more times.</doc>
<status status="PASS" starttime="20220801 16:42:49.207" endtime="20220801 16:42:49.208"/>
</kw>
<kw name="Should Not Be Empty" library="BuiltIn">
<arg>${response.json()["_id"]}</arg>
<doc>Verifies that the given item is not empty.</doc>
<msg timestamp="20220801 16:42:49.209" level="INFO">Length is 16</msg>
<status status="PASS" starttime="20220801 16:42:49.208" endtime="20220801 16:42:49.209"/>
</kw>
<status status="PASS" starttime="20220801 16:42:49.206" endtime="20220801 16:42:49.209"/>
</kw>
<kw name="validar Status Code &quot;201&quot;" library="common" sourcename="validar Status Code &quot;${statuscode}&quot;">
<kw name="Should Be True" library="BuiltIn">
<arg>${response.status_code} == ${status_code}</arg>
<doc>Fails if the given condition is not true.</doc>
<status status="PASS" starttime="20220801 16:42:49.210" endtime="20220801 16:42:49.212"/>
</kw>
<if>
<branch type="IF" condition="${response.status_code} == 200 or ${response.status_code} == 201">
<kw name="Log To Console" library="BuiltIn">
<arg>${yellow}Status Code Retornado:${yellow} ${green}${response.status_code}${green}</arg>
<doc>Logs the given message to the console.</doc>
<status status="PASS" starttime="20220801 16:42:49.214" endtime="20220801 16:42:49.215"/>
</kw>
<status status="PASS" starttime="20220801 16:42:49.213" endtime="20220801 16:42:49.215"/>
</branch>
<branch type="ELSE">
<kw name="Log To Console" library="BuiltIn">
<arg>${yellow}Status Code Retornado:${yellow} ${red}${response.status_code}${red}</arg>
<doc>Logs the given message to the console.</doc>
<status status="NOT RUN" starttime="20220801 16:42:49.215" endtime="20220801 16:42:49.215"/>
</kw>
<status status="NOT RUN" starttime="20220801 16:42:49.215" endtime="20220801 16:42:49.215"/>
</branch>
<status status="PASS" starttime="20220801 16:42:49.212" endtime="20220801 16:42:49.215"/>
</if>
<status status="PASS" starttime="20220801 16:42:49.209" endtime="20220801 16:42:49.215"/>
</kw>
<kw name="DELETE Endpoint /produtos" library="produtos_keywords">
<kw name="Create Dictionary" library="BuiltIn">
<var>${header}</var>
<arg>Authorization=${token_auth}</arg>
<doc>Creates and returns a dictionary based on the given ``items``.</doc>
<msg timestamp="20220801 16:42:49.217" level="INFO">${header} = {'Authorization': 'Bearer eyJhbGciOiJIUzI1NiIsInR5cCI6IkpXVCJ9.eyJlbWFpbCI6ImZ1bGFub0BxYS5jb20uYnIiLCJwYXNzd29yZCI6InRlc3RlIiwiaWF0IjoxNjU5MzgyOTY5LCJleHAiOjE2NTkzODM1Njl9.y1izmVu0AoZrwZwJ6QUJC2by1fuq...</msg>
<status status="PASS" starttime="20220801 16:42:49.216" endtime="20220801 16:42:49.217"/>
</kw>
<kw name="DELETE On Session" library="RequestsLibrary">
<var>${response}</var>
<arg>serverest</arg>
<arg>/produtos/${produto_id}</arg>
<arg>headers=${header}</arg>
<arg>expected_status=anything</arg>
<doc>Sends a DELETE request on a previously created HTTP Session.</doc>
<msg timestamp="20220801 16:42:49.225" level="INFO">DELETE Request : url=http://localhost:3000/produtos/eomgcCA5GQfMwfiC 
 path_url=/produtos/eomgcCA5GQfMwfiC 
 headers={'User-Agent': 'python-requests/2.28.1', 'Accept-Encoding': 'gzip, deflate', 'Accept': '*/*', 'Connection': 'keep-alive', 'Authorization': 'Bearer eyJhbGciOiJIUzI1NiIsInR5cCI6IkpXVCJ9.eyJlbWFpbCI6ImZ1bGFub0BxYS5jb20uYnIiLCJwYXNzd29yZCI6InRlc3RlIiwiaWF0IjoxNjU5MzgyOTY5LCJleHAiOjE2NTkzODM1Njl9.y1izmVu0AoZrwZwJ6QUJC2by1fuq3OUrG8R6ML27RAI', 'Content-Length': '0'} 
 body=None 
 </msg>
<msg timestamp="20220801 16:42:49.225" level="INFO">DELETE Response : url=http://localhost:3000/produtos/eomgcCA5GQfMwfiC 
 status=200, reason=OK 
 headers={'Access-Control-Allow-Origin': '*', 'x-dns-prefetch-control': 'off', 'x-frame-options': 'SAMEORIGIN', 'strict-transport-security': 'max-age=15552000; includeSubDomains', 'x-download-options': 'noopen', 'x-content-type-options': 'nosniff', 'x-xss-protection': '1; mode=block', 'x-moesif-transaction-id': 'd6535a12-ff8f-4b25-a17b-fdfbbf4ab740', 'Content-Type': 'application/json; charset=utf-8', 'Content-Length': '51', 'Date': 'Mon, 01 Aug 2022 19:42:49 GMT', 'Connection': 'keep-alive', 'Keep-Alive': 'timeout=5'} 
 body={
    "message": "Registro excluído com sucesso"
} 
 </msg>
<msg timestamp="20220801 16:42:49.225" level="INFO">${response} = &lt;Response [200]&gt;</msg>
<status status="PASS" starttime="20220801 16:42:49.217" endtime="20220801 16:42:49.225"/>
</kw>
<kw name="Set Global Variable" library="BuiltIn">
<arg>${response}</arg>
<doc>Makes a variable available globally in all tests and suites.</doc>
<msg timestamp="20220801 16:42:49.226" level="INFO">${response} = &lt;Response [200]&gt;</msg>
<status status="PASS" starttime="20220801 16:42:49.226" endtime="20220801 16:42:49.226"/>
</kw>
<status status="PASS" starttime="20220801 16:42:49.216" endtime="20220801 16:42:49.226"/>
</kw>
<tag>POST_PRODUTO</tag>
<status status="PASS" starttime="20220801 16:42:49.150" endtime="20220801 16:42:49.226"/>
</test>
<test id="s1-t2" name="Cenario: POST Produto Repetido 400" line="27">
<kw name="Iniciar cores de resposta" library="common">
<kw name="Evaluate" library="BuiltIn">
<var>${red}</var>
<arg>${RED}</arg>
<doc>Evaluates the given expression in Python and returns the result.</doc>
<msg timestamp="20220801 16:42:49.230" level="INFO">${red} = [31m</msg>
<status status="PASS" starttime="20220801 16:42:49.230" endtime="20220801 16:42:49.231"/>
</kw>
<kw name="Set Test Variable" library="BuiltIn">
<arg>${red}</arg>
<doc>Makes a variable available everywhere within the scope of the current test.</doc>
<msg timestamp="20220801 16:42:49.231" level="INFO">${red} = [31m</msg>
<status status="PASS" starttime="20220801 16:42:49.231" endtime="20220801 16:42:49.231"/>
</kw>
<kw name="Evaluate" library="BuiltIn">
<var>${yellow}</var>
<arg>${YELLOW}</arg>
<doc>Evaluates the given expression in Python and returns the result.</doc>
<msg timestamp="20220801 16:42:49.232" level="INFO">${yellow} = [33m</msg>
<status status="PASS" starttime="20220801 16:42:49.232" endtime="20220801 16:42:49.232"/>
</kw>
<kw name="Set Test Variable" library="BuiltIn">
<arg>${yellow}</arg>
<doc>Makes a variable available everywhere within the scope of the current test.</doc>
<msg timestamp="20220801 16:42:49.232" level="INFO">${yellow} = [33m</msg>
<status status="PASS" starttime="20220801 16:42:49.232" endtime="20220801 16:42:49.233"/>
</kw>
<kw name="Evaluate" library="BuiltIn">
<var>${green}</var>
<arg>${GREEN}</arg>
<doc>Evaluates the given expression in Python and returns the result.</doc>
<msg timestamp="20220801 16:42:49.233" level="INFO">${green} = [32m</msg>
<status status="PASS" starttime="20220801 16:42:49.233" endtime="20220801 16:42:49.233"/>
</kw>
<kw name="Set Test Variable" library="BuiltIn">
<arg>${green}</arg>
<doc>Makes a variable available everywhere within the scope of the current test.</doc>
<msg timestamp="20220801 16:42:49.233" level="INFO">${green} = [32m</msg>
<status status="PASS" starttime="20220801 16:42:49.233" endtime="20220801 16:42:49.233"/>
</kw>
<status status="PASS" starttime="20220801 16:42:49.228" endtime="20220801 16:42:49.234"/>
</kw>
<kw name="POST Login Valido Usando FUNCAO" library="login_keywords">
<kw name="Login Padrao" library="library_python">
<var>${json}</var>
<msg timestamp="20220801 16:42:49.241" level="INFO">${json} = {'email': 'fulano@qa.com.br', 'password': 'teste'}</msg>
<status status="PASS" starttime="20220801 16:42:49.234" endtime="20220801 16:42:49.241"/>
</kw>
<kw name="Set Variable" library="BuiltIn">
<var>${payload}</var>
<arg>${json}</arg>
<doc>Returns the given values which can then be assigned to a variables.</doc>
<msg timestamp="20220801 16:42:49.241" level="INFO">${payload} = {'email': 'fulano@qa.com.br', 'password': 'teste'}</msg>
<status status="PASS" starttime="20220801 16:42:49.241" endtime="20220801 16:42:49.241"/>
</kw>
<kw name="Set Global Variable" library="BuiltIn">
<arg>${payload}</arg>
<doc>Makes a variable available globally in all tests and suites.</doc>
<msg timestamp="20220801 16:42:49.242" level="INFO">${payload} = {'email': 'fulano@qa.com.br', 'password': 'teste'}</msg>
<status status="PASS" starttime="20220801 16:42:49.241" endtime="20220801 16:42:49.242"/>
</kw>
<kw name="POST Endpoint /login" library="login_keywords">
<kw name="POST On Session" library="RequestsLibrary">
<var>${response}</var>
<arg>serverest</arg>
<arg>/login</arg>
<arg>json=&amp;{payload}</arg>
<arg>expected_status=anything</arg>
<doc>Sends a POST request on a previously created HTTP Session.</doc>
<msg timestamp="20220801 16:42:49.248" level="INFO">POST Request : url=http://localhost:3000/login 
 path_url=/login 
 headers={'User-Agent': 'python-requests/2.28.1', 'Accept-Encoding': 'gzip, deflate', 'Accept': '*/*', 'Connection': 'keep-alive', 'Content-Length': '50', 'Content-Type': 'application/json'} 
 body=b'{"email": "fulano@qa.com.br", "password": "teste"}' 
 </msg>
<msg timestamp="20220801 16:42:49.248" level="INFO">POST Response : url=http://localhost:3000/login 
 status=200, reason=OK 
 headers={'Access-Control-Allow-Origin': '*', 'x-dns-prefetch-control': 'off', 'x-frame-options': 'SAMEORIGIN', 'strict-transport-security': 'max-age=15552000; includeSubDomains', 'x-download-options': 'noopen', 'x-content-type-options': 'nosniff', 'x-xss-protection': '1; mode=block', 'x-moesif-transaction-id': '2cbf550a-6da0-47df-a6da-80c7c452eb67', 'Content-Type': 'application/json; charset=utf-8', 'Content-Length': '269', 'Date': 'Mon, 01 Aug 2022 19:42:49 GMT', 'Connection': 'keep-alive', 'Keep-Alive': 'timeout=5'} 
 body={
    "message": "Login realizado com sucesso",
    "authorization": "Bearer eyJhbGciOiJIUzI1NiIsInR5cCI6IkpXVCJ9.eyJlbWFpbCI6ImZ1bGFub0BxYS5jb20uYnIiLCJwYXNzd29yZCI6InRlc3RlIiwiaWF0IjoxNjU5MzgyOTY5LCJleHAiOjE2NTkzODM1Njl9.y1izmVu0AoZrwZwJ6QUJC2by1fuq3OUrG8R6ML27RAI"
} 
 </msg>
<msg timestamp="20220801 16:42:49.248" level="INFO">${response} = &lt;Response [200]&gt;</msg>
<status status="PASS" starttime="20220801 16:42:49.242" endtime="20220801 16:42:49.248"/>
</kw>
<if>
<branch type="IF" condition="${response.status_code} == 200">
<kw name="Set Variable" library="BuiltIn">
<var>${token_auth}</var>
<arg>${response.json()["authorization"]}</arg>
<doc>Returns the given values which can then be assigned to a variables.</doc>
<msg timestamp="20220801 16:42:49.251" level="INFO">${token_auth} = Bearer eyJhbGciOiJIUzI1NiIsInR5cCI6IkpXVCJ9.eyJlbWFpbCI6ImZ1bGFub0BxYS5jb20uYnIiLCJwYXNzd29yZCI6InRlc3RlIiwiaWF0IjoxNjU5MzgyOTY5LCJleHAiOjE2NTkzODM1Njl9.y1izmVu0AoZrwZwJ6QUJC2by1fuq3OUrG8R6ML27RAI</msg>
<status status="PASS" starttime="20220801 16:42:49.250" endtime="20220801 16:42:49.251"/>
</kw>
<kw name="Set Global Variable" library="BuiltIn">
<arg>${token_auth}</arg>
<doc>Makes a variable available globally in all tests and suites.</doc>
<msg timestamp="20220801 16:42:49.251" level="INFO">${token_auth} = Bearer eyJhbGciOiJIUzI1NiIsInR5cCI6IkpXVCJ9.eyJlbWFpbCI6ImZ1bGFub0BxYS5jb20uYnIiLCJwYXNzd29yZCI6InRlc3RlIiwiaWF0IjoxNjU5MzgyOTY5LCJleHAiOjE2NTkzODM1Njl9.y1izmVu0AoZrwZwJ6QUJC2by1fuq3OUrG8R6ML27RAI</msg>
<status status="PASS" starttime="20220801 16:42:49.251" endtime="20220801 16:42:49.251"/>
</kw>
<status status="PASS" starttime="20220801 16:42:49.249" endtime="20220801 16:42:49.252"/>
</branch>
<status status="PASS" starttime="20220801 16:42:49.248" endtime="20220801 16:42:49.252"/>
</if>
<kw name="Set Global Variable" library="BuiltIn">
<arg>${response}</arg>
<doc>Makes a variable available globally in all tests and suites.</doc>
<msg timestamp="20220801 16:42:49.252" level="INFO">${response} = &lt;Response [200]&gt;</msg>
<status status="PASS" starttime="20220801 16:42:49.252" endtime="20220801 16:42:49.252"/>
</kw>
<status status="PASS" starttime="20220801 16:42:49.242" endtime="20220801 16:42:49.253"/>
</kw>
<status status="PASS" starttime="20220801 16:42:49.234" endtime="20220801 16:42:49.253"/>
</kw>
<kw name="POST Cadastro Produto Estatico Repetido" library="produtos_keywords">
<kw name="Importar Json Estatico" library="common">
<var>${json}</var>
<arg>massa_produtos.json</arg>
<kw name="Get File" library="OperatingSystem">
<var>${arquivo}</var>
<arg>${EXECDIR}/support/fixtures/estatic/${nome_arquivo}</arg>
<doc>Returns the contents of a specified file.</doc>
<msg timestamp="20220801 16:42:49.255" level="INFO" html="true">Getting file '&lt;a href="file:///home/neybackes/Documentos/Robotron_NeyBackes_ProjetoFInal/support/fixtures/estatic/massa_produtos.json"&gt;/home/neybackes/Documentos/Robotron_NeyBackes_ProjetoFInal/support/fixtures/estatic/massa_produtos.json&lt;/a&gt;'.</msg>
<msg timestamp="20220801 16:42:49.255" level="INFO">${arquivo} = {
    "produto_para_cadastro":{
        "nome": "Ideapad S145",
        "preco": 2000,
        "descricao": "Nootbook",
        "quantidade": 400
    },
    "produto_para_alteracao":{
        "nome": ...</msg>
<status status="PASS" starttime="20220801 16:42:49.254" endtime="20220801 16:42:49.255"/>
</kw>
<kw name="Evaluate" library="BuiltIn">
<var>${data}</var>
<arg>json.loads('''${arquivo}''')</arg>
<arg>json</arg>
<doc>Evaluates the given expression in Python and returns the result.</doc>
<msg timestamp="20220801 16:42:49.256" level="INFO">${data} = {'produto_para_cadastro': {'nome': 'Ideapad S145', 'preco': 2000, 'descricao': 'Nootbook', 'quantidade': 400}, 'produto_para_alteracao': {'nome': 'Xbox One', 'preco': 1500, 'descricao': 'Console', 'qu...</msg>
<status status="PASS" starttime="20220801 16:42:49.255" endtime="20220801 16:42:49.256"/>
</kw>
<msg timestamp="20220801 16:42:49.256" level="INFO">${json} = {'produto_para_cadastro': {'nome': 'Ideapad S145', 'preco': 2000, 'descricao': 'Nootbook', 'quantidade': 400}, 'produto_para_alteracao': {'nome': 'Xbox One', 'preco': 1500, 'descricao': 'Console', 'qu...</msg>
<status status="PASS" starttime="20220801 16:42:49.253" endtime="20220801 16:42:49.256"/>
</kw>
<kw name="Set Variable" library="BuiltIn">
<var>${payload}</var>
<arg>${json["produto_nome_repetido"]}</arg>
<doc>Returns the given values which can then be assigned to a variables.</doc>
<msg timestamp="20220801 16:42:49.257" level="INFO">${payload} = {'nome': 'Samsung 60 polegadas', 'preco': 2000, 'descricao': 'Outro Nootbook', 'quantidade': 400}</msg>
<status status="PASS" starttime="20220801 16:42:49.256" endtime="20220801 16:42:49.257"/>
</kw>
<kw name="Set Global Variable" library="BuiltIn">
<arg>${payload}</arg>
<doc>Makes a variable available globally in all tests and suites.</doc>
<msg timestamp="20220801 16:42:49.258" level="INFO">${payload} = {'nome': 'Samsung 60 polegadas', 'preco': 2000, 'descricao': 'Outro Nootbook', 'quantidade': 400}</msg>
<status status="PASS" starttime="20220801 16:42:49.257" endtime="20220801 16:42:49.258"/>
</kw>
<kw name="POST Endpoint Produtos" library="produtos_keywords">
<kw name="Create Dictionary" library="BuiltIn">
<var>${header}</var>
<arg>Authorization=${token_auth}</arg>
<doc>Creates and returns a dictionary based on the given ``items``.</doc>
<msg timestamp="20220801 16:42:49.259" level="INFO">${header} = {'Authorization': 'Bearer eyJhbGciOiJIUzI1NiIsInR5cCI6IkpXVCJ9.eyJlbWFpbCI6ImZ1bGFub0BxYS5jb20uYnIiLCJwYXNzd29yZCI6InRlc3RlIiwiaWF0IjoxNjU5MzgyOTY5LCJleHAiOjE2NTkzODM1Njl9.y1izmVu0AoZrwZwJ6QUJC2by1fuq...</msg>
<status status="PASS" starttime="20220801 16:42:49.258" endtime="20220801 16:42:49.259"/>
</kw>
<kw name="POST On Session" library="RequestsLibrary">
<var>${response}</var>
<arg>serverest</arg>
<arg>/produtos</arg>
<arg>json=${payload}</arg>
<arg>headers=${header}</arg>
<arg>expected_status=anything</arg>
<doc>Sends a POST request on a previously created HTTP Session.</doc>
<msg timestamp="20220801 16:42:49.265" level="INFO">POST Request : url=http://localhost:3000/produtos 
 path_url=/produtos 
 headers={'User-Agent': 'python-requests/2.28.1', 'Accept-Encoding': 'gzip, deflate', 'Accept': '*/*', 'Connection': 'keep-alive', 'Authorization': 'Bearer eyJhbGciOiJIUzI1NiIsInR5cCI6IkpXVCJ9.eyJlbWFpbCI6ImZ1bGFub0BxYS5jb20uYnIiLCJwYXNzd29yZCI6InRlc3RlIiwiaWF0IjoxNjU5MzgyOTY5LCJleHAiOjE2NTkzODM1Njl9.y1izmVu0AoZrwZwJ6QUJC2by1fuq3OUrG8R6ML27RAI', 'Content-Length': '97', 'Content-Type': 'application/json'} 
 body=b'{"nome": "Samsung 60 polegadas", "preco": 2000, "descricao": "Outro Nootbook", "quantidade": 400}' 
 </msg>
<msg timestamp="20220801 16:42:49.265" level="INFO">POST Response : url=http://localhost:3000/produtos 
 status=400, reason=Bad Request 
 headers={'Access-Control-Allow-Origin': '*', 'x-dns-prefetch-control': 'off', 'x-frame-options': 'SAMEORIGIN', 'strict-transport-security': 'max-age=15552000; includeSubDomains', 'x-download-options': 'noopen', 'x-content-type-options': 'nosniff', 'x-xss-protection': '1; mode=block', 'x-moesif-transaction-id': '05e8b637-0826-4ba9-987a-1a424a7be12c', 'Content-Type': 'application/json; charset=utf-8', 'Content-Length': '53', 'Date': 'Mon, 01 Aug 2022 19:42:49 GMT', 'Connection': 'keep-alive', 'Keep-Alive': 'timeout=5'} 
 body={
    "message": "Já existe produto com esse nome"
} 
 </msg>
<msg timestamp="20220801 16:42:49.265" level="INFO">${response} = &lt;Response [400]&gt;</msg>
<status status="PASS" starttime="20220801 16:42:49.259" endtime="20220801 16:42:49.265"/>
</kw>
<kw name="Set Global Variable" library="BuiltIn">
<arg>${response}</arg>
<doc>Makes a variable available globally in all tests and suites.</doc>
<msg timestamp="20220801 16:42:49.266" level="INFO">${response} = &lt;Response [400]&gt;</msg>
<status status="PASS" starttime="20220801 16:42:49.266" endtime="20220801 16:42:49.266"/>
</kw>
<if>
<branch type="IF" condition="${response.status_code} == 201">
<kw name="Set Variable" library="BuiltIn">
<var>${produto_id}</var>
<arg>${response.json()["_id"]}</arg>
<doc>Returns the given values which can then be assigned to a variables.</doc>
<status status="NOT RUN" starttime="20220801 16:42:49.267" endtime="20220801 16:42:49.267"/>
</kw>
<kw name="Set Global Variable" library="BuiltIn">
<arg>${produto_id}</arg>
<doc>Makes a variable available globally in all tests and suites.</doc>
<status status="NOT RUN" starttime="20220801 16:42:49.267" endtime="20220801 16:42:49.267"/>
</kw>
<status status="NOT RUN" starttime="20220801 16:42:49.267" endtime="20220801 16:42:49.267"/>
</branch>
<status status="PASS" starttime="20220801 16:42:49.266" endtime="20220801 16:42:49.267"/>
</if>
<status status="PASS" starttime="20220801 16:42:49.258" endtime="20220801 16:42:49.268"/>
</kw>
<status status="PASS" starttime="20220801 16:42:49.253" endtime="20220801 16:42:49.268"/>
</kw>
<kw name="Imprimir Produto Response.Content" library="produtos_keywords">
<if>
<branch type="IF" condition="${response.status_code} == 200 or ${response.status_code} == 201">
<kw name="Log To Console" library="BuiltIn">
<arg>${yellow}Resposta para Cadastro de Produto:${yellow} ${green}${response.content}${green}</arg>
<doc>Logs the given message to the console.</doc>
<status status="NOT RUN" starttime="20220801 16:42:49.270" endtime="20220801 16:42:49.270"/>
</kw>
<status status="NOT RUN" starttime="20220801 16:42:49.270" endtime="20220801 16:42:49.270"/>
</branch>
<branch type="ELSE">
<kw name="Log To Console" library="BuiltIn">
<arg>${yellow}Resposta para Cadastro de Produto:${yellow} ${red}${response.content}${red}</arg>
<doc>Logs the given message to the console.</doc>
<status status="PASS" starttime="20220801 16:42:49.271" endtime="20220801 16:42:49.272"/>
</kw>
<status status="PASS" starttime="20220801 16:42:49.271" endtime="20220801 16:42:49.272"/>
</branch>
<status status="PASS" starttime="20220801 16:42:49.269" endtime="20220801 16:42:49.272"/>
</if>
<status status="PASS" starttime="20220801 16:42:49.268" endtime="20220801 16:42:49.272"/>
</kw>
<kw name="Resposta Produto Repetido" library="produtos_keywords">
<kw name="Should Contain" library="BuiltIn">
<arg>${response.json()["message"]}</arg>
<arg>Já existe produto com esse nome</arg>
<doc>Fails if ``container`` does not contain ``item`` one or more times.</doc>
<status status="PASS" starttime="20220801 16:42:49.273" endtime="20220801 16:42:49.275"/>
</kw>
<status status="PASS" starttime="20220801 16:42:49.272" endtime="20220801 16:42:49.275"/>
</kw>
<kw name="validar Status Code &quot;400&quot;" library="common" sourcename="validar Status Code &quot;${statuscode}&quot;">
<kw name="Should Be True" library="BuiltIn">
<arg>${response.status_code} == ${status_code}</arg>
<doc>Fails if the given condition is not true.</doc>
<status status="PASS" starttime="20220801 16:42:49.276" endtime="20220801 16:42:49.278"/>
</kw>
<if>
<branch type="IF" condition="${response.status_code} == 200 or ${response.status_code} == 201">
<kw name="Log To Console" library="BuiltIn">
<arg>${yellow}Status Code Retornado:${yellow} ${green}${response.status_code}${green}</arg>
<doc>Logs the given message to the console.</doc>
<status status="NOT RUN" starttime="20220801 16:42:49.280" endtime="20220801 16:42:49.280"/>
</kw>
<status status="NOT RUN" starttime="20220801 16:42:49.280" endtime="20220801 16:42:49.280"/>
</branch>
<branch type="ELSE">
<kw name="Log To Console" library="BuiltIn">
<arg>${yellow}Status Code Retornado:${yellow} ${red}${response.status_code}${red}</arg>
<doc>Logs the given message to the console.</doc>
<status status="PASS" starttime="20220801 16:42:49.280" endtime="20220801 16:42:49.281"/>
</kw>
<status status="PASS" starttime="20220801 16:42:49.280" endtime="20220801 16:42:49.281"/>
</branch>
<status status="PASS" starttime="20220801 16:42:49.279" endtime="20220801 16:42:49.281"/>
</if>
<status status="PASS" starttime="20220801 16:42:49.275" endtime="20220801 16:42:49.281"/>
</kw>
<tag>POST_PRODUTREPETIDO</tag>
<status status="PASS" starttime="20220801 16:42:49.227" endtime="20220801 16:42:49.282"/>
</test>
<test id="s1-t3" name="Cenario: POST Produto Token Invalido 401" line="36">
<kw name="Iniciar cores de resposta" library="common">
<kw name="Evaluate" library="BuiltIn">
<var>${red}</var>
<arg>${RED}</arg>
<doc>Evaluates the given expression in Python and returns the result.</doc>
<msg timestamp="20220801 16:42:49.285" level="INFO">${red} = [31m</msg>
<status status="PASS" starttime="20220801 16:42:49.284" endtime="20220801 16:42:49.285"/>
</kw>
<kw name="Set Test Variable" library="BuiltIn">
<arg>${red}</arg>
<doc>Makes a variable available everywhere within the scope of the current test.</doc>
<msg timestamp="20220801 16:42:49.286" level="INFO">${red} = [31m</msg>
<status status="PASS" starttime="20220801 16:42:49.285" endtime="20220801 16:42:49.286"/>
</kw>
<kw name="Evaluate" library="BuiltIn">
<var>${yellow}</var>
<arg>${YELLOW}</arg>
<doc>Evaluates the given expression in Python and returns the result.</doc>
<msg timestamp="20220801 16:42:49.287" level="INFO">${yellow} = [33m</msg>
<status status="PASS" starttime="20220801 16:42:49.286" endtime="20220801 16:42:49.287"/>
</kw>
<kw name="Set Test Variable" library="BuiltIn">
<arg>${yellow}</arg>
<doc>Makes a variable available everywhere within the scope of the current test.</doc>
<msg timestamp="20220801 16:42:49.288" level="INFO">${yellow} = [33m</msg>
<status status="PASS" starttime="20220801 16:42:49.287" endtime="20220801 16:42:49.288"/>
</kw>
<kw name="Evaluate" library="BuiltIn">
<var>${green}</var>
<arg>${GREEN}</arg>
<doc>Evaluates the given expression in Python and returns the result.</doc>
<msg timestamp="20220801 16:42:49.289" level="INFO">${green} = [32m</msg>
<status status="PASS" starttime="20220801 16:42:49.289" endtime="20220801 16:42:49.289"/>
</kw>
<kw name="Set Test Variable" library="BuiltIn">
<arg>${green}</arg>
<doc>Makes a variable available everywhere within the scope of the current test.</doc>
<msg timestamp="20220801 16:42:49.290" level="INFO">${green} = [32m</msg>
<status status="PASS" starttime="20220801 16:42:49.289" endtime="20220801 16:42:49.290"/>
</kw>
<status status="PASS" starttime="20220801 16:42:49.284" endtime="20220801 16:42:49.290"/>
</kw>
<kw name="POST Login Valido Usando FUNCAO" library="login_keywords">
<kw name="Login Padrao" library="library_python">
<var>${json}</var>
<msg timestamp="20220801 16:42:49.297" level="INFO">${json} = {'email': 'fulano@qa.com.br', 'password': 'teste'}</msg>
<status status="PASS" starttime="20220801 16:42:49.290" endtime="20220801 16:42:49.297"/>
</kw>
<kw name="Set Variable" library="BuiltIn">
<var>${payload}</var>
<arg>${json}</arg>
<doc>Returns the given values which can then be assigned to a variables.</doc>
<msg timestamp="20220801 16:42:49.298" level="INFO">${payload} = {'email': 'fulano@qa.com.br', 'password': 'teste'}</msg>
<status status="PASS" starttime="20220801 16:42:49.297" endtime="20220801 16:42:49.298"/>
</kw>
<kw name="Set Global Variable" library="BuiltIn">
<arg>${payload}</arg>
<doc>Makes a variable available globally in all tests and suites.</doc>
<msg timestamp="20220801 16:42:49.298" level="INFO">${payload} = {'email': 'fulano@qa.com.br', 'password': 'teste'}</msg>
<status status="PASS" starttime="20220801 16:42:49.298" endtime="20220801 16:42:49.299"/>
</kw>
<kw name="POST Endpoint /login" library="login_keywords">
<kw name="POST On Session" library="RequestsLibrary">
<var>${response}</var>
<arg>serverest</arg>
<arg>/login</arg>
<arg>json=&amp;{payload}</arg>
<arg>expected_status=anything</arg>
<doc>Sends a POST request on a previously created HTTP Session.</doc>
<msg timestamp="20220801 16:42:49.304" level="INFO">POST Request : url=http://localhost:3000/login 
 path_url=/login 
 headers={'User-Agent': 'python-requests/2.28.1', 'Accept-Encoding': 'gzip, deflate', 'Accept': '*/*', 'Connection': 'keep-alive', 'Content-Length': '50', 'Content-Type': 'application/json'} 
 body=b'{"email": "fulano@qa.com.br", "password": "teste"}' 
 </msg>
<msg timestamp="20220801 16:42:49.304" level="INFO">POST Response : url=http://localhost:3000/login 
 status=200, reason=OK 
 headers={'Access-Control-Allow-Origin': '*', 'x-dns-prefetch-control': 'off', 'x-frame-options': 'SAMEORIGIN', 'strict-transport-security': 'max-age=15552000; includeSubDomains', 'x-download-options': 'noopen', 'x-content-type-options': 'nosniff', 'x-xss-protection': '1; mode=block', 'x-moesif-transaction-id': 'c444edc8-948a-4320-ae17-c179aedc3783', 'Content-Type': 'application/json; charset=utf-8', 'Content-Length': '269', 'Date': 'Mon, 01 Aug 2022 19:42:49 GMT', 'Connection': 'keep-alive', 'Keep-Alive': 'timeout=5'} 
 body={
    "message": "Login realizado com sucesso",
    "authorization": "Bearer eyJhbGciOiJIUzI1NiIsInR5cCI6IkpXVCJ9.eyJlbWFpbCI6ImZ1bGFub0BxYS5jb20uYnIiLCJwYXNzd29yZCI6InRlc3RlIiwiaWF0IjoxNjU5MzgyOTY5LCJleHAiOjE2NTkzODM1Njl9.y1izmVu0AoZrwZwJ6QUJC2by1fuq3OUrG8R6ML27RAI"
} 
 </msg>
<msg timestamp="20220801 16:42:49.305" level="INFO">${response} = &lt;Response [200]&gt;</msg>
<status status="PASS" starttime="20220801 16:42:49.299" endtime="20220801 16:42:49.305"/>
</kw>
<if>
<branch type="IF" condition="${response.status_code} == 200">
<kw name="Set Variable" library="BuiltIn">
<var>${token_auth}</var>
<arg>${response.json()["authorization"]}</arg>
<doc>Returns the given values which can then be assigned to a variables.</doc>
<msg timestamp="20220801 16:42:49.307" level="INFO">${token_auth} = Bearer eyJhbGciOiJIUzI1NiIsInR5cCI6IkpXVCJ9.eyJlbWFpbCI6ImZ1bGFub0BxYS5jb20uYnIiLCJwYXNzd29yZCI6InRlc3RlIiwiaWF0IjoxNjU5MzgyOTY5LCJleHAiOjE2NTkzODM1Njl9.y1izmVu0AoZrwZwJ6QUJC2by1fuq3OUrG8R6ML27RAI</msg>
<status status="PASS" starttime="20220801 16:42:49.306" endtime="20220801 16:42:49.307"/>
</kw>
<kw name="Set Global Variable" library="BuiltIn">
<arg>${token_auth}</arg>
<doc>Makes a variable available globally in all tests and suites.</doc>
<msg timestamp="20220801 16:42:49.307" level="INFO">${token_auth} = Bearer eyJhbGciOiJIUzI1NiIsInR5cCI6IkpXVCJ9.eyJlbWFpbCI6ImZ1bGFub0BxYS5jb20uYnIiLCJwYXNzd29yZCI6InRlc3RlIiwiaWF0IjoxNjU5MzgyOTY5LCJleHAiOjE2NTkzODM1Njl9.y1izmVu0AoZrwZwJ6QUJC2by1fuq3OUrG8R6ML27RAI</msg>
<status status="PASS" starttime="20220801 16:42:49.307" endtime="20220801 16:42:49.307"/>
</kw>
<status status="PASS" starttime="20220801 16:42:49.306" endtime="20220801 16:42:49.307"/>
</branch>
<status status="PASS" starttime="20220801 16:42:49.305" endtime="20220801 16:42:49.308"/>
</if>
<kw name="Set Global Variable" library="BuiltIn">
<arg>${response}</arg>
<doc>Makes a variable available globally in all tests and suites.</doc>
<msg timestamp="20220801 16:42:49.308" level="INFO">${response} = &lt;Response [200]&gt;</msg>
<status status="PASS" starttime="20220801 16:42:49.308" endtime="20220801 16:42:49.308"/>
</kw>
<status status="PASS" starttime="20220801 16:42:49.299" endtime="20220801 16:42:49.308"/>
</kw>
<status status="PASS" starttime="20220801 16:42:49.290" endtime="20220801 16:42:49.309"/>
</kw>
<kw name="POST Cadastro Produto Token Invalido" library="produtos_keywords">
<kw name="Set Variable" library="BuiltIn">
<var>${token_auth}</var>
<arg>Não e um TOKEN</arg>
<doc>Returns the given values which can then be assigned to a variables.</doc>
<msg timestamp="20220801 16:42:49.310" level="INFO">${token_auth} = Não e um TOKEN</msg>
<status status="PASS" starttime="20220801 16:42:49.309" endtime="20220801 16:42:49.310"/>
</kw>
<kw name="Set Global Variable" library="BuiltIn">
<arg>${token_auth}</arg>
<doc>Makes a variable available globally in all tests and suites.</doc>
<msg timestamp="20220801 16:42:49.310" level="INFO">${token_auth} = Não e um TOKEN</msg>
<status status="PASS" starttime="20220801 16:42:49.310" endtime="20220801 16:42:49.310"/>
</kw>
<kw name="POST Cadastro Produto Estatico Repetido" library="produtos_keywords">
<kw name="Importar Json Estatico" library="common">
<var>${json}</var>
<arg>massa_produtos.json</arg>
<kw name="Get File" library="OperatingSystem">
<var>${arquivo}</var>
<arg>${EXECDIR}/support/fixtures/estatic/${nome_arquivo}</arg>
<doc>Returns the contents of a specified file.</doc>
<msg timestamp="20220801 16:42:49.312" level="INFO" html="true">Getting file '&lt;a href="file:///home/neybackes/Documentos/Robotron_NeyBackes_ProjetoFInal/support/fixtures/estatic/massa_produtos.json"&gt;/home/neybackes/Documentos/Robotron_NeyBackes_ProjetoFInal/support/fixtures/estatic/massa_produtos.json&lt;/a&gt;'.</msg>
<msg timestamp="20220801 16:42:49.312" level="INFO">${arquivo} = {
    "produto_para_cadastro":{
        "nome": "Ideapad S145",
        "preco": 2000,
        "descricao": "Nootbook",
        "quantidade": 400
    },
    "produto_para_alteracao":{
        "nome": ...</msg>
<status status="PASS" starttime="20220801 16:42:49.311" endtime="20220801 16:42:49.312"/>
</kw>
<kw name="Evaluate" library="BuiltIn">
<var>${data}</var>
<arg>json.loads('''${arquivo}''')</arg>
<arg>json</arg>
<doc>Evaluates the given expression in Python and returns the result.</doc>
<msg timestamp="20220801 16:42:49.313" level="INFO">${data} = {'produto_para_cadastro': {'nome': 'Ideapad S145', 'preco': 2000, 'descricao': 'Nootbook', 'quantidade': 400}, 'produto_para_alteracao': {'nome': 'Xbox One', 'preco': 1500, 'descricao': 'Console', 'qu...</msg>
<status status="PASS" starttime="20220801 16:42:49.313" endtime="20220801 16:42:49.313"/>
</kw>
<msg timestamp="20220801 16:42:49.314" level="INFO">${json} = {'produto_para_cadastro': {'nome': 'Ideapad S145', 'preco': 2000, 'descricao': 'Nootbook', 'quantidade': 400}, 'produto_para_alteracao': {'nome': 'Xbox One', 'preco': 1500, 'descricao': 'Console', 'qu...</msg>
<status status="PASS" starttime="20220801 16:42:49.311" endtime="20220801 16:42:49.314"/>
</kw>
<kw name="Set Variable" library="BuiltIn">
<var>${payload}</var>
<arg>${json["produto_nome_repetido"]}</arg>
<doc>Returns the given values which can then be assigned to a variables.</doc>
<msg timestamp="20220801 16:42:49.315" level="INFO">${payload} = {'nome': 'Samsung 60 polegadas', 'preco': 2000, 'descricao': 'Outro Nootbook', 'quantidade': 400}</msg>
<status status="PASS" starttime="20220801 16:42:49.314" endtime="20220801 16:42:49.315"/>
</kw>
<kw name="Set Global Variable" library="BuiltIn">
<arg>${payload}</arg>
<doc>Makes a variable available globally in all tests and suites.</doc>
<msg timestamp="20220801 16:42:49.315" level="INFO">${payload} = {'nome': 'Samsung 60 polegadas', 'preco': 2000, 'descricao': 'Outro Nootbook', 'quantidade': 400}</msg>
<status status="PASS" starttime="20220801 16:42:49.315" endtime="20220801 16:42:49.315"/>
</kw>
<kw name="POST Endpoint Produtos" library="produtos_keywords">
<kw name="Create Dictionary" library="BuiltIn">
<var>${header}</var>
<arg>Authorization=${token_auth}</arg>
<doc>Creates and returns a dictionary based on the given ``items``.</doc>
<msg timestamp="20220801 16:42:49.316" level="INFO">${header} = {'Authorization': 'Não e um TOKEN'}</msg>
<status status="PASS" starttime="20220801 16:42:49.316" endtime="20220801 16:42:49.317"/>
</kw>
<kw name="POST On Session" library="RequestsLibrary">
<var>${response}</var>
<arg>serverest</arg>
<arg>/produtos</arg>
<arg>json=${payload}</arg>
<arg>headers=${header}</arg>
<arg>expected_status=anything</arg>
<doc>Sends a POST request on a previously created HTTP Session.</doc>
<msg timestamp="20220801 16:42:49.323" level="INFO">POST Request : url=http://localhost:3000/produtos 
 path_url=/produtos 
 headers={'User-Agent': 'python-requests/2.28.1', 'Accept-Encoding': 'gzip, deflate', 'Accept': '*/*', 'Connection': 'keep-alive', 'Authorization': 'Não e um TOKEN', 'Content-Length': '97', 'Content-Type': 'application/json'} 
 body=b'{"nome": "Samsung 60 polegadas", "preco": 2000, "descricao": "Outro Nootbook", "quantidade": 400}' 
 </msg>
<msg timestamp="20220801 16:42:49.323" level="INFO">POST Response : url=http://localhost:3000/produtos 
 status=401, reason=Unauthorized 
 headers={'Access-Control-Allow-Origin': '*', 'x-dns-prefetch-control': 'off', 'x-frame-options': 'SAMEORIGIN', 'strict-transport-security': 'max-age=15552000; includeSubDomains', 'x-download-options': 'noopen', 'x-content-type-options': 'nosniff', 'x-xss-protection': '1; mode=block', 'x-moesif-transaction-id': '5eb5add0-8b76-4b2a-8099-0f9ab94dfa23', 'Content-Type': 'application/json; charset=utf-8', 'Content-Length': '103', 'Date': 'Mon, 01 Aug 2022 19:42:49 GMT', 'Connection': 'keep-alive', 'Keep-Alive': 'timeout=5'} 
 body={
    "message": "Token de acesso ausente, inválido, expirado ou usuário do token não existe mais"
} 
 </msg>
<msg timestamp="20220801 16:42:49.323" level="INFO">${response} = &lt;Response [401]&gt;</msg>
<status status="PASS" starttime="20220801 16:42:49.317" endtime="20220801 16:42:49.323"/>
</kw>
<kw name="Set Global Variable" library="BuiltIn">
<arg>${response}</arg>
<doc>Makes a variable available globally in all tests and suites.</doc>
<msg timestamp="20220801 16:42:49.324" level="INFO">${response} = &lt;Response [401]&gt;</msg>
<status status="PASS" starttime="20220801 16:42:49.324" endtime="20220801 16:42:49.324"/>
</kw>
<if>
<branch type="IF" condition="${response.status_code} == 201">
<kw name="Set Variable" library="BuiltIn">
<var>${produto_id}</var>
<arg>${response.json()["_id"]}</arg>
<doc>Returns the given values which can then be assigned to a variables.</doc>
<status status="NOT RUN" starttime="20220801 16:42:49.325" endtime="20220801 16:42:49.325"/>
</kw>
<kw name="Set Global Variable" library="BuiltIn">
<arg>${produto_id}</arg>
<doc>Makes a variable available globally in all tests and suites.</doc>
<status status="NOT RUN" starttime="20220801 16:42:49.325" endtime="20220801 16:42:49.326"/>
</kw>
<status status="NOT RUN" starttime="20220801 16:42:49.325" endtime="20220801 16:42:49.326"/>
</branch>
<status status="PASS" starttime="20220801 16:42:49.324" endtime="20220801 16:42:49.326"/>
</if>
<status status="PASS" starttime="20220801 16:42:49.316" endtime="20220801 16:42:49.326"/>
</kw>
<status status="PASS" starttime="20220801 16:42:49.310" endtime="20220801 16:42:49.326"/>
</kw>
<status status="PASS" starttime="20220801 16:42:49.309" endtime="20220801 16:42:49.326"/>
</kw>
<kw name="Imprimir Produto Response.Content" library="produtos_keywords">
<if>
<branch type="IF" condition="${response.status_code} == 200 or ${response.status_code} == 201">
<kw name="Log To Console" library="BuiltIn">
<arg>${yellow}Resposta para Cadastro de Produto:${yellow} ${green}${response.content}${green}</arg>
<doc>Logs the given message to the console.</doc>
<status status="NOT RUN" starttime="20220801 16:42:49.328" endtime="20220801 16:42:49.328"/>
</kw>
<status status="NOT RUN" starttime="20220801 16:42:49.328" endtime="20220801 16:42:49.329"/>
</branch>
<branch type="ELSE">
<kw name="Log To Console" library="BuiltIn">
<arg>${yellow}Resposta para Cadastro de Produto:${yellow} ${red}${response.content}${red}</arg>
<doc>Logs the given message to the console.</doc>
<status status="PASS" starttime="20220801 16:42:49.329" endtime="20220801 16:42:49.330"/>
</kw>
<status status="PASS" starttime="20220801 16:42:49.329" endtime="20220801 16:42:49.330"/>
</branch>
<status status="PASS" starttime="20220801 16:42:49.327" endtime="20220801 16:42:49.330"/>
</if>
<status status="PASS" starttime="20220801 16:42:49.326" endtime="20220801 16:42:49.330"/>
</kw>
<kw name="Resposta Produto Token Invalido" library="produtos_keywords">
<kw name="Should Contain" library="BuiltIn">
<arg>${response.json()["message"]}</arg>
<arg>Token de acesso ausente, inválido, expirado ou usuário do token não existe mais</arg>
<doc>Fails if ``container`` does not contain ``item`` one or more times.</doc>
<status status="PASS" starttime="20220801 16:42:49.331" endtime="20220801 16:42:49.332"/>
</kw>
<status status="PASS" starttime="20220801 16:42:49.331" endtime="20220801 16:42:49.333"/>
</kw>
<kw name="validar Status Code &quot;401&quot;" library="common" sourcename="validar Status Code &quot;${statuscode}&quot;">
<kw name="Should Be True" library="BuiltIn">
<arg>${response.status_code} == ${status_code}</arg>
<doc>Fails if the given condition is not true.</doc>
<status status="PASS" starttime="20220801 16:42:49.334" endtime="20220801 16:42:49.336"/>
</kw>
<if>
<branch type="IF" condition="${response.status_code} == 200 or ${response.status_code} == 201">
<kw name="Log To Console" library="BuiltIn">
<arg>${yellow}Status Code Retornado:${yellow} ${green}${response.status_code}${green}</arg>
<doc>Logs the given message to the console.</doc>
<status status="NOT RUN" starttime="20220801 16:42:49.338" endtime="20220801 16:42:49.338"/>
</kw>
<status status="NOT RUN" starttime="20220801 16:42:49.337" endtime="20220801 16:42:49.338"/>
</branch>
<branch type="ELSE">
<kw name="Log To Console" library="BuiltIn">
<arg>${yellow}Status Code Retornado:${yellow} ${red}${response.status_code}${red}</arg>
<doc>Logs the given message to the console.</doc>
<status status="PASS" starttime="20220801 16:42:49.339" endtime="20220801 16:42:49.340"/>
</kw>
<status status="PASS" starttime="20220801 16:42:49.338" endtime="20220801 16:42:49.341"/>
</branch>
<status status="PASS" starttime="20220801 16:42:49.336" endtime="20220801 16:42:49.341"/>
</if>
<status status="PASS" starttime="20220801 16:42:49.333" endtime="20220801 16:42:49.341"/>
</kw>
<tag>POST_PRODUTO_TOKEN_INVALIDO</tag>
<status status="PASS" starttime="20220801 16:42:49.282" endtime="20220801 16:42:49.341"/>
</test>
<test id="s1-t4" name="Cenario: POST Produto Token Usuario Excluido 401" line="45">
<kw name="Iniciar cores de resposta" library="common">
<kw name="Evaluate" library="BuiltIn">
<var>${red}</var>
<arg>${RED}</arg>
<doc>Evaluates the given expression in Python and returns the result.</doc>
<msg timestamp="20220801 16:42:49.344" level="INFO">${red} = [31m</msg>
<status status="PASS" starttime="20220801 16:42:49.344" endtime="20220801 16:42:49.344"/>
</kw>
<kw name="Set Test Variable" library="BuiltIn">
<arg>${red}</arg>
<doc>Makes a variable available everywhere within the scope of the current test.</doc>
<msg timestamp="20220801 16:42:49.345" level="INFO">${red} = [31m</msg>
<status status="PASS" starttime="20220801 16:42:49.344" endtime="20220801 16:42:49.345"/>
</kw>
<kw name="Evaluate" library="BuiltIn">
<var>${yellow}</var>
<arg>${YELLOW}</arg>
<doc>Evaluates the given expression in Python and returns the result.</doc>
<msg timestamp="20220801 16:42:49.346" level="INFO">${yellow} = [33m</msg>
<status status="PASS" starttime="20220801 16:42:49.345" endtime="20220801 16:42:49.346"/>
</kw>
<kw name="Set Test Variable" library="BuiltIn">
<arg>${yellow}</arg>
<doc>Makes a variable available everywhere within the scope of the current test.</doc>
<msg timestamp="20220801 16:42:49.347" level="INFO">${yellow} = [33m</msg>
<status status="PASS" starttime="20220801 16:42:49.346" endtime="20220801 16:42:49.347"/>
</kw>
<kw name="Evaluate" library="BuiltIn">
<var>${green}</var>
<arg>${GREEN}</arg>
<doc>Evaluates the given expression in Python and returns the result.</doc>
<msg timestamp="20220801 16:42:49.348" level="INFO">${green} = [32m</msg>
<status status="PASS" starttime="20220801 16:42:49.347" endtime="20220801 16:42:49.348"/>
</kw>
<kw name="Set Test Variable" library="BuiltIn">
<arg>${green}</arg>
<doc>Makes a variable available everywhere within the scope of the current test.</doc>
<msg timestamp="20220801 16:42:49.349" level="INFO">${green} = [32m</msg>
<status status="PASS" starttime="20220801 16:42:49.348" endtime="20220801 16:42:49.349"/>
</kw>
<status status="PASS" starttime="20220801 16:42:49.343" endtime="20220801 16:42:49.349"/>
</kw>
<kw name="POST Cadastro Usuario Estatico Valido" library="user_keywords">
<kw name="Importar Json Estatico" library="common">
<var>${json}</var>
<arg>massa_user.json</arg>
<kw name="Get File" library="OperatingSystem">
<var>${arquivo}</var>
<arg>${EXECDIR}/support/fixtures/estatic/${nome_arquivo}</arg>
<doc>Returns the contents of a specified file.</doc>
<msg timestamp="20220801 16:42:49.352" level="INFO" html="true">Getting file '&lt;a href="file:///home/neybackes/Documentos/Robotron_NeyBackes_ProjetoFInal/support/fixtures/estatic/massa_user.json"&gt;/home/neybackes/Documentos/Robotron_NeyBackes_ProjetoFInal/support/fixtures/estatic/massa_user.json&lt;/a&gt;'.</msg>
<msg timestamp="20220801 16:42:49.352" level="INFO">${arquivo} = { 
   
    
      "user_para_administrador_false":
       {
            "nome": "Ney Backes",
            "email": "fulano@qa.com",
            "password": "teste",
            "administrador": "false...</msg>
<status status="PASS" starttime="20220801 16:42:49.351" endtime="20220801 16:42:49.352"/>
</kw>
<kw name="Evaluate" library="BuiltIn">
<var>${data}</var>
<arg>json.loads('''${arquivo}''')</arg>
<arg>json</arg>
<doc>Evaluates the given expression in Python and returns the result.</doc>
<msg timestamp="20220801 16:42:49.353" level="INFO">${data} = {'user_para_administrador_false': {'nome': 'Ney Backes', 'email': 'fulano@qa.com', 'password': 'teste', 'administrador': 'false'}, 'user_estatico_para_cadastro': {'nome': 'teste', 'email': 'testedeusu...</msg>
<status status="PASS" starttime="20220801 16:42:49.353" endtime="20220801 16:42:49.353"/>
</kw>
<msg timestamp="20220801 16:42:49.353" level="INFO">${json} = {'user_para_administrador_false': {'nome': 'Ney Backes', 'email': 'fulano@qa.com', 'password': 'teste', 'administrador': 'false'}, 'user_estatico_para_cadastro': {'nome': 'teste', 'email': 'testedeusu...</msg>
<status status="PASS" starttime="20220801 16:42:49.350" endtime="20220801 16:42:49.353"/>
</kw>
<kw name="Set Variable" library="BuiltIn">
<var>${payload}</var>
<arg>${json["user_estatico_para_cadastro"]}</arg>
<doc>Returns the given values which can then be assigned to a variables.</doc>
<msg timestamp="20220801 16:42:49.355" level="INFO">${payload} = {'nome': 'teste', 'email': 'testedeusuario@qa.com.br', 'password': 'teste', 'administrador': 'false'}</msg>
<status status="PASS" starttime="20220801 16:42:49.354" endtime="20220801 16:42:49.355"/>
</kw>
<kw name="Set Global Variable" library="BuiltIn">
<arg>${payload}</arg>
<doc>Makes a variable available globally in all tests and suites.</doc>
<msg timestamp="20220801 16:42:49.355" level="INFO">${payload} = {'nome': 'teste', 'email': 'testedeusuario@qa.com.br', 'password': 'teste', 'administrador': 'false'}</msg>
<status status="PASS" starttime="20220801 16:42:49.355" endtime="20220801 16:42:49.355"/>
</kw>
<kw name="POST Endpoint /usuarios" library="user_keywords">
<kw name="POST On Session" library="RequestsLibrary">
<var>${response}</var>
<arg>serverest</arg>
<arg>/usuarios</arg>
<arg>json=&amp;{payload}</arg>
<arg>expected_status=anything</arg>
<doc>Sends a POST request on a previously created HTTP Session.</doc>
<msg timestamp="20220801 16:42:49.361" level="INFO">POST Request : url=http://localhost:3000/usuarios 
 path_url=/usuarios 
 headers={'User-Agent': 'python-requests/2.28.1', 'Accept-Encoding': 'gzip, deflate', 'Accept': '*/*', 'Connection': 'keep-alive', 'Content-Length': '101', 'Content-Type': 'application/json'} 
 body=b'{"nome": "teste", "email": "testedeusuario@qa.com.br", "password": "teste", "administrador": "false"}' 
 </msg>
<msg timestamp="20220801 16:42:49.361" level="INFO">POST Response : url=http://localhost:3000/usuarios 
 status=201, reason=Created 
 headers={'Access-Control-Allow-Origin': '*', 'x-dns-prefetch-control': 'off', 'x-frame-options': 'SAMEORIGIN', 'strict-transport-security': 'max-age=15552000; includeSubDomains', 'x-download-options': 'noopen', 'x-content-type-options': 'nosniff', 'x-xss-protection': '1; mode=block', 'x-moesif-transaction-id': '49f687df-509f-4a1e-8a00-6adccf9607b8', 'Content-Type': 'application/json; charset=utf-8', 'Content-Length': '82', 'Date': 'Mon, 01 Aug 2022 19:42:49 GMT', 'Connection': 'keep-alive', 'Keep-Alive': 'timeout=5'} 
 body={
    "message": "Cadastro realizado com sucesso",
    "_id": "ufUKKTNgKOvGx3Yg"
} 
 </msg>
<msg timestamp="20220801 16:42:49.361" level="INFO">${response} = &lt;Response [201]&gt;</msg>
<status status="PASS" starttime="20220801 16:42:49.356" endtime="20220801 16:42:49.361"/>
</kw>
<kw name="Set Global Variable" library="BuiltIn">
<arg>${response}</arg>
<doc>Makes a variable available globally in all tests and suites.</doc>
<msg timestamp="20220801 16:42:49.362" level="INFO">${response} = &lt;Response [201]&gt;</msg>
<status status="PASS" starttime="20220801 16:42:49.362" endtime="20220801 16:42:49.362"/>
</kw>
<if>
<branch type="IF" condition="${response.status_code} == 201">
<kw name="Set Variable" library="BuiltIn">
<var>${user_id}</var>
<arg>${response.json()["_id"]}</arg>
<doc>Returns the given values which can then be assigned to a variables.</doc>
<msg timestamp="20220801 16:42:49.364" level="INFO">${user_id} = ufUKKTNgKOvGx3Yg</msg>
<status status="PASS" starttime="20220801 16:42:49.363" endtime="20220801 16:42:49.364"/>
</kw>
<kw name="Set Global Variable" library="BuiltIn">
<arg>${user_id}</arg>
<doc>Makes a variable available globally in all tests and suites.</doc>
<msg timestamp="20220801 16:42:49.365" level="INFO">${user_id} = ufUKKTNgKOvGx3Yg</msg>
<status status="PASS" starttime="20220801 16:42:49.365" endtime="20220801 16:42:49.365"/>
</kw>
<status status="PASS" starttime="20220801 16:42:49.363" endtime="20220801 16:42:49.365"/>
</branch>
<status status="PASS" starttime="20220801 16:42:49.362" endtime="20220801 16:42:49.365"/>
</if>
<status status="PASS" starttime="20220801 16:42:49.355" endtime="20220801 16:42:49.365"/>
</kw>
<status status="PASS" starttime="20220801 16:42:49.349" endtime="20220801 16:42:49.366"/>
</kw>
<kw name="POST Login Usuario Excluido" library="login_keywords">
<kw name="Importar Json Estatico" library="common">
<var>${json}</var>
<arg>massa_login.json</arg>
<kw name="Get File" library="OperatingSystem">
<var>${arquivo}</var>
<arg>${EXECDIR}/support/fixtures/estatic/${nome_arquivo}</arg>
<doc>Returns the contents of a specified file.</doc>
<msg timestamp="20220801 16:42:49.368" level="INFO" html="true">Getting file '&lt;a href="file:///home/neybackes/Documentos/Robotron_NeyBackes_ProjetoFInal/support/fixtures/estatic/massa_login.json"&gt;/home/neybackes/Documentos/Robotron_NeyBackes_ProjetoFInal/support/fixtures/estatic/massa_login.json&lt;/a&gt;'.</msg>
<msg timestamp="20220801 16:42:49.368" level="INFO">${arquivo} = {
    "login_valido":{
        "email":"fulano@qa.com.br",
        "password":"teste"
    },
    "login_adm_false":{
        "email":"fulano@qa.com",
        "password":"teste"
    },
    "login_usuar...</msg>
<status status="PASS" starttime="20220801 16:42:49.367" endtime="20220801 16:42:49.368"/>
</kw>
<kw name="Evaluate" library="BuiltIn">
<var>${data}</var>
<arg>json.loads('''${arquivo}''')</arg>
<arg>json</arg>
<doc>Evaluates the given expression in Python and returns the result.</doc>
<msg timestamp="20220801 16:42:49.369" level="INFO">${data} = {'login_valido': {'email': 'fulano@qa.com.br', 'password': 'teste'}, 'login_adm_false': {'email': 'fulano@qa.com', 'password': 'teste'}, 'login_usuario_excluido': {'email': 'testedeusuario@qa.com.br',...</msg>
<status status="PASS" starttime="20220801 16:42:49.368" endtime="20220801 16:42:49.369"/>
</kw>
<msg timestamp="20220801 16:42:49.369" level="INFO">${json} = {'login_valido': {'email': 'fulano@qa.com.br', 'password': 'teste'}, 'login_adm_false': {'email': 'fulano@qa.com', 'password': 'teste'}, 'login_usuario_excluido': {'email': 'testedeusuario@qa.com.br',...</msg>
<status status="PASS" starttime="20220801 16:42:49.366" endtime="20220801 16:42:49.369"/>
</kw>
<kw name="Set Variable" library="BuiltIn">
<var>${payload}</var>
<arg>${json["login_usuario_excluido"]}</arg>
<doc>Returns the given values which can then be assigned to a variables.</doc>
<msg timestamp="20220801 16:42:49.370" level="INFO">${payload} = {'email': 'testedeusuario@qa.com.br', 'password': 'teste'}</msg>
<status status="PASS" starttime="20220801 16:42:49.369" endtime="20220801 16:42:49.370"/>
</kw>
<kw name="Set Global Variable" library="BuiltIn">
<arg>${payload}</arg>
<doc>Makes a variable available globally in all tests and suites.</doc>
<msg timestamp="20220801 16:42:49.371" level="INFO">${payload} = {'email': 'testedeusuario@qa.com.br', 'password': 'teste'}</msg>
<status status="PASS" starttime="20220801 16:42:49.371" endtime="20220801 16:42:49.371"/>
</kw>
<kw name="POST Endpoint /login" library="login_keywords">
<kw name="POST On Session" library="RequestsLibrary">
<var>${response}</var>
<arg>serverest</arg>
<arg>/login</arg>
<arg>json=&amp;{payload}</arg>
<arg>expected_status=anything</arg>
<doc>Sends a POST request on a previously created HTTP Session.</doc>
<msg timestamp="20220801 16:42:49.377" level="INFO">POST Request : url=http://localhost:3000/login 
 path_url=/login 
 headers={'User-Agent': 'python-requests/2.28.1', 'Accept-Encoding': 'gzip, deflate', 'Accept': '*/*', 'Connection': 'keep-alive', 'Content-Length': '58', 'Content-Type': 'application/json'} 
 body=b'{"email": "testedeusuario@qa.com.br", "password": "teste"}' 
 </msg>
<msg timestamp="20220801 16:42:49.377" level="INFO">POST Response : url=http://localhost:3000/login 
 status=200, reason=OK 
 headers={'Access-Control-Allow-Origin': '*', 'x-dns-prefetch-control': 'off', 'x-frame-options': 'SAMEORIGIN', 'strict-transport-security': 'max-age=15552000; includeSubDomains', 'x-download-options': 'noopen', 'x-content-type-options': 'nosniff', 'x-xss-protection': '1; mode=block', 'x-moesif-transaction-id': 'fd885c75-04ad-41f2-bee0-0e3cb1a91f09', 'Content-Type': 'application/json; charset=utf-8', 'Content-Length': '280', 'Date': 'Mon, 01 Aug 2022 19:42:49 GMT', 'Connection': 'keep-alive', 'Keep-Alive': 'timeout=5'} 
 body={
    "message": "Login realizado com sucesso",
    "authorization": "Bearer eyJhbGciOiJIUzI1NiIsInR5cCI6IkpXVCJ9.eyJlbWFpbCI6InRlc3RlZGV1c3VhcmlvQHFhLmNvbS5iciIsInBhc3N3b3JkIjoidGVzdGUiLCJpYXQiOjE2NTkzODI5NjksImV4cCI6MTY1OTM4MzU2OX0.meByKLNngTJAdgP9BpLu0649uTGYWKHl8PUEDhvp7Lo"
} 
 </msg>
<msg timestamp="20220801 16:42:49.377" level="INFO">${response} = &lt;Response [200]&gt;</msg>
<status status="PASS" starttime="20220801 16:42:49.372" endtime="20220801 16:42:49.377"/>
</kw>
<if>
<branch type="IF" condition="${response.status_code} == 200">
<kw name="Set Variable" library="BuiltIn">
<var>${token_auth}</var>
<arg>${response.json()["authorization"]}</arg>
<doc>Returns the given values which can then be assigned to a variables.</doc>
<msg timestamp="20220801 16:42:49.379" level="INFO">${token_auth} = Bearer eyJhbGciOiJIUzI1NiIsInR5cCI6IkpXVCJ9.eyJlbWFpbCI6InRlc3RlZGV1c3VhcmlvQHFhLmNvbS5iciIsInBhc3N3b3JkIjoidGVzdGUiLCJpYXQiOjE2NTkzODI5NjksImV4cCI6MTY1OTM4MzU2OX0.meByKLNngTJAdgP9BpLu0649uTGYWKHl8PUE...</msg>
<status status="PASS" starttime="20220801 16:42:49.378" endtime="20220801 16:42:49.379"/>
</kw>
<kw name="Set Global Variable" library="BuiltIn">
<arg>${token_auth}</arg>
<doc>Makes a variable available globally in all tests and suites.</doc>
<msg timestamp="20220801 16:42:49.380" level="INFO">${token_auth} = Bearer eyJhbGciOiJIUzI1NiIsInR5cCI6IkpXVCJ9.eyJlbWFpbCI6InRlc3RlZGV1c3VhcmlvQHFhLmNvbS5iciIsInBhc3N3b3JkIjoidGVzdGUiLCJpYXQiOjE2NTkzODI5NjksImV4cCI6MTY1OTM4MzU2OX0.meByKLNngTJAdgP9BpLu0649uTGYWKHl8PUE...</msg>
<status status="PASS" starttime="20220801 16:42:49.379" endtime="20220801 16:42:49.380"/>
</kw>
<status status="PASS" starttime="20220801 16:42:49.378" endtime="20220801 16:42:49.380"/>
</branch>
<status status="PASS" starttime="20220801 16:42:49.377" endtime="20220801 16:42:49.380"/>
</if>
<kw name="Set Global Variable" library="BuiltIn">
<arg>${response}</arg>
<doc>Makes a variable available globally in all tests and suites.</doc>
<msg timestamp="20220801 16:42:49.380" level="INFO">${response} = &lt;Response [200]&gt;</msg>
<status status="PASS" starttime="20220801 16:42:49.380" endtime="20220801 16:42:49.381"/>
</kw>
<status status="PASS" starttime="20220801 16:42:49.371" endtime="20220801 16:42:49.381"/>
</kw>
<status status="PASS" starttime="20220801 16:42:49.366" endtime="20220801 16:42:49.381"/>
</kw>
<kw name="DELETE Endpoint /usuarios" library="user_keywords">
<kw name="DELETE On Session" library="RequestsLibrary">
<var>${response}</var>
<arg>serverest</arg>
<arg>/usuarios/${user_id}</arg>
<arg>expected_status=anything</arg>
<doc>Sends a DELETE request on a previously created HTTP Session.</doc>
<msg timestamp="20220801 16:42:49.388" level="INFO">DELETE Request : url=http://localhost:3000/usuarios/ufUKKTNgKOvGx3Yg 
 path_url=/usuarios/ufUKKTNgKOvGx3Yg 
 headers={'User-Agent': 'python-requests/2.28.1', 'Accept-Encoding': 'gzip, deflate', 'Accept': '*/*', 'Connection': 'keep-alive', 'Content-Length': '0'} 
 body=None 
 </msg>
<msg timestamp="20220801 16:42:49.388" level="INFO">DELETE Response : url=http://localhost:3000/usuarios/ufUKKTNgKOvGx3Yg 
 status=200, reason=OK 
 headers={'Access-Control-Allow-Origin': '*', 'x-dns-prefetch-control': 'off', 'x-frame-options': 'SAMEORIGIN', 'strict-transport-security': 'max-age=15552000; includeSubDomains', 'x-download-options': 'noopen', 'x-content-type-options': 'nosniff', 'x-xss-protection': '1; mode=block', 'x-moesif-transaction-id': 'db90e7d5-fb18-4869-a92e-e48cefa323af', 'Content-Type': 'application/json; charset=utf-8', 'Content-Length': '51', 'Date': 'Mon, 01 Aug 2022 19:42:49 GMT', 'Connection': 'keep-alive', 'Keep-Alive': 'timeout=5'} 
 body={
    "message": "Registro excluído com sucesso"
} 
 </msg>
<msg timestamp="20220801 16:42:49.388" level="INFO">${response} = &lt;Response [200]&gt;</msg>
<status status="PASS" starttime="20220801 16:42:49.382" endtime="20220801 16:42:49.388"/>
</kw>
<kw name="Set Global Variable" library="BuiltIn">
<arg>${response}</arg>
<doc>Makes a variable available globally in all tests and suites.</doc>
<msg timestamp="20220801 16:42:49.389" level="INFO">${response} = &lt;Response [200]&gt;</msg>
<status status="PASS" starttime="20220801 16:42:49.388" endtime="20220801 16:42:49.389"/>
</kw>
<status status="PASS" starttime="20220801 16:42:49.381" endtime="20220801 16:42:49.389"/>
</kw>
<kw name="POST Cadastro Produto Estatico Valido" library="produtos_keywords">
<kw name="Importar Json Estatico" library="common">
<var>${json}</var>
<arg>massa_produtos.json</arg>
<kw name="Get File" library="OperatingSystem">
<var>${arquivo}</var>
<arg>${EXECDIR}/support/fixtures/estatic/${nome_arquivo}</arg>
<doc>Returns the contents of a specified file.</doc>
<msg timestamp="20220801 16:42:49.391" level="INFO" html="true">Getting file '&lt;a href="file:///home/neybackes/Documentos/Robotron_NeyBackes_ProjetoFInal/support/fixtures/estatic/massa_produtos.json"&gt;/home/neybackes/Documentos/Robotron_NeyBackes_ProjetoFInal/support/fixtures/estatic/massa_produtos.json&lt;/a&gt;'.</msg>
<msg timestamp="20220801 16:42:49.391" level="INFO">${arquivo} = {
    "produto_para_cadastro":{
        "nome": "Ideapad S145",
        "preco": 2000,
        "descricao": "Nootbook",
        "quantidade": 400
    },
    "produto_para_alteracao":{
        "nome": ...</msg>
<status status="PASS" starttime="20220801 16:42:49.391" endtime="20220801 16:42:49.391"/>
</kw>
<kw name="Evaluate" library="BuiltIn">
<var>${data}</var>
<arg>json.loads('''${arquivo}''')</arg>
<arg>json</arg>
<doc>Evaluates the given expression in Python and returns the result.</doc>
<msg timestamp="20220801 16:42:49.392" level="INFO">${data} = {'produto_para_cadastro': {'nome': 'Ideapad S145', 'preco': 2000, 'descricao': 'Nootbook', 'quantidade': 400}, 'produto_para_alteracao': {'nome': 'Xbox One', 'preco': 1500, 'descricao': 'Console', 'qu...</msg>
<status status="PASS" starttime="20220801 16:42:49.392" endtime="20220801 16:42:49.392"/>
</kw>
<msg timestamp="20220801 16:42:49.393" level="INFO">${json} = {'produto_para_cadastro': {'nome': 'Ideapad S145', 'preco': 2000, 'descricao': 'Nootbook', 'quantidade': 400}, 'produto_para_alteracao': {'nome': 'Xbox One', 'preco': 1500, 'descricao': 'Console', 'qu...</msg>
<status status="PASS" starttime="20220801 16:42:49.390" endtime="20220801 16:42:49.393"/>
</kw>
<kw name="Set Variable" library="BuiltIn">
<var>${payload}</var>
<arg>${json["produto_para_cadastro"]}</arg>
<doc>Returns the given values which can then be assigned to a variables.</doc>
<msg timestamp="20220801 16:42:49.394" level="INFO">${payload} = {'nome': 'Ideapad S145', 'preco': 2000, 'descricao': 'Nootbook', 'quantidade': 400}</msg>
<status status="PASS" starttime="20220801 16:42:49.393" endtime="20220801 16:42:49.395"/>
</kw>
<kw name="Set Global Variable" library="BuiltIn">
<arg>${payload}</arg>
<doc>Makes a variable available globally in all tests and suites.</doc>
<msg timestamp="20220801 16:42:49.396" level="INFO">${payload} = {'nome': 'Ideapad S145', 'preco': 2000, 'descricao': 'Nootbook', 'quantidade': 400}</msg>
<status status="PASS" starttime="20220801 16:42:49.395" endtime="20220801 16:42:49.396"/>
</kw>
<kw name="POST Endpoint Produtos" library="produtos_keywords">
<kw name="Create Dictionary" library="BuiltIn">
<var>${header}</var>
<arg>Authorization=${token_auth}</arg>
<doc>Creates and returns a dictionary based on the given ``items``.</doc>
<msg timestamp="20220801 16:42:49.397" level="INFO">${header} = {'Authorization': 'Bearer eyJhbGciOiJIUzI1NiIsInR5cCI6IkpXVCJ9.eyJlbWFpbCI6InRlc3RlZGV1c3VhcmlvQHFhLmNvbS5iciIsInBhc3N3b3JkIjoidGVzdGUiLCJpYXQiOjE2NTkzODI5NjksImV4cCI6MTY1OTM4MzU2OX0.meByKLNngTJAdgP9B...</msg>
<status status="PASS" starttime="20220801 16:42:49.396" endtime="20220801 16:42:49.397"/>
</kw>
<kw name="POST On Session" library="RequestsLibrary">
<var>${response}</var>
<arg>serverest</arg>
<arg>/produtos</arg>
<arg>json=${payload}</arg>
<arg>headers=${header}</arg>
<arg>expected_status=anything</arg>
<doc>Sends a POST request on a previously created HTTP Session.</doc>
<msg timestamp="20220801 16:42:49.404" level="INFO">POST Request : url=http://localhost:3000/produtos 
 path_url=/produtos 
 headers={'User-Agent': 'python-requests/2.28.1', 'Accept-Encoding': 'gzip, deflate', 'Accept': '*/*', 'Connection': 'keep-alive', 'Authorization': 'Bearer eyJhbGciOiJIUzI1NiIsInR5cCI6IkpXVCJ9.eyJlbWFpbCI6InRlc3RlZGV1c3VhcmlvQHFhLmNvbS5iciIsInBhc3N3b3JkIjoidGVzdGUiLCJpYXQiOjE2NTkzODI5NjksImV4cCI6MTY1OTM4MzU2OX0.meByKLNngTJAdgP9BpLu0649uTGYWKHl8PUEDhvp7Lo', 'Content-Length': '83', 'Content-Type': 'application/json'} 
 body=b'{"nome": "Ideapad S145", "preco": 2000, "descricao": "Nootbook", "quantidade": 400}' 
 </msg>
<msg timestamp="20220801 16:42:49.404" level="INFO">POST Response : url=http://localhost:3000/produtos 
 status=401, reason=Unauthorized 
 headers={'Access-Control-Allow-Origin': '*', 'x-dns-prefetch-control': 'off', 'x-frame-options': 'SAMEORIGIN', 'strict-transport-security': 'max-age=15552000; includeSubDomains', 'x-download-options': 'noopen', 'x-content-type-options': 'nosniff', 'x-xss-protection': '1; mode=block', 'x-moesif-transaction-id': 'ddbfa905-a376-49c3-b349-1ed715c840ab', 'Content-Type': 'application/json; charset=utf-8', 'Content-Length': '103', 'Date': 'Mon, 01 Aug 2022 19:42:49 GMT', 'Connection': 'keep-alive', 'Keep-Alive': 'timeout=5'} 
 body={
    "message": "Token de acesso ausente, inválido, expirado ou usuário do token não existe mais"
} 
 </msg>
<msg timestamp="20220801 16:42:49.404" level="INFO">${response} = &lt;Response [401]&gt;</msg>
<status status="PASS" starttime="20220801 16:42:49.397" endtime="20220801 16:42:49.404"/>
</kw>
<kw name="Set Global Variable" library="BuiltIn">
<arg>${response}</arg>
<doc>Makes a variable available globally in all tests and suites.</doc>
<msg timestamp="20220801 16:42:49.405" level="INFO">${response} = &lt;Response [401]&gt;</msg>
<status status="PASS" starttime="20220801 16:42:49.404" endtime="20220801 16:42:49.405"/>
</kw>
<if>
<branch type="IF" condition="${response.status_code} == 201">
<kw name="Set Variable" library="BuiltIn">
<var>${produto_id}</var>
<arg>${response.json()["_id"]}</arg>
<doc>Returns the given values which can then be assigned to a variables.</doc>
<status status="NOT RUN" starttime="20220801 16:42:49.406" endtime="20220801 16:42:49.406"/>
</kw>
<kw name="Set Global Variable" library="BuiltIn">
<arg>${produto_id}</arg>
<doc>Makes a variable available globally in all tests and suites.</doc>
<status status="NOT RUN" starttime="20220801 16:42:49.406" endtime="20220801 16:42:49.406"/>
</kw>
<status status="NOT RUN" starttime="20220801 16:42:49.406" endtime="20220801 16:42:49.406"/>
</branch>
<status status="PASS" starttime="20220801 16:42:49.405" endtime="20220801 16:42:49.406"/>
</if>
<status status="PASS" starttime="20220801 16:42:49.396" endtime="20220801 16:42:49.406"/>
</kw>
<status status="PASS" starttime="20220801 16:42:49.389" endtime="20220801 16:42:49.406"/>
</kw>
<kw name="Imprimir Produto Response.Content" library="produtos_keywords">
<if>
<branch type="IF" condition="${response.status_code} == 200 or ${response.status_code} == 201">
<kw name="Log To Console" library="BuiltIn">
<arg>${yellow}Resposta para Cadastro de Produto:${yellow} ${green}${response.content}${green}</arg>
<doc>Logs the given message to the console.</doc>
<status status="NOT RUN" starttime="20220801 16:42:49.409" endtime="20220801 16:42:49.409"/>
</kw>
<status status="NOT RUN" starttime="20220801 16:42:49.408" endtime="20220801 16:42:49.409"/>
</branch>
<branch type="ELSE">
<kw name="Log To Console" library="BuiltIn">
<arg>${yellow}Resposta para Cadastro de Produto:${yellow} ${red}${response.content}${red}</arg>
<doc>Logs the given message to the console.</doc>
<status status="PASS" starttime="20220801 16:42:49.409" endtime="20220801 16:42:49.410"/>
</kw>
<status status="PASS" starttime="20220801 16:42:49.409" endtime="20220801 16:42:49.410"/>
</branch>
<status status="PASS" starttime="20220801 16:42:49.407" endtime="20220801 16:42:49.410"/>
</if>
<status status="PASS" starttime="20220801 16:42:49.407" endtime="20220801 16:42:49.410"/>
</kw>
<kw name="Resposta Produto Cadastrado Usuario excluido" library="produtos_keywords">
<kw name="Should Contain" library="BuiltIn">
<arg>${response.json()["message"]}</arg>
[...]
<status status="PASS" starttime="20220801 16:42:50.333" endtime="20220801 16:42:50.335"/>
</kw>
<kw name="Set Variable" library="BuiltIn">
<var>${payload}</var>
<arg>${json["user_estatico_para_cadastro"]}</arg>
<doc>Returns the given values which can then be assigned to a variables.</doc>
<msg timestamp="20220801 16:42:50.336" level="INFO">${payload} = {'nome': 'teste', 'email': 'testedeusuario@qa.com.br', 'password': 'teste', 'administrador': 'false'}</msg>
<status status="PASS" starttime="20220801 16:42:50.335" endtime="20220801 16:42:50.336"/>
</kw>
<kw name="Set Global Variable" library="BuiltIn">
<arg>${payload}</arg>
<doc>Makes a variable available globally in all tests and suites.</doc>
<msg timestamp="20220801 16:42:50.336" level="INFO">${payload} = {'nome': 'teste', 'email': 'testedeusuario@qa.com.br', 'password': 'teste', 'administrador': 'false'}</msg>
<status status="PASS" starttime="20220801 16:42:50.336" endtime="20220801 16:42:50.336"/>
</kw>
<kw name="POST Endpoint /usuarios" library="user_keywords">
<kw name="POST On Session" library="RequestsLibrary">
<var>${response}</var>
<arg>serverest</arg>
<arg>/usuarios</arg>
<arg>json=&amp;{payload}</arg>
<arg>expected_status=anything</arg>
<doc>Sends a POST request on a previously created HTTP Session.</doc>
<msg timestamp="20220801 16:42:50.342" level="INFO">POST Request : url=http://localhost:3000/usuarios 
 path_url=/usuarios 
 headers={'User-Agent': 'python-requests/2.28.1', 'Accept-Encoding': 'gzip, deflate', 'Accept': '*/*', 'Connection': 'keep-alive', 'Content-Length': '101', 'Content-Type': 'application/json'} 
 body=b'{"nome": "teste", "email": "testedeusuario@qa.com.br", "password": "teste", "administrador": "false"}' 
 </msg>
<msg timestamp="20220801 16:42:50.342" level="INFO">POST Response : url=http://localhost:3000/usuarios 
 status=201, reason=Created 
 headers={'Access-Control-Allow-Origin': '*', 'x-dns-prefetch-control': 'off', 'x-frame-options': 'SAMEORIGIN', 'strict-transport-security': 'max-age=15552000; includeSubDomains', 'x-download-options': 'noopen', 'x-content-type-options': 'nosniff', 'x-xss-protection': '1; mode=block', 'x-moesif-transaction-id': '114cf1b8-ad80-446f-8ebe-01139a60343c', 'Content-Type': 'application/json; charset=utf-8', 'Content-Length': '82', 'Date': 'Mon, 01 Aug 2022 19:42:50 GMT', 'Connection': 'keep-alive', 'Keep-Alive': 'timeout=5'} 
 body={
    "message": "Cadastro realizado com sucesso",
    "_id": "Cmxm9k5zSX4kyrEg"
} 
 </msg>
<msg timestamp="20220801 16:42:50.342" level="INFO">${response} = &lt;Response [201]&gt;</msg>
<status status="PASS" starttime="20220801 16:42:50.337" endtime="20220801 16:42:50.342"/>
</kw>
<kw name="Set Global Variable" library="BuiltIn">
<arg>${response}</arg>
<doc>Makes a variable available globally in all tests and suites.</doc>
<msg timestamp="20220801 16:42:50.343" level="INFO">${response} = &lt;Response [201]&gt;</msg>
<status status="PASS" starttime="20220801 16:42:50.343" endtime="20220801 16:42:50.343"/>
</kw>
<if>
<branch type="IF" condition="${response.status_code} == 201">
<kw name="Set Variable" library="BuiltIn">
<var>${user_id}</var>
<arg>${response.json()["_id"]}</arg>
<doc>Returns the given values which can then be assigned to a variables.</doc>
<msg timestamp="20220801 16:42:50.345" level="INFO">${user_id} = Cmxm9k5zSX4kyrEg</msg>
<status status="PASS" starttime="20220801 16:42:50.344" endtime="20220801 16:42:50.345"/>
</kw>
<kw name="Set Global Variable" library="BuiltIn">
<arg>${user_id}</arg>
<doc>Makes a variable available globally in all tests and suites.</doc>
<msg timestamp="20220801 16:42:50.346" level="INFO">${user_id} = Cmxm9k5zSX4kyrEg</msg>
<status status="PASS" starttime="20220801 16:42:50.345" endtime="20220801 16:42:50.346"/>
</kw>
<status status="PASS" starttime="20220801 16:42:50.344" endtime="20220801 16:42:50.346"/>
</branch>
<status status="PASS" starttime="20220801 16:42:50.343" endtime="20220801 16:42:50.346"/>
</if>
<status status="PASS" starttime="20220801 16:42:50.336" endtime="20220801 16:42:50.346"/>
</kw>
<status status="PASS" starttime="20220801 16:42:50.332" endtime="20220801 16:42:50.346"/>
</kw>
<kw name="POST Login Usuario Excluido" library="login_keywords">
<kw name="Importar Json Estatico" library="common">
<var>${json}</var>
<arg>massa_login.json</arg>
<kw name="Get File" library="OperatingSystem">
<var>${arquivo}</var>
<arg>${EXECDIR}/support/fixtures/estatic/${nome_arquivo}</arg>
<doc>Returns the contents of a specified file.</doc>
<msg timestamp="20220801 16:42:50.348" level="INFO" html="true">Getting file '&lt;a href="file:///home/neybackes/Documentos/Robotron_NeyBackes_ProjetoFInal/support/fixtures/estatic/massa_login.json"&gt;/home/neybackes/Documentos/Robotron_NeyBackes_ProjetoFInal/support/fixtures/estatic/massa_login.json&lt;/a&gt;'.</msg>
<msg timestamp="20220801 16:42:50.348" level="INFO">${arquivo} = {
    "login_valido":{
        "email":"fulano@qa.com.br",
        "password":"teste"
    },
    "login_adm_false":{
        "email":"fulano@qa.com",
        "password":"teste"
    },
    "login_usuar...</msg>
<status status="PASS" starttime="20220801 16:42:50.347" endtime="20220801 16:42:50.348"/>
</kw>
<kw name="Evaluate" library="BuiltIn">
<var>${data}</var>
<arg>json.loads('''${arquivo}''')</arg>
<arg>json</arg>
<doc>Evaluates the given expression in Python and returns the result.</doc>
<msg timestamp="20220801 16:42:50.349" level="INFO">${data} = {'login_valido': {'email': 'fulano@qa.com.br', 'password': 'teste'}, 'login_adm_false': {'email': 'fulano@qa.com', 'password': 'teste'}, 'login_usuario_excluido': {'email': 'testedeusuario@qa.com.br',...</msg>
<status status="PASS" starttime="20220801 16:42:50.349" endtime="20220801 16:42:50.349"/>
</kw>
<msg timestamp="20220801 16:42:50.350" level="INFO">${json} = {'login_valido': {'email': 'fulano@qa.com.br', 'password': 'teste'}, 'login_adm_false': {'email': 'fulano@qa.com', 'password': 'teste'}, 'login_usuario_excluido': {'email': 'testedeusuario@qa.com.br',...</msg>
<status status="PASS" starttime="20220801 16:42:50.347" endtime="20220801 16:42:50.350"/>
</kw>
<kw name="Set Variable" library="BuiltIn">
<var>${payload}</var>
<arg>${json["login_usuario_excluido"]}</arg>
<doc>Returns the given values which can then be assigned to a variables.</doc>
<msg timestamp="20220801 16:42:50.351" level="INFO">${payload} = {'email': 'testedeusuario@qa.com.br', 'password': 'teste'}</msg>
<status status="PASS" starttime="20220801 16:42:50.350" endtime="20220801 16:42:50.351"/>
</kw>
<kw name="Set Global Variable" library="BuiltIn">
<arg>${payload}</arg>
<doc>Makes a variable available globally in all tests and suites.</doc>
<msg timestamp="20220801 16:42:50.351" level="INFO">${payload} = {'email': 'testedeusuario@qa.com.br', 'password': 'teste'}</msg>
<status status="PASS" starttime="20220801 16:42:50.351" endtime="20220801 16:42:50.351"/>
</kw>
<kw name="POST Endpoint /login" library="login_keywords">
<kw name="POST On Session" library="RequestsLibrary">
<var>${response}</var>
<arg>serverest</arg>
<arg>/login</arg>
<arg>json=&amp;{payload}</arg>
<arg>expected_status=anything</arg>
<doc>Sends a POST request on a previously created HTTP Session.</doc>
<msg timestamp="20220801 16:42:50.357" level="INFO">POST Request : url=http://localhost:3000/login 
 path_url=/login 
 headers={'User-Agent': 'python-requests/2.28.1', 'Accept-Encoding': 'gzip, deflate', 'Accept': '*/*', 'Connection': 'keep-alive', 'Content-Length': '58', 'Content-Type': 'application/json'} 
 body=b'{"email": "testedeusuario@qa.com.br", "password": "teste"}' 
 </msg>
<msg timestamp="20220801 16:42:50.357" level="INFO">POST Response : url=http://localhost:3000/login 
 status=200, reason=OK 
 headers={'Access-Control-Allow-Origin': '*', 'x-dns-prefetch-control': 'off', 'x-frame-options': 'SAMEORIGIN', 'strict-transport-security': 'max-age=15552000; includeSubDomains', 'x-download-options': 'noopen', 'x-content-type-options': 'nosniff', 'x-xss-protection': '1; mode=block', 'x-moesif-transaction-id': 'c77db621-8160-4c27-a669-205c82b9c5b9', 'Content-Type': 'application/json; charset=utf-8', 'Content-Length': '280', 'Date': 'Mon, 01 Aug 2022 19:42:50 GMT', 'Connection': 'keep-alive', 'Keep-Alive': 'timeout=5'} 
 body={
    "message": "Login realizado com sucesso",
    "authorization": "Bearer eyJhbGciOiJIUzI1NiIsInR5cCI6IkpXVCJ9.eyJlbWFpbCI6InRlc3RlZGV1c3VhcmlvQHFhLmNvbS5iciIsInBhc3N3b3JkIjoidGVzdGUiLCJpYXQiOjE2NTkzODI5NzAsImV4cCI6MTY1OTM4MzU3MH0.4tR3s12NORQXd1rXwfhuBA4Orcu9_rCnIQ8Nf2L___E"
} 
 </msg>
<msg timestamp="20220801 16:42:50.357" level="INFO">${response} = &lt;Response [200]&gt;</msg>
<status status="PASS" starttime="20220801 16:42:50.352" endtime="20220801 16:42:50.358"/>
</kw>
<if>
<branch type="IF" condition="${response.status_code} == 200">
<kw name="Set Variable" library="BuiltIn">
<var>${token_auth}</var>
<arg>${response.json()["authorization"]}</arg>
<doc>Returns the given values which can then be assigned to a variables.</doc>
<msg timestamp="20220801 16:42:50.360" level="INFO">${token_auth} = Bearer eyJhbGciOiJIUzI1NiIsInR5cCI6IkpXVCJ9.eyJlbWFpbCI6InRlc3RlZGV1c3VhcmlvQHFhLmNvbS5iciIsInBhc3N3b3JkIjoidGVzdGUiLCJpYXQiOjE2NTkzODI5NzAsImV4cCI6MTY1OTM4MzU3MH0.4tR3s12NORQXd1rXwfhuBA4Orcu9_rCnIQ8N...</msg>
<status status="PASS" starttime="20220801 16:42:50.359" endtime="20220801 16:42:50.360"/>
</kw>
<kw name="Set Global Variable" library="BuiltIn">
<arg>${token_auth}</arg>
<doc>Makes a variable available globally in all tests and suites.</doc>
<msg timestamp="20220801 16:42:50.361" level="INFO">${token_auth} = Bearer eyJhbGciOiJIUzI1NiIsInR5cCI6IkpXVCJ9.eyJlbWFpbCI6InRlc3RlZGV1c3VhcmlvQHFhLmNvbS5iciIsInBhc3N3b3JkIjoidGVzdGUiLCJpYXQiOjE2NTkzODI5NzAsImV4cCI6MTY1OTM4MzU3MH0.4tR3s12NORQXd1rXwfhuBA4Orcu9_rCnIQ8N...</msg>
<status status="PASS" starttime="20220801 16:42:50.360" endtime="20220801 16:42:50.361"/>
</kw>
<status status="PASS" starttime="20220801 16:42:50.358" endtime="20220801 16:42:50.361"/>
</branch>
<status status="PASS" starttime="20220801 16:42:50.358" endtime="20220801 16:42:50.361"/>
</if>
<kw name="Set Global Variable" library="BuiltIn">
<arg>${response}</arg>
<doc>Makes a variable available globally in all tests and suites.</doc>
<msg timestamp="20220801 16:42:50.361" level="INFO">${response} = &lt;Response [200]&gt;</msg>
<status status="PASS" starttime="20220801 16:42:50.361" endtime="20220801 16:42:50.361"/>
</kw>
<status status="PASS" starttime="20220801 16:42:50.352" endtime="20220801 16:42:50.362"/>
</kw>
<status status="PASS" starttime="20220801 16:42:50.346" endtime="20220801 16:42:50.362"/>
</kw>
<kw name="DELETE Endpoint /usuarios" library="user_keywords">
<kw name="DELETE On Session" library="RequestsLibrary">
<var>${response}</var>
<arg>serverest</arg>
<arg>/usuarios/${user_id}</arg>
<arg>expected_status=anything</arg>
<doc>Sends a DELETE request on a previously created HTTP Session.</doc>
<msg timestamp="20220801 16:42:50.367" level="INFO">DELETE Request : url=http://localhost:3000/usuarios/Cmxm9k5zSX4kyrEg 
 path_url=/usuarios/Cmxm9k5zSX4kyrEg 
 headers={'User-Agent': 'python-requests/2.28.1', 'Accept-Encoding': 'gzip, deflate', 'Accept': '*/*', 'Connection': 'keep-alive', 'Content-Length': '0'} 
 body=None 
 </msg>
<msg timestamp="20220801 16:42:50.367" level="INFO">DELETE Response : url=http://localhost:3000/usuarios/Cmxm9k5zSX4kyrEg 
 status=200, reason=OK 
 headers={'Access-Control-Allow-Origin': '*', 'x-dns-prefetch-control': 'off', 'x-frame-options': 'SAMEORIGIN', 'strict-transport-security': 'max-age=15552000; includeSubDomains', 'x-download-options': 'noopen', 'x-content-type-options': 'nosniff', 'x-xss-protection': '1; mode=block', 'x-moesif-transaction-id': '43e660f4-05d3-4949-9cdb-638675a0f4fc', 'Content-Type': 'application/json; charset=utf-8', 'Content-Length': '51', 'Date': 'Mon, 01 Aug 2022 19:42:50 GMT', 'Connection': 'keep-alive', 'Keep-Alive': 'timeout=5'} 
 body={
    "message": "Registro excluído com sucesso"
} 
 </msg>
<msg timestamp="20220801 16:42:50.368" level="INFO">${response} = &lt;Response [200]&gt;</msg>
<status status="PASS" starttime="20220801 16:42:50.362" endtime="20220801 16:42:50.368"/>
</kw>
<kw name="Set Global Variable" library="BuiltIn">
<arg>${response}</arg>
<doc>Makes a variable available globally in all tests and suites.</doc>
<msg timestamp="20220801 16:42:50.368" level="INFO">${response} = &lt;Response [200]&gt;</msg>
<status status="PASS" starttime="20220801 16:42:50.368" endtime="20220801 16:42:50.369"/>
</kw>
<status status="PASS" starttime="20220801 16:42:50.362" endtime="20220801 16:42:50.369"/>
</kw>
<kw name="DELETE Endpoint /produtos Carrinho Cadastrado" library="produtos_keywords">
<kw name="Create Dictionary" library="BuiltIn">
<var>${header}</var>
<arg>Authorization=${token_auth}</arg>
<doc>Creates and returns a dictionary based on the given ``items``.</doc>
<msg timestamp="20220801 16:42:50.370" level="INFO">${header} = {'Authorization': 'Bearer eyJhbGciOiJIUzI1NiIsInR5cCI6IkpXVCJ9.eyJlbWFpbCI6InRlc3RlZGV1c3VhcmlvQHFhLmNvbS5iciIsInBhc3N3b3JkIjoidGVzdGUiLCJpYXQiOjE2NTkzODI5NzAsImV4cCI6MTY1OTM4MzU3MH0.4tR3s12NORQXd1rXw...</msg>
<status status="PASS" starttime="20220801 16:42:50.369" endtime="20220801 16:42:50.370"/>
</kw>
<kw name="Buscar Produto" library="library_python">
<var>${json}</var>
<msg timestamp="20220801 16:42:50.376" level="INFO">${json} = BeeJh5lz3k6kSIzA</msg>
<status status="PASS" starttime="20220801 16:42:50.371" endtime="20220801 16:42:50.376"/>
</kw>
<kw name="DELETE On Session" library="RequestsLibrary">
<var>${response}</var>
<arg>serverest</arg>
<arg>/produtos/${json}</arg>
<arg>headers=${header}</arg>
<arg>expected_status=anything</arg>
<doc>Sends a DELETE request on a previously created HTTP Session.</doc>
<msg timestamp="20220801 16:42:50.381" level="INFO">DELETE Request : url=http://localhost:3000/produtos/BeeJh5lz3k6kSIzA 
 path_url=/produtos/BeeJh5lz3k6kSIzA 
 headers={'User-Agent': 'python-requests/2.28.1', 'Accept-Encoding': 'gzip, deflate', 'Accept': '*/*', 'Connection': 'keep-alive', 'Authorization': 'Bearer eyJhbGciOiJIUzI1NiIsInR5cCI6IkpXVCJ9.eyJlbWFpbCI6InRlc3RlZGV1c3VhcmlvQHFhLmNvbS5iciIsInBhc3N3b3JkIjoidGVzdGUiLCJpYXQiOjE2NTkzODI5NzAsImV4cCI6MTY1OTM4MzU3MH0.4tR3s12NORQXd1rXwfhuBA4Orcu9_rCnIQ8Nf2L___E', 'Content-Length': '0'} 
 body=None 
 </msg>
<msg timestamp="20220801 16:42:50.381" level="INFO">DELETE Response : url=http://localhost:3000/produtos/BeeJh5lz3k6kSIzA 
 status=401, reason=Unauthorized 
 headers={'Access-Control-Allow-Origin': '*', 'x-dns-prefetch-control': 'off', 'x-frame-options': 'SAMEORIGIN', 'strict-transport-security': 'max-age=15552000; includeSubDomains', 'x-download-options': 'noopen', 'x-content-type-options': 'nosniff', 'x-xss-protection': '1; mode=block', 'x-moesif-transaction-id': '8379b322-6c84-483e-a1df-7e5d5a808d4b', 'Content-Type': 'application/json; charset=utf-8', 'Content-Length': '103', 'Date': 'Mon, 01 Aug 2022 19:42:50 GMT', 'Connection': 'keep-alive', 'Keep-Alive': 'timeout=5'} 
 body={
    "message": "Token de acesso ausente, inválido, expirado ou usuário do token não existe mais"
} 
 </msg>
<msg timestamp="20220801 16:42:50.381" level="INFO">${response} = &lt;Response [401]&gt;</msg>
<status status="PASS" starttime="20220801 16:42:50.376" endtime="20220801 16:42:50.381"/>
</kw>
<kw name="Set Global Variable" library="BuiltIn">
<arg>${response}</arg>
<doc>Makes a variable available globally in all tests and suites.</doc>
<msg timestamp="20220801 16:42:50.382" level="INFO">${response} = &lt;Response [401]&gt;</msg>
<status status="PASS" starttime="20220801 16:42:50.381" endtime="20220801 16:42:50.382"/>
</kw>
<status status="PASS" starttime="20220801 16:42:50.369" endtime="20220801 16:42:50.382"/>
</kw>
<kw name="Imprimir Delete Produto Response.Content" library="produtos_keywords">
<kw name="Log To Console" library="BuiltIn">
<arg>${yellow}Resposta para Produto Deletado:${yellow} ${red}${response.content}${red}</arg>
<doc>Logs the given message to the console.</doc>
<status status="PASS" starttime="20220801 16:42:50.383" endtime="20220801 16:42:50.385"/>
</kw>
<status status="PASS" starttime="20220801 16:42:50.382" endtime="20220801 16:42:50.385"/>
</kw>
<kw name="Resposta Produto Cadastrado Usuario excluido" library="produtos_keywords">
<kw name="Should Contain" library="BuiltIn">
<arg>${response.json()["message"]}</arg>
<arg>Token de acesso ausente, inválido, expirado ou usuário do token não existe mais</arg>
<doc>Fails if ``container`` does not contain ``item`` one or more times.</doc>
<status status="PASS" starttime="20220801 16:42:50.386" endtime="20220801 16:42:50.388"/>
</kw>
<status status="PASS" starttime="20220801 16:42:50.385" endtime="20220801 16:42:50.388"/>
</kw>
<kw name="validar Status Code &quot;401&quot;" library="common" sourcename="validar Status Code &quot;${statuscode}&quot;">
<kw name="Should Be True" library="BuiltIn">
<arg>${response.status_code} == ${status_code}</arg>
<doc>Fails if the given condition is not true.</doc>
<status status="PASS" starttime="20220801 16:42:50.390" endtime="20220801 16:42:50.392"/>
</kw>
<if>
<branch type="IF" condition="${response.status_code} == 200 or ${response.status_code} == 201">
<kw name="Log To Console" library="BuiltIn">
<arg>${yellow}Status Code Retornado:${yellow} ${green}${response.status_code}${green}</arg>
<doc>Logs the given message to the console.</doc>
<status status="NOT RUN" starttime="20220801 16:42:50.394" endtime="20220801 16:42:50.394"/>
</kw>
<status status="NOT RUN" starttime="20220801 16:42:50.394" endtime="20220801 16:42:50.394"/>
</branch>
<branch type="ELSE">
<kw name="Log To Console" library="BuiltIn">
<arg>${yellow}Status Code Retornado:${yellow} ${red}${response.status_code}${red}</arg>
<doc>Logs the given message to the console.</doc>
<status status="PASS" starttime="20220801 16:42:50.395" endtime="20220801 16:42:50.397"/>
</kw>
<status status="PASS" starttime="20220801 16:42:50.394" endtime="20220801 16:42:50.397"/>
</branch>
<status status="PASS" starttime="20220801 16:42:50.392" endtime="20220801 16:42:50.397"/>
</if>
<status status="PASS" starttime="20220801 16:42:50.389" endtime="20220801 16:42:50.397"/>
</kw>
<tag>DELETE_PRODUTO_TOKE_USUARIO_EXCLUIDO</tag>
<status status="PASS" starttime="20220801 16:42:50.328" endtime="20220801 16:42:50.397"/>
</test>
<doc>Arquivos de teste para o endpoint de /produtos</doc>
<status status="PASS" starttime="20220801 16:42:48.744" endtime="20220801 16:42:50.398"/>
</suite>
<statistics>
<total>
<stat pass="19" fail="0" skip="0">All Tests</stat>
</total>
<tag>
<stat pass="1" fail="0" skip="0">DELETE_PRODUTO</stat>
<stat pass="1" fail="0" skip="0">DELETE_PRODUTO_CARRINHO_CADASTRADO</stat>
<stat pass="1" fail="0" skip="0">DELETE_PRODUTO_ID_INEXISTENTE</stat>
<stat pass="1" fail="0" skip="0">DELETE_PRODUTO_TOKEN_INVALIDO</stat>
<stat pass="1" fail="0" skip="0">DELETE_PRODUTO_TOKE_USUARIO_EXCLUIDO</stat>
<stat pass="1" fail="0" skip="0">GET_PRODUTO_ID</stat>
<stat pass="1" fail="0" skip="0">GET_PRODUTO_ID_NAO_ENCONTRADO</stat>
<stat pass="1" fail="0" skip="0">GET_PRODUTOS</stat>
<stat pass="1" fail="0" skip="0">POST_PRODUTO</stat>
<stat pass="1" fail="0" skip="0">POST_PRODUTO_ADM_FALSE</stat>
<stat pass="1" fail="0" skip="0">POST_PRODUTO_TOKEN_INVALIDO</stat>
<stat pass="1" fail="0" skip="0">POST_PRODUTREPETIDO</stat>
<stat pass="1" fail="0" skip="0">POST_TOKEN_USUARIO_EXCLUIDO</stat>
<stat pass="1" fail="0" skip="0">PUT_PRODUTO</stat>
<stat pass="1" fail="0" skip="0">PUT_PRODUTO_ADM_FALSE</stat>
<stat pass="1" fail="0" skip="0">PUT_PRODUTO_NOME_REPETIDO</stat>
<stat pass="1" fail="0" skip="0">PUT_PRODUTO_SEM_ID</stat>
<stat pass="1" fail="0" skip="0">PUT_PRODUTO_TOKEN_INVALIDO</stat>
<stat pass="1" fail="0" skip="0">PUT_PRODUTO_TOKEN_USUARIO_EXCLUIDO</stat>
</tag>
<suite>
<stat pass="19" fail="0" skip="0" id="s1" name="Produtos Test">Produtos Test</stat>
</suite>
</statistics>
<errors>
</errors>
</robot>
