<?xml version="1.0" encoding="UTF-8"?>
<robot generator="Robot 5.0.1 (Python 3.10.4 on linux)" generated="20220731 23:27:41.394" rpa="false" schemaversion="3">
<suite id="s1" name="Carrinhos Test" source="/home/neybackes/Documentos/Robotron_NeyBackes_ProjetoFInal/tests/carrinhos_test.robot">
<kw name="Criar Sessao" library="common" type="SETUP">
<kw name="Create Session" library="RequestsLibrary">
<arg>serverest</arg>
<arg>${base_uri}</arg>
<doc>Create Session: create a HTTP session to a server</doc>
<msg timestamp="20220731 23:27:41.743" level="INFO">Creating Session using : alias=serverest, url=http://localhost:3000, headers={},                     cookies={}, auth=None, timeout=None, proxies=None, verify=False,                     debug=0 </msg>
<status status="PASS" starttime="20220731 23:27:41.743" endtime="20220731 23:27:41.743"/>
</kw>
<status status="PASS" starttime="20220731 23:27:41.742" endtime="20220731 23:27:41.743"/>
</kw>
<test id="s1-t1" name="Cenario: POST Carrinho 201" line="17">
<kw name="Iniciar cores de resposta" library="common">
<kw name="Evaluate" library="BuiltIn">
<var>${black}</var>
<arg>${BLACK}</arg>
<doc>Evaluates the given expression in Python and returns the result.</doc>
<msg timestamp="20220731 23:27:41.745" level="INFO">${black} = [30m</msg>
<status status="PASS" starttime="20220731 23:27:41.744" endtime="20220731 23:27:41.745"/>
</kw>
<kw name="Set Test Variable" library="BuiltIn">
<arg>${black}</arg>
<doc>Makes a variable available everywhere within the scope of the current test.</doc>
<msg timestamp="20220731 23:27:41.745" level="INFO">${black} = [30m</msg>
<status status="PASS" starttime="20220731 23:27:41.745" endtime="20220731 23:27:41.745"/>
</kw>
<kw name="Evaluate" library="BuiltIn">
<var>${red}</var>
<arg>${RED}</arg>
<doc>Evaluates the given expression in Python and returns the result.</doc>
<msg timestamp="20220731 23:27:41.745" level="INFO">${red} = [31m</msg>
<status status="PASS" starttime="20220731 23:27:41.745" endtime="20220731 23:27:41.745"/>
</kw>
<kw name="Set Test Variable" library="BuiltIn">
<arg>${red}</arg>
<doc>Makes a variable available everywhere within the scope of the current test.</doc>
<msg timestamp="20220731 23:27:41.746" level="INFO">${red} = [31m</msg>
<status status="PASS" starttime="20220731 23:27:41.745" endtime="20220731 23:27:41.746"/>
</kw>
<kw name="Evaluate" library="BuiltIn">
<var>${white}</var>
<arg>${WHITE}</arg>
<doc>Evaluates the given expression in Python and returns the result.</doc>
<msg timestamp="20220731 23:27:41.746" level="INFO">${white} = [7m</msg>
<status status="PASS" starttime="20220731 23:27:41.746" endtime="20220731 23:27:41.746"/>
</kw>
<kw name="Set Test Variable" library="BuiltIn">
<arg>${white}</arg>
<doc>Makes a variable available everywhere within the scope of the current test.</doc>
<msg timestamp="20220731 23:27:41.746" level="INFO">${white} = [7m</msg>
<status status="PASS" starttime="20220731 23:27:41.746" endtime="20220731 23:27:41.746"/>
</kw>
<kw name="Evaluate" library="BuiltIn">
<var>${yellow}</var>
<arg>${YELLOW}</arg>
<doc>Evaluates the given expression in Python and returns the result.</doc>
<msg timestamp="20220731 23:27:41.747" level="INFO">${yellow} = [33m</msg>
<status status="PASS" starttime="20220731 23:27:41.746" endtime="20220731 23:27:41.747"/>
</kw>
<kw name="Set Test Variable" library="BuiltIn">
<arg>${yellow}</arg>
<doc>Makes a variable available everywhere within the scope of the current test.</doc>
<msg timestamp="20220731 23:27:41.747" level="INFO">${yellow} = [33m</msg>
<status status="PASS" starttime="20220731 23:27:41.747" endtime="20220731 23:27:41.747"/>
</kw>
<kw name="Evaluate" library="BuiltIn">
<var>${green}</var>
<arg>${GREEN}</arg>
<doc>Evaluates the given expression in Python and returns the result.</doc>
<msg timestamp="20220731 23:27:41.747" level="INFO">${green} = [32m</msg>
<status status="PASS" starttime="20220731 23:27:41.747" endtime="20220731 23:27:41.747"/>
</kw>
<kw name="Set Test Variable" library="BuiltIn">
<arg>${green}</arg>
<doc>Makes a variable available everywhere within the scope of the current test.</doc>
<msg timestamp="20220731 23:27:41.748" level="INFO">${green} = [32m</msg>
<status status="PASS" starttime="20220731 23:27:41.747" endtime="20220731 23:27:41.748"/>
</kw>
<status status="PASS" starttime="20220731 23:27:41.744" endtime="20220731 23:27:41.748"/>
</kw>
<kw name="POST Login Estatico Valido" library="login_keywords">
<kw name="Importar Json Estatico" library="common">
<var>${json}</var>
<arg>massa_login.json</arg>
<kw name="Get File" library="OperatingSystem">
<var>${arquivo}</var>
<arg>${EXECDIR}/support/fixtures/estatic/${nome_arquivo}</arg>
<doc>Returns the contents of a specified file.</doc>
<msg timestamp="20220731 23:27:41.749" level="INFO" html="true">Getting file '&lt;a href="file:///home/neybackes/Documentos/Robotron_NeyBackes_ProjetoFInal/support/fixtures/estatic/massa_login.json"&gt;/home/neybackes/Documentos/Robotron_NeyBackes_ProjetoFInal/support/fixtures/estatic/massa_login.json&lt;/a&gt;'.</msg>
<msg timestamp="20220731 23:27:41.749" level="INFO">${arquivo} = {
    "login_valido":{
        "email":"fulano@qa.com",
        "password":"teste"
    },
    "login_adm_false":{
        "email":"novobackes@qa.com.br",
        "password":"teste"
    },
    "login_u...</msg>
<status status="PASS" starttime="20220731 23:27:41.748" endtime="20220731 23:27:41.749"/>
</kw>
<kw name="Evaluate" library="BuiltIn">
<var>${data}</var>
<arg>json.loads('''${arquivo}''')</arg>
<arg>json</arg>
<doc>Evaluates the given expression in Python and returns the result.</doc>
<msg timestamp="20220731 23:27:41.749" level="INFO">${data} = {'login_valido': {'email': 'fulano@qa.com', 'password': 'teste'}, 'login_adm_false': {'email': 'novobackes@qa.com.br', 'password': 'teste'}, 'login_usuario_excluido': {'email': 'testedeusuario@qa.com....</msg>
<status status="PASS" starttime="20220731 23:27:41.749" endtime="20220731 23:27:41.749"/>
</kw>
<msg timestamp="20220731 23:27:41.749" level="INFO">${json} = {'login_valido': {'email': 'fulano@qa.com', 'password': 'teste'}, 'login_adm_false': {'email': 'novobackes@qa.com.br', 'password': 'teste'}, 'login_usuario_excluido': {'email': 'testedeusuario@qa.com....</msg>
<status status="PASS" starttime="20220731 23:27:41.748" endtime="20220731 23:27:41.749"/>
</kw>
<kw name="Set Variable" library="BuiltIn">
<var>${payload}</var>
<arg>${json["login_valido"]}</arg>
<doc>Returns the given values which can then be assigned to a variables.</doc>
<msg timestamp="20220731 23:27:41.750" level="INFO">${payload} = {'email': 'fulano@qa.com', 'password': 'teste'}</msg>
<status status="PASS" starttime="20220731 23:27:41.750" endtime="20220731 23:27:41.750"/>
</kw>
<kw name="Set Global Variable" library="BuiltIn">
<arg>${payload}</arg>
<doc>Makes a variable available globally in all tests and suites.</doc>
<msg timestamp="20220731 23:27:41.750" level="INFO">${payload} = {'email': 'fulano@qa.com', 'password': 'teste'}</msg>
<status status="PASS" starttime="20220731 23:27:41.750" endtime="20220731 23:27:41.750"/>
</kw>
<kw name="POST Endpoint /login" library="login_keywords">
<kw name="POST On Session" library="RequestsLibrary">
<var>${response}</var>
<arg>serverest</arg>
<arg>/login</arg>
<arg>json=&amp;{payload}</arg>
<arg>expected_status=anything</arg>
<doc>Sends a POST request on a previously created HTTP Session.</doc>
<msg timestamp="20220731 23:27:41.760" level="INFO">POST Request : url=http://localhost:3000/login 
 path_url=/login 
 headers={'User-Agent': 'python-requests/2.28.1', 'Accept-Encoding': 'gzip, deflate', 'Accept': '*/*', 'Connection': 'keep-alive', 'Content-Length': '47', 'Content-Type': 'application/json'} 
 body=b'{"email": "fulano@qa.com", "password": "teste"}' 
 </msg>
<msg timestamp="20220731 23:27:41.760" level="INFO">POST Response : url=http://localhost:3000/login 
 status=200, reason=OK 
 headers={'Access-Control-Allow-Origin': '*', 'x-dns-prefetch-control': 'off', 'x-frame-options': 'SAMEORIGIN', 'strict-transport-security': 'max-age=15552000; includeSubDomains', 'x-download-options': 'noopen', 'x-content-type-options': 'nosniff', 'x-xss-protection': '1; mode=block', 'x-moesif-transaction-id': '8bfbb8fc-114a-4b37-8f86-5cb808c96f87', 'Content-Type': 'application/json; charset=utf-8', 'Content-Length': '265', 'Date': 'Mon, 01 Aug 2022 02:27:41 GMT', 'Connection': 'keep-alive', 'Keep-Alive': 'timeout=5'} 
 body={
    "message": "Login realizado com sucesso",
    "authorization": "Bearer eyJhbGciOiJIUzI1NiIsInR5cCI6IkpXVCJ9.eyJlbWFpbCI6ImZ1bGFub0BxYS5jb20iLCJwYXNzd29yZCI6InRlc3RlIiwiaWF0IjoxNjU5MzIwODYxLCJleHAiOjE2NTkzMjE0NjF9.hRfvTzCRuEH6dzFpAPQhEko1K1zLW2vFgTGy9GFUeFo"
} 
 </msg>
<msg timestamp="20220731 23:27:41.760" level="INFO">${response} = &lt;Response [200]&gt;</msg>
<status status="PASS" starttime="20220731 23:27:41.751" endtime="20220731 23:27:41.760"/>
</kw>
<if>
<branch type="IF" condition="${response.status_code} == 200">
<kw name="Set Variable" library="BuiltIn">
<var>${token_auth}</var>
<arg>${response.json()["authorization"]}</arg>
<doc>Returns the given values which can then be assigned to a variables.</doc>
<msg timestamp="20220731 23:27:41.761" level="INFO">${token_auth} = Bearer eyJhbGciOiJIUzI1NiIsInR5cCI6IkpXVCJ9.eyJlbWFpbCI6ImZ1bGFub0BxYS5jb20iLCJwYXNzd29yZCI6InRlc3RlIiwiaWF0IjoxNjU5MzIwODYxLCJleHAiOjE2NTkzMjE0NjF9.hRfvTzCRuEH6dzFpAPQhEko1K1zLW2vFgTGy9GFUeFo</msg>
<status status="PASS" starttime="20220731 23:27:41.761" endtime="20220731 23:27:41.761"/>
</kw>
<kw name="Set Global Variable" library="BuiltIn">
<arg>${token_auth}</arg>
<doc>Makes a variable available globally in all tests and suites.</doc>
<msg timestamp="20220731 23:27:41.762" level="INFO">${token_auth} = Bearer eyJhbGciOiJIUzI1NiIsInR5cCI6IkpXVCJ9.eyJlbWFpbCI6ImZ1bGFub0BxYS5jb20iLCJwYXNzd29yZCI6InRlc3RlIiwiaWF0IjoxNjU5MzIwODYxLCJleHAiOjE2NTkzMjE0NjF9.hRfvTzCRuEH6dzFpAPQhEko1K1zLW2vFgTGy9GFUeFo</msg>
<status status="PASS" starttime="20220731 23:27:41.761" endtime="20220731 23:27:41.762"/>
</kw>
<status status="PASS" starttime="20220731 23:27:41.761" endtime="20220731 23:27:41.762"/>
</branch>
<status status="PASS" starttime="20220731 23:27:41.760" endtime="20220731 23:27:41.762"/>
</if>
<kw name="Set Global Variable" library="BuiltIn">
<arg>${response}</arg>
<doc>Makes a variable available globally in all tests and suites.</doc>
<msg timestamp="20220731 23:27:41.762" level="INFO">${response} = &lt;Response [200]&gt;</msg>
<status status="PASS" starttime="20220731 23:27:41.762" endtime="20220731 23:27:41.762"/>
</kw>
<status status="PASS" starttime="20220731 23:27:41.751" endtime="20220731 23:27:41.762"/>
</kw>
<status status="PASS" starttime="20220731 23:27:41.748" endtime="20220731 23:27:41.762"/>
</kw>
<kw name="POST Cadastro Carrinho Estatico Valido" library="carrinhos_keywords">
<kw name="Importar Json Estatico" library="common">
<var>${json}</var>
<arg>massa_carrinho.json</arg>
<kw name="Get File" library="OperatingSystem">
<var>${arquivo}</var>
<arg>${EXECDIR}/support/fixtures/estatic/${nome_arquivo}</arg>
<doc>Returns the contents of a specified file.</doc>
<msg timestamp="20220731 23:27:41.763" level="INFO" html="true">Getting file '&lt;a href="file:///home/neybackes/Documentos/Robotron_NeyBackes_ProjetoFInal/support/fixtures/estatic/massa_carrinho.json"&gt;/home/neybackes/Documentos/Robotron_NeyBackes_ProjetoFInal/support/fixtures/estatic/massa_carrinho.json&lt;/a&gt;'.</msg>
<msg timestamp="20220731 23:27:41.764" level="INFO">${arquivo} = {"carrinhos_valido": {

    "produtos": [
        {
            "idProduto": "BeeJh5lz3k6kSIzA",
            "quantidade": 2
            
        }
    ]

},
"carrinhos_produto_repetido": {

    "prod...</msg>
<status status="PASS" starttime="20220731 23:27:41.763" endtime="20220731 23:27:41.764"/>
</kw>
<kw name="Evaluate" library="BuiltIn">
<var>${data}</var>
<arg>json.loads('''${arquivo}''')</arg>
<arg>json</arg>
<doc>Evaluates the given expression in Python and returns the result.</doc>
<msg timestamp="20220731 23:27:41.764" level="INFO">${data} = {'carrinhos_valido': {'produtos': [{'idProduto': 'BeeJh5lz3k6kSIzA', 'quantidade': 2}]}, 'carrinhos_produto_repetido': {'produtos': [{'idProduto': 'BeeJh5lz3k6kSIzA', 'quantidade': 2}, {'idProduto': '...</msg>
<status status="PASS" starttime="20220731 23:27:41.764" endtime="20220731 23:27:41.764"/>
</kw>
<msg timestamp="20220731 23:27:41.765" level="INFO">${json} = {'carrinhos_valido': {'produtos': [{'idProduto': 'BeeJh5lz3k6kSIzA', 'quantidade': 2}]}, 'carrinhos_produto_repetido': {'produtos': [{'idProduto': 'BeeJh5lz3k6kSIzA', 'quantidade': 2}, {'idProduto': '...</msg>
<status status="PASS" starttime="20220731 23:27:41.763" endtime="20220731 23:27:41.765"/>
</kw>
<kw name="Set Variable" library="BuiltIn">
<var>${payload}</var>
<arg>${json["carrinhos_valido"]}</arg>
<doc>Returns the given values which can then be assigned to a variables.</doc>
<msg timestamp="20220731 23:27:41.766" level="INFO">${payload} = {'produtos': [{'idProduto': 'BeeJh5lz3k6kSIzA', 'quantidade': 2}]}</msg>
<status status="PASS" starttime="20220731 23:27:41.765" endtime="20220731 23:27:41.766"/>
</kw>
<kw name="Set Global Variable" library="BuiltIn">
<arg>${payload}</arg>
<doc>Makes a variable available globally in all tests and suites.</doc>
<msg timestamp="20220731 23:27:41.766" level="INFO">${payload} = {'produtos': [{'idProduto': 'BeeJh5lz3k6kSIzA', 'quantidade': 2}]}</msg>
<status status="PASS" starttime="20220731 23:27:41.766" endtime="20220731 23:27:41.766"/>
</kw>
<kw name="POST Endpoint Carrinho" library="carrinhos_keywords">
<kw name="Create Dictionary" library="BuiltIn">
<var>${header}</var>
<arg>Authorization=${token_auth}</arg>
<doc>Creates and returns a dictionary based on the given ``items``.</doc>
<msg timestamp="20220731 23:27:41.767" level="INFO">${header} = {'Authorization': 'Bearer eyJhbGciOiJIUzI1NiIsInR5cCI6IkpXVCJ9.eyJlbWFpbCI6ImZ1bGFub0BxYS5jb20iLCJwYXNzd29yZCI6InRlc3RlIiwiaWF0IjoxNjU5MzIwODYxLCJleHAiOjE2NTkzMjE0NjF9.hRfvTzCRuEH6dzFpAPQhEko1K1zLW2vF...</msg>
<status status="PASS" starttime="20220731 23:27:41.767" endtime="20220731 23:27:41.767"/>
</kw>
<kw name="POST On Session" library="RequestsLibrary">
<var>${response}</var>
<arg>serverest</arg>
<arg>/carrinhos</arg>
<arg>json=${payload}</arg>
<arg>headers=${header}</arg>
<arg>expected_status=anything</arg>
<doc>Sends a POST request on a previously created HTTP Session.</doc>
<msg timestamp="20220731 23:27:41.775" level="INFO">POST Request : url=http://localhost:3000/carrinhos 
 path_url=/carrinhos 
 headers={'User-Agent': 'python-requests/2.28.1', 'Accept-Encoding': 'gzip, deflate', 'Accept': '*/*', 'Connection': 'keep-alive', 'Authorization': 'Bearer eyJhbGciOiJIUzI1NiIsInR5cCI6IkpXVCJ9.eyJlbWFpbCI6ImZ1bGFub0BxYS5jb20iLCJwYXNzd29yZCI6InRlc3RlIiwiaWF0IjoxNjU5MzIwODYxLCJleHAiOjE2NTkzMjE0NjF9.hRfvTzCRuEH6dzFpAPQhEko1K1zLW2vFgTGy9GFUeFo', 'Content-Length': '66', 'Content-Type': 'application/json'} 
 body=b'{"produtos": [{"idProduto": "BeeJh5lz3k6kSIzA", "quantidade": 2}]}' 
 </msg>
<msg timestamp="20220731 23:27:41.775" level="INFO">POST Response : url=http://localhost:3000/carrinhos 
 status=201, reason=Created 
 headers={'Access-Control-Allow-Origin': '*', 'x-dns-prefetch-control': 'off', 'x-frame-options': 'SAMEORIGIN', 'strict-transport-security': 'max-age=15552000; includeSubDomains', 'x-download-options': 'noopen', 'x-content-type-options': 'nosniff', 'x-xss-protection': '1; mode=block', 'x-moesif-transaction-id': 'a63fd034-0d37-4c8f-a4cf-d2e94fbcd530', 'Content-Type': 'application/json; charset=utf-8', 'Content-Length': '82', 'Date': 'Mon, 01 Aug 2022 02:27:41 GMT', 'Connection': 'keep-alive', 'Keep-Alive': 'timeout=5'} 
 body={
    "message": "Cadastro realizado com sucesso",
    "_id": "m2VydVL6AvLhrjLX"
} 
 </msg>
<msg timestamp="20220731 23:27:41.775" level="INFO">${response} = &lt;Response [201]&gt;</msg>
<status status="PASS" starttime="20220731 23:27:41.767" endtime="20220731 23:27:41.775"/>
</kw>
<kw name="Set Global Variable" library="BuiltIn">
<arg>${response}</arg>
<doc>Makes a variable available globally in all tests and suites.</doc>
<msg timestamp="20220731 23:27:41.776" level="INFO">${response} = &lt;Response [201]&gt;</msg>
<status status="PASS" starttime="20220731 23:27:41.775" endtime="20220731 23:27:41.776"/>
</kw>
<if>
<branch type="IF" condition="${response.status_code} == 201">
<kw name="Set Variable" library="BuiltIn">
<var>${carrinho_id}</var>
<arg>${response.json()["_id"]}</arg>
<doc>Returns the given values which can then be assigned to a variables.</doc>
<msg timestamp="20220731 23:27:41.777" level="INFO">${carrinho_id} = m2VydVL6AvLhrjLX</msg>
<status status="PASS" starttime="20220731 23:27:41.777" endtime="20220731 23:27:41.777"/>
</kw>
<kw name="Set Global Variable" library="BuiltIn">
<arg>${carrinho_id}</arg>
<doc>Makes a variable available globally in all tests and suites.</doc>
<msg timestamp="20220731 23:27:41.778" level="INFO">${carrinho_id} = m2VydVL6AvLhrjLX</msg>
<status status="PASS" starttime="20220731 23:27:41.778" endtime="20220731 23:27:41.778"/>
</kw>
<status status="PASS" starttime="20220731 23:27:41.776" endtime="20220731 23:27:41.778"/>
</branch>
<status status="PASS" starttime="20220731 23:27:41.776" endtime="20220731 23:27:41.778"/>
</if>
<status status="PASS" starttime="20220731 23:27:41.766" endtime="20220731 23:27:41.778"/>
</kw>
<status status="PASS" starttime="20220731 23:27:41.762" endtime="20220731 23:27:41.778"/>
</kw>
<kw name="Imprimir Carrinho Response.Content" library="carrinhos_keywords">
<if>
<branch type="IF" condition="${response.status_code} == 200 or ${response.status_code} == 201">
<kw name="Log To Console" library="BuiltIn">
<arg>${yellow}Resposta para Cadastro de Carrino:${yellow} ${green}${response.content}${green}</arg>
<doc>Logs the given message to the console.</doc>
<status status="PASS" starttime="20220731 23:27:41.780" endtime="20220731 23:27:41.781"/>
</kw>
<status status="PASS" starttime="20220731 23:27:41.780" endtime="20220731 23:27:41.781"/>
</branch>
<branch type="ELSE">
<kw name="Log To Console" library="BuiltIn">
<arg>${yellow}Resposta para Cadastro de Carrinho:${yellow} ${red}${response.content}${red}</arg>
<doc>Logs the given message to the console.</doc>
<status status="NOT RUN" starttime="20220731 23:27:41.781" endtime="20220731 23:27:41.781"/>
</kw>
<status status="NOT RUN" starttime="20220731 23:27:41.781" endtime="20220731 23:27:41.781"/>
</branch>
<status status="PASS" starttime="20220731 23:27:41.779" endtime="20220731 23:27:41.781"/>
</if>
<status status="PASS" starttime="20220731 23:27:41.779" endtime="20220731 23:27:41.781"/>
</kw>
<kw name="Resposta Carrinho Cadastrado" library="carrinhos_keywords">
<kw name="Should Contain" library="BuiltIn">
<arg>${response.json()["message"]}</arg>
<arg>Cadastro realizado com sucesso</arg>
<doc>Fails if ``container`` does not contain ``item`` one or more times.</doc>
<status status="PASS" starttime="20220731 23:27:41.782" endtime="20220731 23:27:41.783"/>
</kw>
<kw name="Should Not Be Empty" library="BuiltIn">
<arg>${response.json()["_id"]}</arg>
<doc>Verifies that the given item is not empty.</doc>
<msg timestamp="20220731 23:27:41.784" level="INFO">Length is 16</msg>
<status status="PASS" starttime="20220731 23:27:41.783" endtime="20220731 23:27:41.784"/>
</kw>
<status status="PASS" starttime="20220731 23:27:41.781" endtime="20220731 23:27:41.784"/>
</kw>
<kw name="validar Status Code &quot;201&quot;" library="common" sourcename="validar Status Code &quot;${statuscode}&quot;">
<kw name="Should Be True" library="BuiltIn">
<arg>${response.status_code} == ${status_code}</arg>
<doc>Fails if the given condition is not true.</doc>
<status status="PASS" starttime="20220731 23:27:41.784" endtime="20220731 23:27:41.785"/>
</kw>
<if>
<branch type="IF" condition="${response.status_code} == 200 or ${response.status_code} == 201">
<kw name="Log To Console" library="BuiltIn">
<arg>${yellow}Status Code Retornado:${yellow} ${green}${response.status_code}${green}</arg>
<doc>Logs the given message to the console.</doc>
<status status="PASS" starttime="20220731 23:27:41.786" endtime="20220731 23:27:41.787"/>
</kw>
<status status="PASS" starttime="20220731 23:27:41.786" endtime="20220731 23:27:41.787"/>
</branch>
<branch type="ELSE">
<kw name="Log To Console" library="BuiltIn">
<arg>${yellow}Status Code Retornado:${yellow} ${red}${response.status_code}${red}</arg>
<doc>Logs the given message to the console.</doc>
<status status="NOT RUN" starttime="20220731 23:27:41.787" endtime="20220731 23:27:41.787"/>
</kw>
<status status="NOT RUN" starttime="20220731 23:27:41.787" endtime="20220731 23:27:41.787"/>
</branch>
<status status="PASS" starttime="20220731 23:27:41.785" endtime="20220731 23:27:41.787"/>
</if>
<status status="PASS" starttime="20220731 23:27:41.784" endtime="20220731 23:27:41.787"/>
</kw>
<kw name="DELETE Endpoint /carrinhos Cancelar Compra" library="carrinhos_keywords">
<kw name="Create Dictionary" library="BuiltIn">
<var>${header}</var>
<arg>Authorization=${token_auth}</arg>
<doc>Creates and returns a dictionary based on the given ``items``.</doc>
<msg timestamp="20220731 23:27:41.788" level="INFO">${header} = {'Authorization': 'Bearer eyJhbGciOiJIUzI1NiIsInR5cCI6IkpXVCJ9.eyJlbWFpbCI6ImZ1bGFub0BxYS5jb20iLCJwYXNzd29yZCI6InRlc3RlIiwiaWF0IjoxNjU5MzIwODYxLCJleHAiOjE2NTkzMjE0NjF9.hRfvTzCRuEH6dzFpAPQhEko1K1zLW2vF...</msg>
<status status="PASS" starttime="20220731 23:27:41.788" endtime="20220731 23:27:41.788"/>
</kw>
<kw name="DELETE On Session" library="RequestsLibrary">
<var>${response}</var>
<arg>serverest</arg>
<arg>/carrinhos/cancelar-compra</arg>
<arg>headers=${header}</arg>
<arg>expected_status=anything</arg>
<doc>Sends a DELETE request on a previously created HTTP Session.</doc>
<msg timestamp="20220731 23:27:41.797" level="INFO">DELETE Request : url=http://localhost:3000/carrinhos/cancelar-compra 
 path_url=/carrinhos/cancelar-compra 
 headers={'User-Agent': 'python-requests/2.28.1', 'Accept-Encoding': 'gzip, deflate', 'Accept': '*/*', 'Connection': 'keep-alive', 'Authorization': 'Bearer eyJhbGciOiJIUzI1NiIsInR5cCI6IkpXVCJ9.eyJlbWFpbCI6ImZ1bGFub0BxYS5jb20iLCJwYXNzd29yZCI6InRlc3RlIiwiaWF0IjoxNjU5MzIwODYxLCJleHAiOjE2NTkzMjE0NjF9.hRfvTzCRuEH6dzFpAPQhEko1K1zLW2vFgTGy9GFUeFo', 'Content-Length': '0'} 
 body=None 
 </msg>
<msg timestamp="20220731 23:27:41.797" level="INFO">DELETE Response : url=http://localhost:3000/carrinhos/cancelar-compra 
 status=200, reason=OK 
 headers={'Access-Control-Allow-Origin': '*', 'x-dns-prefetch-control': 'off', 'x-frame-options': 'SAMEORIGIN', 'strict-transport-security': 'max-age=15552000; includeSubDomains', 'x-download-options': 'noopen', 'x-content-type-options': 'nosniff', 'x-xss-protection': '1; mode=block', 'x-moesif-transaction-id': '40006013-907a-4e8e-9f21-dd2388dfe68b', 'Content-Type': 'application/json; charset=utf-8', 'Content-Length': '86', 'Date': 'Mon, 01 Aug 2022 02:27:41 GMT', 'Connection': 'keep-alive', 'Keep-Alive': 'timeout=5'} 
 body={
    "message": "Registro excluído com sucesso. Estoque dos produtos reabastecido"
} 
 </msg>
<msg timestamp="20220731 23:27:41.797" level="INFO">${response} = &lt;Response [200]&gt;</msg>
<status status="PASS" starttime="20220731 23:27:41.788" endtime="20220731 23:27:41.797"/>
</kw>
<kw name="Set Global Variable" library="BuiltIn">
<arg>${response}</arg>
<doc>Makes a variable available globally in all tests and suites.</doc>
<msg timestamp="20220731 23:27:41.798" level="INFO">${response} = &lt;Response [200]&gt;</msg>
<status status="PASS" starttime="20220731 23:27:41.797" endtime="20220731 23:27:41.798"/>
</kw>
<status status="PASS" starttime="20220731 23:27:41.788" endtime="20220731 23:27:41.798"/>
</kw>
<kw name="Imprimir Delete Carrinhos Response.Content" library="carrinhos_keywords">
<kw name="Log To Console" library="BuiltIn">
<arg>${yellow}Resposta para Carrinho Deletado:${yellow} ${red}${response.content}${red}</arg>
<doc>Logs the given message to the console.</doc>
<status status="PASS" starttime="20220731 23:27:41.798" endtime="20220731 23:27:41.799"/>
</kw>
<status status="PASS" starttime="20220731 23:27:41.798" endtime="20220731 23:27:41.799"/>
</kw>
<tag>POST_CARRINHO</tag>
<status status="PASS" starttime="20220731 23:27:41.744" endtime="20220731 23:27:41.800"/>
</test>
<test id="s1-t2" name="Cenario: POST Carrinho Produto Duplicado 400" line="28">
<kw name="Iniciar cores de resposta" library="common">
<kw name="Evaluate" library="BuiltIn">
<var>${black}</var>
<arg>${BLACK}</arg>
<doc>Evaluates the given expression in Python and returns the result.</doc>
<msg timestamp="20220731 23:27:41.801" level="INFO">${black} = [30m</msg>
<status status="PASS" starttime="20220731 23:27:41.801" endtime="20220731 23:27:41.801"/>
</kw>
<kw name="Set Test Variable" library="BuiltIn">
<arg>${black}</arg>
<doc>Makes a variable available everywhere within the scope of the current test.</doc>
<msg timestamp="20220731 23:27:41.801" level="INFO">${black} = [30m</msg>
<status status="PASS" starttime="20220731 23:27:41.801" endtime="20220731 23:27:41.801"/>
</kw>
<kw name="Evaluate" library="BuiltIn">
<var>${red}</var>
<arg>${RED}</arg>
<doc>Evaluates the given expression in Python and returns the result.</doc>
<msg timestamp="20220731 23:27:41.802" level="INFO">${red} = [31m</msg>
<status status="PASS" starttime="20220731 23:27:41.802" endtime="20220731 23:27:41.802"/>
</kw>
<kw name="Set Test Variable" library="BuiltIn">
<arg>${red}</arg>
<doc>Makes a variable available everywhere within the scope of the current test.</doc>
<msg timestamp="20220731 23:27:41.802" level="INFO">${red} = [31m</msg>
<status status="PASS" starttime="20220731 23:27:41.802" endtime="20220731 23:27:41.802"/>
</kw>
<kw name="Evaluate" library="BuiltIn">
<var>${white}</var>
<arg>${WHITE}</arg>
<doc>Evaluates the given expression in Python and returns the result.</doc>
<msg timestamp="20220731 23:27:41.803" level="INFO">${white} = [7m</msg>
<status status="PASS" starttime="20220731 23:27:41.802" endtime="20220731 23:27:41.803"/>
</kw>
<kw name="Set Test Variable" library="BuiltIn">
<arg>${white}</arg>
<doc>Makes a variable available everywhere within the scope of the current test.</doc>
<msg timestamp="20220731 23:27:41.803" level="INFO">${white} = [7m</msg>
<status status="PASS" starttime="20220731 23:27:41.803" endtime="20220731 23:27:41.803"/>
</kw>
<kw name="Evaluate" library="BuiltIn">
<var>${yellow}</var>
<arg>${YELLOW}</arg>
<doc>Evaluates the given expression in Python and returns the result.</doc>
<msg timestamp="20220731 23:27:41.803" level="INFO">${yellow} = [33m</msg>
<status status="PASS" starttime="20220731 23:27:41.803" endtime="20220731 23:27:41.803"/>
</kw>
<kw name="Set Test Variable" library="BuiltIn">
<arg>${yellow}</arg>
<doc>Makes a variable available everywhere within the scope of the current test.</doc>
<msg timestamp="20220731 23:27:41.804" level="INFO">${yellow} = [33m</msg>
<status status="PASS" starttime="20220731 23:27:41.803" endtime="20220731 23:27:41.804"/>
</kw>
<kw name="Evaluate" library="BuiltIn">
<var>${green}</var>
<arg>${GREEN}</arg>
<doc>Evaluates the given expression in Python and returns the result.</doc>
<msg timestamp="20220731 23:27:41.804" level="INFO">${green} = [32m</msg>
<status status="PASS" starttime="20220731 23:27:41.804" endtime="20220731 23:27:41.804"/>
</kw>
<kw name="Set Test Variable" library="BuiltIn">
<arg>${green}</arg>
<doc>Makes a variable available everywhere within the scope of the current test.</doc>
<msg timestamp="20220731 23:27:41.804" level="INFO">${green} = [32m</msg>
<status status="PASS" starttime="20220731 23:27:41.804" endtime="20220731 23:27:41.805"/>
</kw>
<status status="PASS" starttime="20220731 23:27:41.800" endtime="20220731 23:27:41.805"/>
</kw>
<kw name="POST Login Estatico Valido" library="login_keywords">
<kw name="Importar Json Estatico" library="common">
<var>${json}</var>
<arg>massa_login.json</arg>
<kw name="Get File" library="OperatingSystem">
<var>${arquivo}</var>
<arg>${EXECDIR}/support/fixtures/estatic/${nome_arquivo}</arg>
<doc>Returns the contents of a specified file.</doc>
<msg timestamp="20220731 23:27:41.806" level="INFO" html="true">Getting file '&lt;a href="file:///home/neybackes/Documentos/Robotron_NeyBackes_ProjetoFInal/support/fixtures/estatic/massa_login.json"&gt;/home/neybackes/Documentos/Robotron_NeyBackes_ProjetoFInal/support/fixtures/estatic/massa_login.json&lt;/a&gt;'.</msg>
<msg timestamp="20220731 23:27:41.806" level="INFO">${arquivo} = {
    "login_valido":{
        "email":"fulano@qa.com",
        "password":"teste"
    },
    "login_adm_false":{
        "email":"novobackes@qa.com.br",
        "password":"teste"
    },
    "login_u...</msg>
<status status="PASS" starttime="20220731 23:27:41.806" endtime="20220731 23:27:41.806"/>
</kw>
<kw name="Evaluate" library="BuiltIn">
<var>${data}</var>
<arg>json.loads('''${arquivo}''')</arg>
<arg>json</arg>
<doc>Evaluates the given expression in Python and returns the result.</doc>
<msg timestamp="20220731 23:27:41.807" level="INFO">${data} = {'login_valido': {'email': 'fulano@qa.com', 'password': 'teste'}, 'login_adm_false': {'email': 'novobackes@qa.com.br', 'password': 'teste'}, 'login_usuario_excluido': {'email': 'testedeusuario@qa.com....</msg>
<status status="PASS" starttime="20220731 23:27:41.806" endtime="20220731 23:27:41.807"/>
</kw>
<msg timestamp="20220731 23:27:41.807" level="INFO">${json} = {'login_valido': {'email': 'fulano@qa.com', 'password': 'teste'}, 'login_adm_false': {'email': 'novobackes@qa.com.br', 'password': 'teste'}, 'login_usuario_excluido': {'email': 'testedeusuario@qa.com....</msg>
<status status="PASS" starttime="20220731 23:27:41.805" endtime="20220731 23:27:41.807"/>
</kw>
<kw name="Set Variable" library="BuiltIn">
<var>${payload}</var>
<arg>${json["login_valido"]}</arg>
<doc>Returns the given values which can then be assigned to a variables.</doc>
<msg timestamp="20220731 23:27:41.808" level="INFO">${payload} = {'email': 'fulano@qa.com', 'password': 'teste'}</msg>
<status status="PASS" starttime="20220731 23:27:41.807" endtime="20220731 23:27:41.808"/>
</kw>
<kw name="Set Global Variable" library="BuiltIn">
<arg>${payload}</arg>
<doc>Makes a variable available globally in all tests and suites.</doc>
<msg timestamp="20220731 23:27:41.808" level="INFO">${payload} = {'email': 'fulano@qa.com', 'password': 'teste'}</msg>
<status status="PASS" starttime="20220731 23:27:41.808" endtime="20220731 23:27:41.808"/>
</kw>
<kw name="POST Endpoint /login" library="login_keywords">
<kw name="POST On Session" library="RequestsLibrary">
<var>${response}</var>
<arg>serverest</arg>
<arg>/login</arg>
<arg>json=&amp;{payload}</arg>
<arg>expected_status=anything</arg>
<doc>Sends a POST request on a previously created HTTP Session.</doc>
<msg timestamp="20220731 23:27:41.814" level="INFO">POST Request : url=http://localhost:3000/login 
 path_url=/login 
 headers={'User-Agent': 'python-requests/2.28.1', 'Accept-Encoding': 'gzip, deflate', 'Accept': '*/*', 'Connection': 'keep-alive', 'Content-Length': '47', 'Content-Type': 'application/json'} 
 body=b'{"email": "fulano@qa.com", "password": "teste"}' 
 </msg>
<msg timestamp="20220731 23:27:41.814" level="INFO">POST Response : url=http://localhost:3000/login 
 status=200, reason=OK 
 headers={'Access-Control-Allow-Origin': '*', 'x-dns-prefetch-control': 'off', 'x-frame-options': 'SAMEORIGIN', 'strict-transport-security': 'max-age=15552000; includeSubDomains', 'x-download-options': 'noopen', 'x-content-type-options': 'nosniff', 'x-xss-protection': '1; mode=block', 'x-moesif-transaction-id': 'edde14b6-3934-4a1e-a34c-c9b0638d56f2', 'Content-Type': 'application/json; charset=utf-8', 'Content-Length': '265', 'Date': 'Mon, 01 Aug 2022 02:27:41 GMT', 'Connection': 'keep-alive', 'Keep-Alive': 'timeout=5'} 
 body={
    "message": "Login realizado com sucesso",
    "authorization": "Bearer eyJhbGciOiJIUzI1NiIsInR5cCI6IkpXVCJ9.eyJlbWFpbCI6ImZ1bGFub0BxYS5jb20iLCJwYXNzd29yZCI6InRlc3RlIiwiaWF0IjoxNjU5MzIwODYxLCJleHAiOjE2NTkzMjE0NjF9.hRfvTzCRuEH6dzFpAPQhEko1K1zLW2vFgTGy9GFUeFo"
} 
 </msg>
<msg timestamp="20220731 23:27:41.814" level="INFO">${response} = &lt;Response [200]&gt;</msg>
<status status="PASS" starttime="20220731 23:27:41.809" endtime="20220731 23:27:41.814"/>
</kw>
<if>
<branch type="IF" condition="${response.status_code} == 200">
<kw name="Set Variable" library="BuiltIn">
<var>${token_auth}</var>
<arg>${response.json()["authorization"]}</arg>
<doc>Returns the given values which can then be assigned to a variables.</doc>
<msg timestamp="20220731 23:27:41.816" level="INFO">${token_auth} = Bearer eyJhbGciOiJIUzI1NiIsInR5cCI6IkpXVCJ9.eyJlbWFpbCI6ImZ1bGFub0BxYS5jb20iLCJwYXNzd29yZCI6InRlc3RlIiwiaWF0IjoxNjU5MzIwODYxLCJleHAiOjE2NTkzMjE0NjF9.hRfvTzCRuEH6dzFpAPQhEko1K1zLW2vFgTGy9GFUeFo</msg>
<status status="PASS" starttime="20220731 23:27:41.815" endtime="20220731 23:27:41.816"/>
</kw>
<kw name="Set Global Variable" library="BuiltIn">
<arg>${token_auth}</arg>
<doc>Makes a variable available globally in all tests and suites.</doc>
<msg timestamp="20220731 23:27:41.817" level="INFO">${token_auth} = Bearer eyJhbGciOiJIUzI1NiIsInR5cCI6IkpXVCJ9.eyJlbWFpbCI6ImZ1bGFub0BxYS5jb20iLCJwYXNzd29yZCI6InRlc3RlIiwiaWF0IjoxNjU5MzIwODYxLCJleHAiOjE2NTkzMjE0NjF9.hRfvTzCRuEH6dzFpAPQhEko1K1zLW2vFgTGy9GFUeFo</msg>
<status status="PASS" starttime="20220731 23:27:41.816" endtime="20220731 23:27:41.817"/>
</kw>
<status status="PASS" starttime="20220731 23:27:41.815" endtime="20220731 23:27:41.817"/>
</branch>
<status status="PASS" starttime="20220731 23:27:41.814" endtime="20220731 23:27:41.817"/>
</if>
<kw name="Set Global Variable" library="BuiltIn">
<arg>${response}</arg>
<doc>Makes a variable available globally in all tests and suites.</doc>
<msg timestamp="20220731 23:27:41.817" level="INFO">${response} = &lt;Response [200]&gt;</msg>
<status status="PASS" starttime="20220731 23:27:41.817" endtime="20220731 23:27:41.817"/>
</kw>
<status status="PASS" starttime="20220731 23:27:41.808" endtime="20220731 23:27:41.817"/>
</kw>
<status status="PASS" starttime="20220731 23:27:41.805" endtime="20220731 23:27:41.817"/>
</kw>
<kw name="POST Cadastro Carrinho Produto Repetido" library="carrinhos_keywords">
<kw name="Importar Json Estatico" library="common">
<var>${json}</var>
<arg>massa_carrinho.json</arg>
<kw name="Get File" library="OperatingSystem">
<var>${arquivo}</var>
<arg>${EXECDIR}/support/fixtures/estatic/${nome_arquivo}</arg>
<doc>Returns the contents of a specified file.</doc>
<msg timestamp="20220731 23:27:41.819" level="INFO" html="true">Getting file '&lt;a href="file:///home/neybackes/Documentos/Robotron_NeyBackes_ProjetoFInal/support/fixtures/estatic/massa_carrinho.json"&gt;/home/neybackes/Documentos/Robotron_NeyBackes_ProjetoFInal/support/fixtures/estatic/massa_carrinho.json&lt;/a&gt;'.</msg>
<msg timestamp="20220731 23:27:41.819" level="INFO">${arquivo} = {"carrinhos_valido": {

    "produtos": [
        {
            "idProduto": "BeeJh5lz3k6kSIzA",
            "quantidade": 2
            
        }
    ]

},
"carrinhos_produto_repetido": {

    "prod...</msg>
<status status="PASS" starttime="20220731 23:27:41.818" endtime="20220731 23:27:41.819"/>
</kw>
<kw name="Evaluate" library="BuiltIn">
<var>${data}</var>
<arg>json.loads('''${arquivo}''')</arg>
<arg>json</arg>
<doc>Evaluates the given expression in Python and returns the result.</doc>
<msg timestamp="20220731 23:27:41.819" level="INFO">${data} = {'carrinhos_valido': {'produtos': [{'idProduto': 'BeeJh5lz3k6kSIzA', 'quantidade': 2}]}, 'carrinhos_produto_repetido': {'produtos': [{'idProduto': 'BeeJh5lz3k6kSIzA', 'quantidade': 2}, {'idProduto': '...</msg>
<status status="PASS" starttime="20220731 23:27:41.819" endtime="20220731 23:27:41.819"/>
</kw>
<msg timestamp="20220731 23:27:41.819" level="INFO">${json} = {'carrinhos_valido': {'produtos': [{'idProduto': 'BeeJh5lz3k6kSIzA', 'quantidade': 2}]}, 'carrinhos_produto_repetido': {'produtos': [{'idProduto': 'BeeJh5lz3k6kSIzA', 'quantidade': 2}, {'idProduto': '...</msg>
<status status="PASS" starttime="20220731 23:27:41.818" endtime="20220731 23:27:41.819"/>
</kw>
<kw name="Set Variable" library="BuiltIn">
<var>${payload}</var>
<arg>${json["carrinhos_produto_repetido"]}</arg>
<doc>Returns the given values which can then be assigned to a variables.</doc>
<msg timestamp="20220731 23:27:41.820" level="INFO">${payload} = {'produtos': [{'idProduto': 'BeeJh5lz3k6kSIzA', 'quantidade': 2}, {'idProduto': 'BeeJh5lz3k6kSIzA', 'quantidade': 2}]}</msg>
<status status="PASS" starttime="20220731 23:27:41.820" endtime="20220731 23:27:41.820"/>
</kw>
<kw name="Set Global Variable" library="BuiltIn">
<arg>${payload}</arg>
<doc>Makes a variable available globally in all tests and suites.</doc>
<msg timestamp="20220731 23:27:41.821" level="INFO">${payload} = {'produtos': [{'idProduto': 'BeeJh5lz3k6kSIzA', 'quantidade': 2}, {'idProduto': 'BeeJh5lz3k6kSIzA', 'quantidade': 2}]}</msg>
<status status="PASS" starttime="20220731 23:27:41.820" endtime="20220731 23:27:41.821"/>
</kw>
<kw name="POST Endpoint Carrinho" library="carrinhos_keywords">
<kw name="Create Dictionary" library="BuiltIn">
<var>${header}</var>
<arg>Authorization=${token_auth}</arg>
<doc>Creates and returns a dictionary based on the given ``items``.</doc>
<msg timestamp="20220731 23:27:41.821" level="INFO">${header} = {'Authorization': 'Bearer eyJhbGciOiJIUzI1NiIsInR5cCI6IkpXVCJ9.eyJlbWFpbCI6ImZ1bGFub0BxYS5jb20iLCJwYXNzd29yZCI6InRlc3RlIiwiaWF0IjoxNjU5MzIwODYxLCJleHAiOjE2NTkzMjE0NjF9.hRfvTzCRuEH6dzFpAPQhEko1K1zLW2vF...</msg>
<status status="PASS" starttime="20220731 23:27:41.821" endtime="20220731 23:27:41.821"/>
</kw>
<kw name="POST On Session" library="RequestsLibrary">
<var>${response}</var>
<arg>serverest</arg>
<arg>/carrinhos</arg>
<arg>json=${payload}</arg>
<arg>headers=${header}</arg>
<arg>expected_status=anything</arg>
<doc>Sends a POST request on a previously created HTTP Session.</doc>
<msg timestamp="20220731 23:27:41.826" level="INFO">POST Request : url=http://localhost:3000/carrinhos 
 path_url=/carrinhos 
 headers={'User-Agent': 'python-requests/2.28.1', 'Accept-Encoding': 'gzip, deflate', 'Accept': '*/*', 'Connection': 'keep-alive', 'Authorization': 'Bearer eyJhbGciOiJIUzI1NiIsInR5cCI6IkpXVCJ9.eyJlbWFpbCI6ImZ1bGFub0BxYS5jb20iLCJwYXNzd29yZCI6InRlc3RlIiwiaWF0IjoxNjU5MzIwODYxLCJleHAiOjE2NTkzMjE0NjF9.hRfvTzCRuEH6dzFpAPQhEko1K1zLW2vFgTGy9GFUeFo', 'Content-Length': '118', 'Content-Type': 'application/json'} 
 body=b'{"produtos": [{"idProduto": "BeeJh5lz3k6kSIzA", "quantidade": 2}, {"idProduto": "BeeJh5lz3k6kSIzA", "quantidade": 2}]}' 
 </msg>
<msg timestamp="20220731 23:27:41.826" level="INFO">POST Response : url=http://localhost:3000/carrinhos 
 status=400, reason=Bad Request 
 headers={'Access-Control-Allow-Origin': '*', 'x-dns-prefetch-control': 'off', 'x-frame-options': 'SAMEORIGIN', 'strict-transport-security': 'max-age=15552000; includeSubDomains', 'x-download-options': 'noopen', 'x-content-type-options': 'nosniff', 'x-xss-protection': '1; mode=block', 'x-moesif-transaction-id': 'e41b86bf-1caf-4158-910e-464311dc872b', 'Content-Type': 'application/json; charset=utf-8', 'Content-Length': '128', 'Date': 'Mon, 01 Aug 2022 02:27:41 GMT', 'Connection': 'keep-alive', 'Keep-Alive': 'timeout=5'} 
 body={
    "message": "Não é permitido possuir produto duplicado",
    "idProdutosDuplicados": [
        "BeeJh5lz3k6kSIzA"
    ]
} 
 </msg>
<msg timestamp="20220731 23:27:41.827" level="INFO">${response} = &lt;Response [400]&gt;</msg>
<status status="PASS" starttime="20220731 23:27:41.822" endtime="20220731 23:27:41.827"/>
</kw>
<kw name="Set Global Variable" library="BuiltIn">
<arg>${response}</arg>
<doc>Makes a variable available globally in all tests and suites.</doc>
<msg timestamp="20220731 23:27:41.827" level="INFO">${response} = &lt;Response [400]&gt;</msg>
<status status="PASS" starttime="20220731 23:27:41.827" endtime="20220731 23:27:41.827"/>
</kw>
<if>
<branch type="IF" condition="${response.status_code} == 201">
<kw name="Set Variable" library="BuiltIn">
<var>${carrinho_id}</var>
<arg>${response.json()["_id"]}</arg>
<doc>Returns the given values which can then be assigned to a variables.</doc>
<status status="NOT RUN" starttime="20220731 23:27:41.828" endtime="20220731 23:27:41.828"/>
</kw>
<kw name="Set Global Variable" library="BuiltIn">
<arg>${carrinho_id}</arg>
<doc>Makes a variable available globally in all tests and suites.</doc>
<status status="NOT RUN" starttime="20220731 23:27:41.828" endtime="20220731 23:27:41.829"/>
</kw>
<status status="NOT RUN" starttime="20220731 23:27:41.828" endtime="20220731 23:27:41.829"/>
</branch>
<status status="PASS" starttime="20220731 23:27:41.828" endtime="20220731 23:27:41.829"/>
</if>
<status status="PASS" starttime="20220731 23:27:41.821" endtime="20220731 23:27:41.829"/>
</kw>
<status status="PASS" starttime="20220731 23:27:41.818" endtime="20220731 23:27:41.829"/>
</kw>
<kw name="Imprimir Carrinho Response.Content" library="carrinhos_keywords">
<if>
<branch type="IF" condition="${response.status_code} == 200 or ${response.status_code} == 201">
<kw name="Log To Console" library="BuiltIn">
<arg>${yellow}Resposta para Cadastro de Carrino:${yellow} ${green}${response.content}${green}</arg>
<doc>Logs the given message to the console.</doc>
<status status="NOT RUN" starttime="20220731 23:27:41.830" endtime="20220731 23:27:41.830"/>
</kw>
<status status="NOT RUN" starttime="20220731 23:27:41.830" endtime="20220731 23:27:41.830"/>
</branch>
<branch type="ELSE">
<kw name="Log To Console" library="BuiltIn">
<arg>${yellow}Resposta para Cadastro de Carrinho:${yellow} ${red}${response.content}${red}</arg>
<doc>Logs the given message to the console.</doc>
<status status="PASS" starttime="20220731 23:27:41.831" endtime="20220731 23:27:41.831"/>
</kw>
<status status="PASS" starttime="20220731 23:27:41.830" endtime="20220731 23:27:41.831"/>
</branch>
<status status="PASS" starttime="20220731 23:27:41.829" endtime="20220731 23:27:41.831"/>
</if>
<status status="PASS" starttime="20220731 23:27:41.829" endtime="20220731 23:27:41.832"/>
</kw>
<kw name="Resposta Carrinho Produto Duplicado" library="carrinhos_keywords">
<kw name="Should Contain" library="BuiltIn">
<arg>${response.json()["message"]}</arg>
<arg>Não é permitido possuir produto duplicado</arg>
<doc>Fails if ``container`` does not contain ``item`` one or more times.</doc>
<status status="PASS" starttime="20220731 23:27:41.832" endtime="20220731 23:27:41.833"/>
</kw>
<kw name="Should Not Be Empty" library="BuiltIn">
<arg>${response.json()["idProdutosDuplicados"]}</arg>
<doc>Verifies that the given item is not empty.</doc>
<msg timestamp="20220731 23:27:41.833" level="INFO">Length is 1</msg>
<status status="PASS" starttime="20220731 23:27:41.833" endtime="20220731 23:27:41.833"/>
</kw>
<status status="PASS" starttime="20220731 23:27:41.832" endtime="20220731 23:27:41.833"/>
</kw>
<kw name="validar Status Code &quot;400&quot;" library="common" sourcename="validar Status Code &quot;${statuscode}&quot;">
<kw name="Should Be True" library="BuiltIn">
<arg>${response.status_code} == ${status_code}</arg>
<doc>Fails if the given condition is not true.</doc>
<status status="PASS" starttime="20220731 23:27:41.834" endtime="20220731 23:27:41.835"/>
</kw>
<if>
<branch type="IF" condition="${response.status_code} == 200 or ${response.status_code} == 201">
<kw name="Log To Console" library="BuiltIn">
<arg>${yellow}Status Code Retornado:${yellow} ${green}${response.status_code}${green}</arg>
<doc>Logs the given message to the console.</doc>
<status status="NOT RUN" starttime="20220731 23:27:41.836" endtime="20220731 23:27:41.836"/>
</kw>
<status status="NOT RUN" starttime="20220731 23:27:41.836" endtime="20220731 23:27:41.836"/>
</branch>
<branch type="ELSE">
<kw name="Log To Console" library="BuiltIn">
<arg>${yellow}Status Code Retornado:${yellow} ${red}${response.status_code}${red}</arg>
<doc>Logs the given message to the console.</doc>
<status status="PASS" starttime="20220731 23:27:41.836" endtime="20220731 23:27:41.837"/>
</kw>
<status status="PASS" starttime="20220731 23:27:41.836" endtime="20220731 23:27:41.837"/>
</branch>
<status status="PASS" starttime="20220731 23:27:41.835" endtime="20220731 23:27:41.837"/>
</if>
<status status="PASS" starttime="20220731 23:27:41.834" endtime="20220731 23:27:41.837"/>
</kw>
<tag>POST_CARRINHO_PRODUTO_DUPLICADO</tag>
<status status="PASS" starttime="20220731 23:27:41.800" endtime="20220731 23:27:41.837"/>
</test>
<test id="s1-t3" name="Cenario: POST Carrinho Carrinho Já Cadastrado 400" line="37">
<kw name="Iniciar cores de resposta" library="common">
<kw name="Evaluate" library="BuiltIn">
<var>${black}</var>
<arg>${BLACK}</arg>
<doc>Evaluates the given expression in Python and returns the result.</doc>
<msg timestamp="20220731 23:27:41.839" level="INFO">${black} = [30m</msg>
<status status="PASS" starttime="20220731 23:27:41.839" endtime="20220731 23:27:41.839"/>
</kw>
<kw name="Set Test Variable" library="BuiltIn">
<arg>${black}</arg>
<doc>Makes a variable available everywhere within the scope of the current test.</doc>
<msg timestamp="20220731 23:27:41.839" level="INFO">${black} = [30m</msg>
<status status="PASS" starttime="20220731 23:27:41.839" endtime="20220731 23:27:41.839"/>
</kw>
<kw name="Evaluate" library="BuiltIn">
<var>${red}</var>
<arg>${RED}</arg>
<doc>Evaluates the given expression in Python and returns the result.</doc>
<msg timestamp="20220731 23:27:41.840" level="INFO">${red} = [31m</msg>
<status status="PASS" starttime="20220731 23:27:41.840" endtime="20220731 23:27:41.840"/>
</kw>
<kw name="Set Test Variable" library="BuiltIn">
<arg>${red}</arg>
<doc>Makes a variable available everywhere within the scope of the current test.</doc>
<msg timestamp="20220731 23:27:41.840" level="INFO">${red} = [31m</msg>
<status status="PASS" starttime="20220731 23:27:41.840" endtime="20220731 23:27:41.840"/>
</kw>
<kw name="Evaluate" library="BuiltIn">
<var>${white}</var>
<arg>${WHITE}</arg>
<doc>Evaluates the given expression in Python and returns the result.</doc>
<msg timestamp="20220731 23:27:41.841" level="INFO">${white} = [7m</msg>
<status status="PASS" starttime="20220731 23:27:41.840" endtime="20220731 23:27:41.841"/>
</kw>
<kw name="Set Test Variable" library="BuiltIn">
<arg>${white}</arg>
<doc>Makes a variable available everywhere within the scope of the current test.</doc>
<msg timestamp="20220731 23:27:41.841" level="INFO">${white} = [7m</msg>
<status status="PASS" starttime="20220731 23:27:41.841" endtime="20220731 23:27:41.841"/>
</kw>
<kw name="Evaluate" library="BuiltIn">
<var>${yellow}</var>
<arg>${YELLOW}</arg>
<doc>Evaluates the given expression in Python and returns the result.</doc>
<msg timestamp="20220731 23:27:41.842" level="INFO">${yellow} = [33m</msg>
<status status="PASS" starttime="20220731 23:27:41.841" endtime="20220731 23:27:41.842"/>
</kw>
<kw name="Set Test Variable" library="BuiltIn">
<arg>${yellow}</arg>
<doc>Makes a variable available everywhere within the scope of the current test.</doc>
<msg timestamp="20220731 23:27:41.842" level="INFO">${yellow} = [33m</msg>
<status status="PASS" starttime="20220731 23:27:41.842" endtime="20220731 23:27:41.842"/>
</kw>
<kw name="Evaluate" library="BuiltIn">
<var>${green}</var>
<arg>${GREEN}</arg>
<doc>Evaluates the given expression in Python and returns the result.</doc>
<msg timestamp="20220731 23:27:41.842" level="INFO">${green} = [32m</msg>
<status status="PASS" starttime="20220731 23:27:41.842" endtime="20220731 23:27:41.842"/>
</kw>
<kw name="Set Test Variable" library="BuiltIn">
<arg>${green}</arg>
<doc>Makes a variable available everywhere within the scope of the current test.</doc>
<msg timestamp="20220731 23:27:41.843" level="INFO">${green} = [32m</msg>
<status status="PASS" starttime="20220731 23:27:41.842" endtime="20220731 23:27:41.843"/>
</kw>
<status status="PASS" starttime="20220731 23:27:41.838" endtime="20220731 23:27:41.843"/>
</kw>
<kw name="POST Login Estatico Valido" library="login_keywords">
<kw name="Importar Json Estatico" library="common">
<var>${json}</var>
<arg>massa_login.json</arg>
<kw name="Get File" library="OperatingSystem">
<var>${arquivo}</var>
<arg>${EXECDIR}/support/fixtures/estatic/${nome_arquivo}</arg>
<doc>Returns the contents of a specified file.</doc>
<msg timestamp="20220731 23:27:41.844" level="INFO" html="true">Getting file '&lt;a href="file:///home/neybackes/Documentos/Robotron_NeyBackes_ProjetoFInal/support/fixtures/estatic/massa_login.json"&gt;/home/neybackes/Documentos/Robotron_NeyBackes_ProjetoFInal/support/fixtures/estatic/massa_login.json&lt;/a&gt;'.</msg>
<msg timestamp="20220731 23:27:41.844" level="INFO">${arquivo} = {
    "login_valido":{
        "email":"fulano@qa.com",
        "password":"teste"
    },
    "login_adm_false":{
        "email":"novobackes@qa.com.br",
        "password":"teste"
    },
    "login_u...</msg>
<status status="PASS" starttime="20220731 23:27:41.844" endtime="20220731 23:27:41.844"/>
</kw>
<kw name="Evaluate" library="BuiltIn">
<var>${data}</var>
<arg>json.loads('''${arquivo}''')</arg>
<arg>json</arg>
<doc>Evaluates the given expression in Python and returns the result.</doc>
<msg timestamp="20220731 23:27:41.845" level="INFO">${data} = {'login_valido': {'email': 'fulano@qa.com', 'password': 'teste'}, 'login_adm_false': {'email': 'novobackes@qa.com.br', 'password': 'teste'}, 'login_usuario_excluido': {'email': 'testedeusuario@qa.com....</msg>
<status status="PASS" starttime="20220731 23:27:41.845" endtime="20220731 23:27:41.845"/>
</kw>
<msg timestamp="20220731 23:27:41.845" level="INFO">${json} = {'login_valido': {'email': 'fulano@qa.com', 'password': 'teste'}, 'login_adm_false': {'email': 'novobackes@qa.com.br', 'password': 'teste'}, 'login_usuario_excluido': {'email': 'testedeusuario@qa.com....</msg>
<status status="PASS" starttime="20220731 23:27:41.843" endtime="20220731 23:27:41.845"/>
</kw>
<kw name="Set Variable" library="BuiltIn">
<var>${payload}</var>
<arg>${json["login_valido"]}</arg>
<doc>Returns the given values which can then be assigned to a variables.</doc>
<msg timestamp="20220731 23:27:41.846" level="INFO">${payload} = {'email': 'fulano@qa.com', 'password': 'teste'}</msg>
<status status="PASS" starttime="20220731 23:27:41.845" endtime="20220731 23:27:41.846"/>
</kw>
<kw name="Set Global Variable" library="BuiltIn">
<arg>${payload}</arg>
<doc>Makes a variable available globally in all tests and suites.</doc>
<msg timestamp="20220731 23:27:41.846" level="INFO">${payload} = {'email': 'fulano@qa.com', 'password': 'teste'}</msg>
<status status="PASS" starttime="20220731 23:27:41.846" endtime="20220731 23:27:41.846"/>
</kw>
<kw name="POST Endpoint /login" library="login_keywords">
<kw name="POST On Session" library="RequestsLibrary">
<var>${response}</var>
<arg>serverest</arg>
<arg>/login</arg>
<arg>json=&amp;{payload}</arg>
<arg>expected_status=anything</arg>
<doc>Sends a POST request on a previously created HTTP Session.</doc>
<msg timestamp="20220731 23:27:41.851" level="INFO">POST Request : url=http://localhost:3000/login 
 path_url=/login 
 headers={'User-Agent': 'python-requests/2.28.1', 'Accept-Encoding': 'gzip, deflate', 'Accept': '*/*', 'Connection': 'keep-alive', 'Content-Length': '47', 'Content-Type': 'application/json'} 
 body=b'{"email": "fulano@qa.com", "password": "teste"}' 
 </msg>
<msg timestamp="20220731 23:27:41.851" level="INFO">POST Response : url=http://localhost:3000/login 
 status=200, reason=OK 
 headers={'Access-Control-Allow-Origin': '*', 'x-dns-prefetch-control': 'off', 'x-frame-options': 'SAMEORIGIN', 'strict-transport-security': 'max-age=15552000; includeSubDomains', 'x-download-options': 'noopen', 'x-content-type-options': 'nosniff', 'x-xss-protection': '1; mode=block', 'x-moesif-transaction-id': '669c4fc1-5d52-4017-8ed3-3fd1c8a8a628', 'Content-Type': 'application/json; charset=utf-8', 'Content-Length': '265', 'Date': 'Mon, 01 Aug 2022 02:27:41 GMT', 'Connection': 'keep-alive', 'Keep-Alive': 'timeout=5'} 
 body={
    "message": "Login realizado com sucesso",
    "authorization": "Bearer eyJhbGciOiJIUzI1NiIsInR5cCI6IkpXVCJ9.eyJlbWFpbCI6ImZ1bGFub0BxYS5jb20iLCJwYXNzd29yZCI6InRlc3RlIiwiaWF0IjoxNjU5MzIwODYxLCJleHAiOjE2NTkzMjE0NjF9.hRfvTzCRuEH6dzFpAPQhEko1K1zLW2vFgTGy9GFUeFo"
} 
 </msg>
<msg timestamp="20220731 23:27:41.852" level="INFO">${response} = &lt;Response [200]&gt;</msg>
<status status="PASS" starttime="20220731 23:27:41.847" endtime="20220731 23:27:41.852"/>
</kw>
<if>
<branch type="IF" condition="${response.status_code} == 200">
<kw name="Set Variable" library="BuiltIn">
<var>${token_auth}</var>
<arg>${response.json()["authorization"]}</arg>
<doc>Returns the given values which can then be assigned to a variables.</doc>
<msg timestamp="20220731 23:27:41.853" level="INFO">${token_auth} = Bearer eyJhbGciOiJIUzI1NiIsInR5cCI6IkpXVCJ9.eyJlbWFpbCI6ImZ1bGFub0BxYS5jb20iLCJwYXNzd29yZCI6InRlc3RlIiwiaWF0IjoxNjU5MzIwODYxLCJleHAiOjE2NTkzMjE0NjF9.hRfvTzCRuEH6dzFpAPQhEko1K1zLW2vFgTGy9GFUeFo</msg>
<status status="PASS" starttime="20220731 23:27:41.853" endtime="20220731 23:27:41.853"/>
</kw>
<kw name="Set Global Variable" library="BuiltIn">
<arg>${token_auth}</arg>
<doc>Makes a variable available globally in all tests and suites.</doc>
<msg timestamp="20220731 23:27:41.854" level="INFO">${token_auth} = Bearer eyJhbGciOiJIUzI1NiIsInR5cCI6IkpXVCJ9.eyJlbWFpbCI6ImZ1bGFub0BxYS5jb20iLCJwYXNzd29yZCI6InRlc3RlIiwiaWF0IjoxNjU5MzIwODYxLCJleHAiOjE2NTkzMjE0NjF9.hRfvTzCRuEH6dzFpAPQhEko1K1zLW2vFgTGy9GFUeFo</msg>
<status status="PASS" starttime="20220731 23:27:41.853" endtime="20220731 23:27:41.854"/>
</kw>
<status status="PASS" starttime="20220731 23:27:41.852" endtime="20220731 23:27:41.854"/>
</branch>
<status status="PASS" starttime="20220731 23:27:41.852" endtime="20220731 23:27:41.854"/>
</if>
<kw name="Set Global Variable" library="BuiltIn">
<arg>${response}</arg>
<doc>Makes a variable available globally in all tests and suites.</doc>
<msg timestamp="20220731 23:27:41.854" level="INFO">${response} = &lt;Response [200]&gt;</msg>
<status status="PASS" starttime="20220731 23:27:41.854" endtime="20220731 23:27:41.854"/>
</kw>
<status status="PASS" starttime="20220731 23:27:41.846" endtime="20220731 23:27:41.854"/>
</kw>
<status status="PASS" starttime="20220731 23:27:41.843" endtime="20220731 23:27:41.854"/>
</kw>
<kw name="POST Cadastro Carrinho Estatico Valido" library="carrinhos_keywords">
<kw name="Importar Json Estatico" library="common">
<var>${json}</var>
<arg>massa_carrinho.json</arg>
<kw name="Get File" library="OperatingSystem">
<var>${arquivo}</var>
<arg>${EXECDIR}/support/fixtures/estatic/${nome_arquivo}</arg>
<doc>Returns the contents of a specified file.</doc>
<msg timestamp="20220731 23:27:41.856" level="INFO" html="true">Getting file '&lt;a href="file:///home/neybackes/Documentos/Robotron_NeyBackes_ProjetoFInal/support/fixtures/estatic/massa_carrinho.json"&gt;/home/neybackes/Documentos/Robotron_NeyBackes_ProjetoFInal/support/fixtures/estatic/massa_carrinho.json&lt;/a&gt;'.</msg>
<msg timestamp="20220731 23:27:41.856" level="INFO">${arquivo} = {"carrinhos_valido": {

    "produtos": [
        {
            "idProduto": "BeeJh5lz3k6kSIzA",
            "quantidade": 2
            
        }
    ]

},
"carrinhos_produto_repetido": {

    "prod...</msg>
<status status="PASS" starttime="20220731 23:27:41.855" endtime="20220731 23:27:41.856"/>
</kw>
<kw name="Evaluate" library="BuiltIn">
<var>${data}</var>
<arg>json.loads('''${arquivo}''')</arg>
<arg>json</arg>
<doc>Evaluates the given expression in Python and returns the result.</doc>
<msg timestamp="20220731 23:27:41.856" level="INFO">${data} = {'carrinhos_valido': {'produtos': [{'idProduto': 'BeeJh5lz3k6kSIzA', 'quantidade': 2}]}, 'carrinhos_produto_repetido': {'produtos': [{'idProduto': 'BeeJh5lz3k6kSIzA', 'quantidade': 2}, {'idProduto': '...</msg>
<status status="PASS" starttime="20220731 23:27:41.856" endtime="20220731 23:27:41.856"/>
</kw>
<msg timestamp="20220731 23:27:41.856" level="INFO">${json} = {'carrinhos_valido': {'produtos': [{'idProduto': 'BeeJh5lz3k6kSIzA', 'quantidade': 2}]}, 'carrinhos_produto_repetido': {'produtos': [{'idProduto': 'BeeJh5lz3k6kSIzA', 'quantidade': 2}, {'idProduto': '...</msg>
<status status="PASS" starttime="20220731 23:27:41.855" endtime="20220731 23:27:41.856"/>
</kw>
<kw name="Set Variable" library="BuiltIn">
<var>${payload}</var>
<arg>${json["carrinhos_valido"]}</arg>
<doc>Returns the given values which can then be assigned to a variables.</doc>
<msg timestamp="20220731 23:27:41.857" level="INFO">${payload} = {'produtos': [{'idProduto': 'BeeJh5lz3k6kSIzA', 'quantidade': 2}]}</msg>
<status status="PASS" starttime="20220731 23:27:41.857" endtime="20220731 23:27:41.857"/>
</kw>
<kw name="Set Global Variable" library="BuiltIn">
<arg>${payload}</arg>
<doc>Makes a variable available globally in all tests and suites.</doc>
<msg timestamp="20220731 23:27:41.858" level="INFO">${payload} = {'produtos': [{'idProduto': 'BeeJh5lz3k6kSIzA', 'quantidade': 2}]}</msg>
<status status="PASS" starttime="20220731 23:27:41.857" endtime="20220731 23:27:41.858"/>
</kw>
<kw name="POST Endpoint Carrinho" library="carrinhos_keywords">
<kw name="Create Dictionary" library="BuiltIn">
<var>${header}</var>
<arg>Authorization=${token_auth}</arg>
<doc>Creates and returns a dictionary based on the given ``items``.</doc>
<msg timestamp="20220731 23:27:41.858" level="INFO">${header} = {'Authorization': 'Bearer eyJhbGciOiJIUzI1NiIsInR5cCI6IkpXVCJ9.eyJlbWFpbCI6ImZ1bGFub0BxYS5jb20iLCJwYXNzd29yZCI6InRlc3RlIiwiaWF0IjoxNjU5MzIwODYxLCJleHAiOjE2NTkzMjE0NjF9.hRfvTzCRuEH6dzFpAPQhEko1K1zLW2vF...</msg>
<status status="PASS" starttime="20220731 23:27:41.858" endtime="20220731 23:27:41.858"/>
</kw>
<kw name="POST On Session" library="RequestsLibrary">
<var>${response}</var>
<arg>serverest</arg>
<arg>/carrinhos</arg>
<arg>json=${payload}</arg>
<arg>headers=${header}</arg>
<arg>expected_status=anything</arg>
<doc>Sends a POST request on a previously created HTTP Session.</doc>
<msg timestamp="20220731 23:27:41.867" level="INFO">POST Request : url=http://localhost:3000/carrinhos 
 path_url=/carrinhos 
 headers={'User-Agent': 'python-requests/2.28.1', 'Accept-Encoding': 'gzip, deflate', 'Accept': '*/*', 'Connection': 'keep-alive', 'Authorization': 'Bearer eyJhbGciOiJIUzI1NiIsInR5cCI6IkpXVCJ9.eyJlbWFpbCI6ImZ1bGFub0BxYS5jb20iLCJwYXNzd29yZCI6InRlc3RlIiwiaWF0IjoxNjU5MzIwODYxLCJleHAiOjE2NTkzMjE0NjF9.hRfvTzCRuEH6dzFpAPQhEko1K1zLW2vFgTGy9GFUeFo', 'Content-Length': '66', 'Content-Type': 'application/json'} 
 body=b'{"produtos": [{"idProduto": "BeeJh5lz3k6kSIzA", "quantidade": 2}]}' 
 </msg>
<msg timestamp="20220731 23:27:41.867" level="INFO">POST Response : url=http://localhost:3000/carrinhos 
 status=201, reason=Created 
 headers={'Access-Control-Allow-Origin': '*', 'x-dns-prefetch-control': 'off', 'x-frame-options': 'SAMEORIGIN', 'strict-transport-security': 'max-age=15552000; includeSubDomains', 'x-download-options': 'noopen', 'x-content-type-options': 'nosniff', 'x-xss-protection': '1; mode=block', 'x-moesif-transaction-id': '669a471e-70e8-40ff-9008-519cf5688329', 'Content-Type': 'application/json; charset=utf-8', 'Content-Length': '82', 'Date': 'Mon, 01 Aug 2022 02:27:41 GMT', 'Connection': 'keep-alive', 'Keep-Alive': 'timeout=5'} 
 body={
    "message": "Cadastro realizado com sucesso",
    "_id": "okMecZ0ZRT83GePg"
} 
 </msg>
<msg timestamp="20220731 23:27:41.867" level="INFO">${response} = &lt;Response [201]&gt;</msg>
<status status="PASS" starttime="20220731 23:27:41.859" endtime="20220731 23:27:41.867"/>
</kw>
<kw name="Set Global Variable" library="BuiltIn">
<arg>${response}</arg>
<doc>Makes a variable available globally in all tests and suites.</doc>
<msg timestamp="20220731 23:27:41.868" level="INFO">${response} = &lt;Response [201]&gt;</msg>
<status status="PASS" starttime="20220731 23:27:41.867" endtime="20220731 23:27:41.868"/>
</kw>
<if>
<branch type="IF" condition="${response.status_code} == 201">
<kw name="Set Variable" library="BuiltIn">
<var>${carrinho_id}</var>
<arg>${response.json()["_id"]}</arg>
<doc>Returns the given values which can then be assigned to a variables.</doc>
<msg timestamp="20220731 23:27:41.869" level="INFO">${carrinho_id} = okMecZ0ZRT83GePg</msg>
<status status="PASS" starttime="20220731 23:27:41.869" endtime="20220731 23:27:41.869"/>
</kw>
<kw name="Set Global Variable" library="BuiltIn">
<arg>${carrinho_id}</arg>
<doc>Makes a variable available globally in all tests and suites.</doc>
<msg timestamp="20220731 23:27:41.870" level="INFO">${carrinho_id} = okMecZ0ZRT83GePg</msg>
<status status="PASS" starttime="20220731 23:27:41.869" endtime="20220731 23:27:41.870"/>
</kw>
<status status="PASS" starttime="20220731 23:27:41.868" endtime="20220731 23:27:41.870"/>
</branch>
<status status="PASS" starttime="20220731 23:27:41.868" endtime="20220731 23:27:41.870"/>
</if>
<status status="PASS" starttime="20220731 23:27:41.858" endtime="20220731 23:27:41.870"/>
</kw>
<status status="PASS" starttime="20220731 23:27:41.855" endtime="20220731 23:27:41.870"/>
</kw>
<kw name="POST Cadastro Carrinho Estatico Valido" library="carrinhos_keywords">
<kw name="Importar Json Estatico" library="common">
<var>${json}</var>
<arg>massa_carrinho.json</arg>
<kw name="Get File" library="OperatingSystem">
<var>${arquivo}</var>
<arg>${EXECDIR}/support/fixtures/estatic/${nome_arquivo}</arg>
<doc>Returns the contents of a specified file.</doc>
<msg timestamp="20220731 23:27:41.871" level="INFO" html="true">Getting file '&lt;a href="file:///home/neybackes/Documentos/Robotron_NeyBackes_ProjetoFInal/support/fixtures/estatic/massa_carrinho.json"&gt;/home/neybackes/Documentos/Robotron_NeyBackes_ProjetoFInal/support/fixtures/estatic/massa_carrinho.json&lt;/a&gt;'.</msg>
<msg timestamp="20220731 23:27:41.871" level="INFO">${arquivo} = {"carrinhos_valido": {

    "produtos": [
        {
            "idProduto": "BeeJh5lz3k6kSIzA",
            "quantidade": 2
            
        }
    ]

},
"carrinhos_produto_repetido": {

    "prod...</msg>
<status status="PASS" starttime="20220731 23:27:41.871" endtime="20220731 23:27:41.872"/>
</kw>
<kw name="Evaluate" library="BuiltIn">
<var>${data}</var>
<arg>json.loads('''${arquivo}''')</arg>
<arg>json</arg>
<doc>Evaluates the given expression in Python and returns the result.</doc>
<msg timestamp="20220731 23:27:41.872" level="INFO">${data} = {'carrinhos_valido': {'produtos': [{'idProduto': 'BeeJh5lz3k6kSIzA', 'quantidade': 2}]}, 'carrinhos_produto_repetido': {'produtos': [{'idProduto': 'BeeJh5lz3k6kSIzA', 'quantidade': 2}, {'idProduto': '...</msg>
<status status="PASS" starttime="20220731 23:27:41.872" endtime="20220731 23:27:41.872"/>
</kw>
<msg timestamp="20220731 23:27:41.872" level="INFO">${json} = {'carrinhos_valido': {'produtos': [{'idProduto': 'BeeJh5lz3k6kSIzA', 'quantidade': 2}]}, 'carrinhos_produto_repetido': {'produtos': [{'idProduto': 'BeeJh5lz3k6kSIzA', 'quantidade': 2}, {'idProduto': '...</msg>
<status status="PASS" starttime="20220731 23:27:41.871" endtime="20220731 23:27:41.872"/>
</kw>
<kw name="Set Variable" library="BuiltIn">
<var>${payload}</var>
<arg>${json["carrinhos_valido"]}</arg>
<doc>Returns the given values which can then be assigned to a variables.</doc>
<msg timestamp="20220731 23:27:41.873" level="INFO">${payload} = {'produtos': [{'idProduto': 'BeeJh5lz3k6kSIzA', 'quantidade': 2}]}</msg>
<status status="PASS" starttime="20220731 23:27:41.873" endtime="20220731 23:27:41.873"/>
</kw>
<kw name="Set Global Variable" library="BuiltIn">
<arg>${payload}</arg>
<doc>Makes a variable available globally in all tests and suites.</doc>
<msg timestamp="20220731 23:27:41.874" level="INFO">${payload} = {'produtos': [{'idProduto': 'BeeJh5lz3k6kSIzA', 'quantidade': 2}]}</msg>
<status status="PASS" starttime="20220731 23:27:41.873" endtime="20220731 23:27:41.874"/>
</kw>
<kw name="POST Endpoint Carrinho" library="carrinhos_keywords">
<kw name="Create Dictionary" library="BuiltIn">
<var>${header}</var>
<arg>Authorization=${token_auth}</arg>
<doc>Creates and returns a dictionary based on the given ``items``.</doc>
<msg timestamp="20220731 23:27:41.875" level="INFO">${header} = {'Authorization': 'Bearer eyJhbGciOiJIUzI1NiIsInR5cCI6IkpXVCJ9.eyJlbWFpbCI6ImZ1bGFub0BxYS5jb20iLCJwYXNzd29yZCI6InRlc3RlIiwiaWF0IjoxNjU5MzIwODYxLCJleHAiOjE2NTkzMjE0NjF9.hRfvTzCRuEH6dzFpAPQhEko1K1zLW2vF...</msg>
<status status="PASS" starttime="20220731 23:27:41.874" endtime="20220731 23:27:41.875"/>
</kw>
<kw name="POST On Session" library="RequestsLibrary">
<var>${response}</var>
<arg>serverest</arg>
<arg>/carrinhos</arg>
<arg>json=${payload}</arg>
<arg>headers=${header}</arg>
<arg>expected_status=anything</arg>
<doc>Sends a POST request on a previously created HTTP Session.</doc>
<msg timestamp="20220731 23:27:41.880" level="INFO">POST Request : url=http://localhost:3000/carrinhos 
 path_url=/carrinhos 
 headers={'User-Agent': 'python-requests/2.28.1', 'Accept-Encoding': 'gzip, deflate', 'Accept': '*/*', 'Connection': 'keep-alive', 'Authorization': 'Bearer eyJhbGciOiJIUzI1NiIsInR5cCI6IkpXVCJ9.eyJlbWFpbCI6ImZ1bGFub0BxYS5jb20iLCJwYXNzd29yZCI6InRlc3RlIiwiaWF0IjoxNjU5MzIwODYxLCJleHAiOjE2NTkzMjE0NjF9.hRfvTzCRuEH6dzFpAPQhEko1K1zLW2vFgTGy9GFUeFo', 'Content-Length': '66', 'Content-Type': 'application/json'} 
 body=b'{"produtos": [{"idProduto": "BeeJh5lz3k6kSIzA", "quantidade": 2}]}' 
 </msg>
<msg timestamp="20220731 23:27:41.880" level="INFO">POST Response : url=http://localhost:3000/carrinhos 
 status=400, reason=Bad Request 
 headers={'Access-Control-Allow-Origin': '*', 'x-dns-prefetch-control': 'off', 'x-frame-options': 'SAMEORIGIN', 'strict-transport-security': 'max-age=15552000; includeSubDomains', 'x-download-options': 'noopen', 'x-content-type-options': 'nosniff', 'x-xss-protection': '1; mode=block', 'x-moesif-transaction-id': '7a11098d-2924-4d06-b767-7161b4e25ab2', 'Content-Type': 'application/json; charset=utf-8', 'Content-Length': '61', 'Date': 'Mon, 01 Aug 2022 02:27:41 GMT', 'Connection': 'keep-alive', 'Keep-Alive': 'timeout=5'} 
 body={
    "message": "Não é permitido ter mais de 1 carrinho"
} 
 </msg>
<msg timestamp="20220731 23:27:41.880" level="INFO">${response} = &lt;Response [400]&gt;</msg>
<status status="PASS" starttime="20220731 23:27:41.875" endtime="20220731 23:27:41.880"/>
</kw>
<kw name="Set Global Variable" library="BuiltIn">
<arg>${response}</arg>
<doc>Makes a variable available globally in all tests and suites.</doc>
<msg timestamp="20220731 23:27:41.881" level="INFO">${response} = &lt;Response [400]&gt;</msg>
<status status="PASS" starttime="20220731 23:27:41.881" endtime="20220731 23:27:41.881"/>
</kw>
<if>
<branch type="IF" condition="${response.status_code} == 201">
<kw name="Set Variable" library="BuiltIn">
<var>${carrinho_id}</var>
<arg>${response.json()["_id"]}</arg>
<doc>Returns the given values which can then be assigned to a variables.</doc>
<status status="NOT RUN" starttime="20220731 23:27:41.882" endtime="20220731 23:27:41.882"/>
</kw>
<kw name="Set Global Variable" library="BuiltIn">
<arg>${carrinho_id}</arg>
<doc>Makes a variable available globally in all tests and suites.</doc>
<status status="NOT RUN" starttime="20220731 23:27:41.882" endtime="20220731 23:27:41.882"/>
</kw>
<status status="NOT RUN" starttime="20220731 23:27:41.882" endtime="20220731 23:27:41.882"/>
</branch>
<status status="PASS" starttime="20220731 23:27:41.881" endtime="20220731 23:27:41.882"/>
</if>
<status status="PASS" starttime="20220731 23:27:41.874" endtime="20220731 23:27:41.883"/>
</kw>
<status status="PASS" starttime="20220731 23:27:41.870" endtime="20220731 23:27:41.883"/>
</kw>
<kw name="Imprimir Carrinho Response.Content" library="carrinhos_keywords">
<if>
<branch type="IF" condition="${response.status_code} == 200 or ${response.status_code} == 201">
<kw name="Log To Console" library="BuiltIn">
<arg>${yellow}Resposta para Cadastro de Carrino:${yellow} ${green}${response.content}${green}</arg>
<doc>Logs the given message to the console.</doc>
<status status="NOT RUN" starttime="20220731 23:27:41.884" endtime="20220731 23:27:41.884"/>
</kw>
<status status="NOT RUN" starttime="20220731 23:27:41.884" endtime="20220731 23:27:41.884"/>
</branch>
<branch type="ELSE">
<kw name="Log To Console" library="BuiltIn">
<arg>${yellow}Resposta para Cadastro de Carrinho:${yellow} ${red}${response.content}${red}</arg>
<doc>Logs the given message to the console.</doc>
<status status="PASS" starttime="20220731 23:27:41.884" endtime="20220731 23:27:41.885"/>
</kw>
<status status="PASS" starttime="20220731 23:27:41.884" endtime="20220731 23:27:41.885"/>
</branch>
<status status="PASS" starttime="20220731 23:27:41.883" endtime="20220731 23:27:41.885"/>
</if>
<status status="PASS" starttime="20220731 23:27:41.883" endtime="20220731 23:27:41.886"/>
</kw>
<kw name="Reposta Um carrinho Por Cadastro" library="carrinhos_keywords">
<kw name="Should Contain" library="BuiltIn">
<arg>${response.json()["message"]}</arg>
<arg>Não é permitido ter mais de 1 carrinho</arg>
<doc>Fails if ``container`` does not contain ``item`` one or more times.</doc>
<status status="PASS" starttime="20220731 23:27:41.886" endtime="20220731 23:27:41.887"/>
</kw>
<status status="PASS" starttime="20220731 23:27:41.886" endtime="20220731 23:27:41.887"/>
</kw>
<kw name="validar Status Code &quot;400&quot;" library="common" sourcename="validar Status Code &quot;${statuscode}&quot;">
<kw name="Should Be True" library="BuiltIn">
<arg>${response.status_code} == ${status_code}</arg>
<doc>Fails if the given condition is not true.</doc>
<status status="PASS" starttime="20220731 23:27:41.887" endtime="20220731 23:27:41.888"/>
</kw>
<if>
<branch type="IF" condition="${response.status_code} == 200 or ${response.status_code} == 201">
<kw name="Log To Console" library="BuiltIn">
<arg>${yellow}Status Code Retornado:${yellow} ${green}${response.status_code}${green}</arg>
<doc>Logs the given message to the console.</doc>
<status status="NOT RUN" starttime="20220731 23:27:41.889" endtime="20220731 23:27:41.889"/>
</kw>
<status status="NOT RUN" starttime="20220731 23:27:41.889" endtime="20220731 23:27:41.889"/>
</branch>
<branch type="ELSE">
<kw name="Log To Console" library="BuiltIn">
<arg>${yellow}Status Code Retornado:${yellow} ${red}${response.status_code}${red}</arg>
<doc>Logs the given message to the console.</doc>
<status status="PASS" starttime="20220731 23:27:41.889" endtime="20220731 23:27:41.890"/>
</kw>
<status status="PASS" starttime="20220731 23:27:41.889" endtime="20220731 23:27:41.890"/>
</branch>
<status status="PASS" starttime="20220731 23:27:41.888" endtime="20220731 23:27:41.890"/>
</if>
<status status="PASS" starttime="20220731 23:27:41.887" endtime="20220731 23:27:41.890"/>
</kw>
<kw name="DELETE Endpoint /carrinhos Cancelar Compra" library="carrinhos_keywords">
<kw name="Create Dictionary" library="BuiltIn">
<var>${header}</var>
<arg>Authorization=${token_auth}</arg>
<doc>Creates and returns a dictionary based on the given ``items``.</doc>
<msg timestamp="20220731 23:27:41.891" level="INFO">${header} = {'Authorization': 'Bearer eyJhbGciOiJIUzI1NiIsInR5cCI6IkpXVCJ9.eyJlbWFpbCI6ImZ1bGFub0BxYS5jb20iLCJwYXNzd29yZCI6InRlc3RlIiwiaWF0IjoxNjU5MzIwODYxLCJleHAiOjE2NTkzMjE0NjF9.hRfvTzCRuEH6dzFpAPQhEko1K1zLW2vF...</msg>
<status status="PASS" starttime="20220731 23:27:41.891" endtime="20220731 23:27:41.891"/>
</kw>
<kw name="DELETE On Session" library="RequestsLibrary">
<var>${response}</var>
<arg>serverest</arg>
<arg>/carrinhos/cancelar-compra</arg>
<arg>headers=${header}</arg>
<arg>expected_status=anything</arg>
<doc>Sends a DELETE request on a previously created HTTP Session.</doc>
<msg timestamp="20220731 23:27:41.896" level="INFO">DELETE Request : url=http://localhost:3000/carrinhos/cancelar-compra 
 path_url=/carrinhos/cancelar-compra 
 headers={'User-Agent': 'python-requests/2.28.1', 'Accept-Encoding': 'gzip, deflate', 'Accept': '*/*', 'Connection': 'keep-alive', 'Authorization': 'Bearer eyJhbGciOiJIUzI1NiIsInR5cCI6IkpXVCJ9.eyJlbWFpbCI6ImZ1bGFub0BxYS5jb20iLCJwYXNzd29yZCI6InRlc3RlIiwiaWF0IjoxNjU5MzIwODYxLCJleHAiOjE2NTkzMjE0NjF9.hRfvTzCRuEH6dzFpAPQhEko1K1zLW2vFgTGy9GFUeFo', 'Content-Length': '0'} 
 body=None 
 </msg>
<msg timestamp="20220731 23:27:41.896" level="INFO">DELETE Response : url=http://localhost:3000/carrinhos/cancelar-compra 
 status=200, reason=OK 
 headers={'Access-Control-Allow-Origin': '*', 'x-dns-prefetch-control': 'off', 'x-frame-options': 'SAMEORIGIN', 'strict-transport-security': 'max-age=15552000; includeSubDomains', 'x-download-options': 'noopen', 'x-content-type-options': 'nosniff', 'x-xss-protection': '1; mode=block', 'x-moesif-transaction-id': 'c7bf66c4-11be-4d42-9423-504cbebf4673', 'Content-Type': 'application/json; charset=utf-8', 'Content-Length': '86', 'Date': 'Mon, 01 Aug 2022 02:27:41 GMT', 'Connection': 'keep-alive', 'Keep-Alive': 'timeout=5'} 
 body={
    "message": "Registro excluído com sucesso. Estoque dos produtos reabastecido"
} 
 </msg>
<msg timestamp="20220731 23:27:41.896" level="INFO">${response} = &lt;Response [200]&gt;</msg>
<status status="PASS" starttime="20220731 23:27:41.891" endtime="20220731 23:27:41.896"/>
</kw>
<kw name="Set Global Variable" library="BuiltIn">
<arg>${response}</arg>
<doc>Makes a variable available globally in all tests and suites.</doc>
<msg timestamp="20220731 23:27:41.897" level="INFO">${response} = &lt;Response [200]&gt;</msg>
<status status="PASS" starttime="20220731 23:27:41.896" endtime="20220731 23:27:41.897"/>
</kw>
<status status="PASS" starttime="20220731 23:27:41.890" endtime="20220731 23:27:41.897"/>
</kw>
<tag>POST_CARRINHO_DUPLICIDADE</tag>
<status status="PASS" starttime="20220731 23:27:41.838" endtime="20220731 23:27:41.897"/>
</test>
<test id="s1-t4" name="Cenario: POST Carrinho Produto Nao Encontrado 400" line="48">
<kw name="Iniciar cores de resposta" library="common">
<kw name="Evaluate" library="BuiltIn">
<var>${black}</var>
<arg>${BLACK}</arg>
<doc>Evaluates the given expression in Python and returns the result.</doc>
<msg timestamp="20220731 23:27:41.898" level="INFO">${black} = [30m</msg>
<status status="PASS" starttime="20220731 23:27:41.898" endtime="20220731 23:27:41.898"/>
</kw>
<kw name="Set Test Variable" library="BuiltIn">
<arg>${black}</arg>
<doc>Makes a variable available everywhere within the scope of the current test.</doc>
<msg timestamp="20220731 23:27:41.899" level="INFO">${black} = [30m</msg>
<status status="PASS" starttime="20220731 23:27:41.898" endtime="20220731 23:27:41.899"/>
</kw>
<kw name="Evaluate" library="BuiltIn">
<var>${red}</var>
<arg>${RED}</arg>
<doc>Evaluates the given expression in Python and returns the result.</doc>
<msg timestamp="20220731 23:27:41.899" level="INFO">${red} = [31m</msg>
<status status="PASS" starttime="20220731 23:27:41.899" endtime="20220731 23:27:41.899"/>
</kw>
<kw name="Set Test Variable" library="BuiltIn">
<arg>${red}</arg>
<doc>Makes a variable available everywhere within the scope of the current test.</doc>
<msg timestamp="20220731 23:27:41.899" level="INFO">${red} = [31m</msg>
<status status="PASS" starttime="20220731 23:27:41.899" endtime="20220731 23:27:41.899"/>
</kw>
<kw name="Evaluate" library="BuiltIn">
<var>${white}</var>
<arg>${WHITE}</arg>
<doc>Evaluates the given expression in Python and returns the result.</doc>
<msg timestamp="20220731 23:27:41.900" level="INFO">${white} = [7m</msg>
<status status="PASS" starttime="20220731 23:27:41.899" endtime="20220731 23:27:41.900"/>
</kw>
<kw name="Set Test Variable" library="BuiltIn">
<arg>${white}</arg>
<doc>Makes a variable available everywhere within the scope of the current test.</doc>
<msg timestamp="20220731 23:27:41.900" level="INFO">${white} = [7m</msg>
<status status="PASS" starttime="20220731 23:27:41.900" endtime="20220731 23:27:41.900"/>
</kw>
<kw name="Evaluate" library="BuiltIn">
<var>${yellow}</var>
<arg>${YELLOW}</arg>
<doc>Evaluates the given expression in Python and returns the result.</doc>
<msg timestamp="20220731 23:27:41.900" level="INFO">${yellow} = [33m</msg>
<status status="PASS" starttime="20220731 23:27:41.900" endtime="20220731 23:27:41.900"/>
</kw>
<kw name="Set Test Variable" library="BuiltIn">
<arg>${yellow}</arg>
<doc>Makes a variable available everywhere within the scope of the current test.</doc>
<msg timestamp="20220731 23:27:41.901" level="INFO">${yellow} = [33m</msg>
<status status="PASS" starttime="20220731 23:27:41.900" endtime="20220731 23:27:41.901"/>
</kw>
<kw name="Evaluate" library="BuiltIn">
<var>${green}</var>
<arg>${GREEN}</arg>
<doc>Evaluates the given expression in Python and returns the result.</doc>
<msg timestamp="20220731 23:27:41.901" level="INFO">${green} = [32m</msg>
<status status="PASS" starttime="20220731 23:27:41.901" endtime="20220731 23:27:41.901"/>
</kw>
<kw name="Set Test Variable" library="BuiltIn">
<arg>${green}</arg>
<doc>Makes a variable available everywhere within the scope of the current test.</doc>
<msg timestamp="20220731 23:27:41.901" level="INFO">${green} = [32m</msg>
<status status="PASS" starttime="20220731 23:27:41.901" endtime="20220731 23:27:41.901"/>
</kw>
<status status="PASS" starttime="20220731 23:27:41.898" endtime="20220731 23:27:41.901"/>
</kw>
<kw name="POST Login Estatico Valido" library="login_keywords">
<kw name="Importar Json Estatico" library="common">
<var>${json}</var>
<arg>massa_login.json</arg>
<kw name="Get File" library="OperatingSystem">
<var>${arquivo}</var>
<arg>${EXECDIR}/support/fixtures/estatic/${nome_arquivo}</arg>
<doc>Returns the contents of a specified file.</doc>
<msg timestamp="20220731 23:27:41.902" level="INFO" html="true">Getting file '&lt;a href="file:///home/neybackes/Documentos/Robotron_NeyBackes_ProjetoFInal/support/fixtures/estatic/massa_login.json"&gt;/home/neybackes/Documentos/Robotron_NeyBackes_ProjetoFInal/support/fixtures/estatic/massa_login.json&lt;/a&gt;'.</msg>
<msg timestamp="20220731 23:27:41.903" level="INFO">${arquivo} = {
    "login_valido":{
        "email":"fulano@qa.com",
        "password":"teste"
    },
    "login_adm_false":{
        "email":"novobackes@qa.com.br",
        "password":"teste"
    },
    "login_u...</msg>
<status status="PASS" starttime="20220731 23:27:41.902" endtime="20220731 23:27:41.903"/>
</kw>
<kw name="Evaluate" library="BuiltIn">
<var>${data}</var>
<arg>json.loads('''${arquivo}''')</arg>
<arg>json</arg>
<doc>Evaluates the given expression in Python and returns the result.</doc>
<msg timestamp="20220731 23:27:41.903" level="INFO">${data} = {'login_valido': {'email': 'fulano@qa.com', 'password': 'teste'}, 'login_adm_false': {'email': 'novobackes@qa.com.br', 'password': 'teste'}, 'login_usuario_excluido': {'email': 'testedeusuario@qa.com....</msg>
<status status="PASS" starttime="20220731 23:27:41.903" endtime="20220731 23:27:41.903"/>
</kw>
<msg timestamp="20220731 23:27:41.903" level="INFO">${json} = {'login_valido': {'email': 'fulano@qa.com', 'password': 'teste'}, 'login_adm_false': {'email': 'novobackes@qa.com.br', 'password': 'teste'}, 'login_usuario_excluido': {'email': 'testedeusuario@qa.com....</msg>
<status status="PASS" starttime="20220731 23:27:41.902" endtime="20220731 23:27:41.903"/>
</kw>
<kw name="Set Variable" library="BuiltIn">
<var>${payload}</var>
<arg>${json["login_valido"]}</arg>
<doc>Returns the given values which can then be assigned to a variables.</doc>
<msg timestamp="20220731 23:27:41.904" level="INFO">${payload} = {'email': 'fulano@qa.com', 'password': 'teste'}</msg>
<status status="PASS" starttime="20220731 23:27:41.903" endtime="20220731 23:27:41.904"/>
</kw>
<kw name="Set Global Variable" library="BuiltIn">
<arg>${payload}</arg>
<doc>Makes a variable available globally in all tests and suites.</doc>
<msg timestamp="20220731 23:27:41.905" level="INFO">${payload} = {'email': 'fulano@qa.com', 'password': 'teste'}</msg>
[...]
</kw>
<msg timestamp="20220731 23:27:42.428" level="INFO">${json} = {'user_para_administrador_false': {'nome': 'Ney Backes', 'email': 'novobackes@qa.com.br', 'password': 'teste', 'administrador': 'false'}, 'user_estatico_para_cadastro': {'nome': 'teste', 'email': 'tes...</msg>
<status status="PASS" starttime="20220731 23:27:42.426" endtime="20220731 23:27:42.428"/>
</kw>
<kw name="Set Variable" library="BuiltIn">
<var>${payload}</var>
<arg>${json["user_estatico_para_cadastro"]}</arg>
<doc>Returns the given values which can then be assigned to a variables.</doc>
<msg timestamp="20220731 23:27:42.429" level="INFO">${payload} = {'nome': 'teste', 'email': 'testedeusuario@qa.com.br', 'password': 'teste', 'administrador': 'false'}</msg>
<status status="PASS" starttime="20220731 23:27:42.428" endtime="20220731 23:27:42.429"/>
</kw>
<kw name="Set Global Variable" library="BuiltIn">
<arg>${payload}</arg>
<doc>Makes a variable available globally in all tests and suites.</doc>
<msg timestamp="20220731 23:27:42.429" level="INFO">${payload} = {'nome': 'teste', 'email': 'testedeusuario@qa.com.br', 'password': 'teste', 'administrador': 'false'}</msg>
<status status="PASS" starttime="20220731 23:27:42.429" endtime="20220731 23:27:42.429"/>
</kw>
<kw name="POST Endpoint /usuarios" library="user_keywords">
<kw name="POST On Session" library="RequestsLibrary">
<var>${response}</var>
<arg>serverest</arg>
<arg>/usuarios</arg>
<arg>json=&amp;{payload}</arg>
<arg>expected_status=anything</arg>
<doc>Sends a POST request on a previously created HTTP Session.</doc>
<msg timestamp="20220731 23:27:42.434" level="INFO">POST Request : url=http://localhost:3000/usuarios 
 path_url=/usuarios 
 headers={'User-Agent': 'python-requests/2.28.1', 'Accept-Encoding': 'gzip, deflate', 'Accept': '*/*', 'Connection': 'keep-alive', 'Content-Length': '101', 'Content-Type': 'application/json'} 
 body=b'{"nome": "teste", "email": "testedeusuario@qa.com.br", "password": "teste", "administrador": "false"}' 
 </msg>
<msg timestamp="20220731 23:27:42.434" level="INFO">POST Response : url=http://localhost:3000/usuarios 
 status=201, reason=Created 
 headers={'Access-Control-Allow-Origin': '*', 'x-dns-prefetch-control': 'off', 'x-frame-options': 'SAMEORIGIN', 'strict-transport-security': 'max-age=15552000; includeSubDomains', 'x-download-options': 'noopen', 'x-content-type-options': 'nosniff', 'x-xss-protection': '1; mode=block', 'x-moesif-transaction-id': '6f5f8e65-dba5-4a50-831b-1ee48de06e6d', 'Content-Type': 'application/json; charset=utf-8', 'Content-Length': '82', 'Date': 'Mon, 01 Aug 2022 02:27:42 GMT', 'Connection': 'keep-alive', 'Keep-Alive': 'timeout=5'} 
 body={
    "message": "Cadastro realizado com sucesso",
    "_id": "P77YrL5sN8WqQxV8"
} 
 </msg>
<msg timestamp="20220731 23:27:42.434" level="INFO">${response} = &lt;Response [201]&gt;</msg>
<status status="PASS" starttime="20220731 23:27:42.430" endtime="20220731 23:27:42.434"/>
</kw>
<kw name="Set Global Variable" library="BuiltIn">
<arg>${response}</arg>
<doc>Makes a variable available globally in all tests and suites.</doc>
<msg timestamp="20220731 23:27:42.435" level="INFO">${response} = &lt;Response [201]&gt;</msg>
<status status="PASS" starttime="20220731 23:27:42.434" endtime="20220731 23:27:42.435"/>
</kw>
<if>
<branch type="IF" condition="${response.status_code} == 201">
<kw name="Set Variable" library="BuiltIn">
<var>${user_id}</var>
<arg>${response.json()["_id"]}</arg>
<doc>Returns the given values which can then be assigned to a variables.</doc>
<msg timestamp="20220731 23:27:42.436" level="INFO">${user_id} = P77YrL5sN8WqQxV8</msg>
<status status="PASS" starttime="20220731 23:27:42.436" endtime="20220731 23:27:42.436"/>
</kw>
<kw name="Set Global Variable" library="BuiltIn">
<arg>${user_id}</arg>
<doc>Makes a variable available globally in all tests and suites.</doc>
<msg timestamp="20220731 23:27:42.437" level="INFO">${user_id} = P77YrL5sN8WqQxV8</msg>
<status status="PASS" starttime="20220731 23:27:42.436" endtime="20220731 23:27:42.437"/>
</kw>
<status status="PASS" starttime="20220731 23:27:42.436" endtime="20220731 23:27:42.437"/>
</branch>
<status status="PASS" starttime="20220731 23:27:42.435" endtime="20220731 23:27:42.437"/>
</if>
<status status="PASS" starttime="20220731 23:27:42.429" endtime="20220731 23:27:42.437"/>
</kw>
<status status="PASS" starttime="20220731 23:27:42.426" endtime="20220731 23:27:42.437"/>
</kw>
<kw name="POST Login Usuario Excluido" library="login_keywords">
<kw name="Importar Json Estatico" library="common">
<var>${json}</var>
<arg>massa_login.json</arg>
<kw name="Get File" library="OperatingSystem">
<var>${arquivo}</var>
<arg>${EXECDIR}/support/fixtures/estatic/${nome_arquivo}</arg>
<doc>Returns the contents of a specified file.</doc>
<msg timestamp="20220731 23:27:42.438" level="INFO" html="true">Getting file '&lt;a href="file:///home/neybackes/Documentos/Robotron_NeyBackes_ProjetoFInal/support/fixtures/estatic/massa_login.json"&gt;/home/neybackes/Documentos/Robotron_NeyBackes_ProjetoFInal/support/fixtures/estatic/massa_login.json&lt;/a&gt;'.</msg>
<msg timestamp="20220731 23:27:42.438" level="INFO">${arquivo} = {
    "login_valido":{
        "email":"fulano@qa.com",
        "password":"teste"
    },
    "login_adm_false":{
        "email":"novobackes@qa.com.br",
        "password":"teste"
    },
    "login_u...</msg>
<status status="PASS" starttime="20220731 23:27:42.438" endtime="20220731 23:27:42.438"/>
</kw>
<kw name="Evaluate" library="BuiltIn">
<var>${data}</var>
<arg>json.loads('''${arquivo}''')</arg>
<arg>json</arg>
<doc>Evaluates the given expression in Python and returns the result.</doc>
<msg timestamp="20220731 23:27:42.439" level="INFO">${data} = {'login_valido': {'email': 'fulano@qa.com', 'password': 'teste'}, 'login_adm_false': {'email': 'novobackes@qa.com.br', 'password': 'teste'}, 'login_usuario_excluido': {'email': 'testedeusuario@qa.com....</msg>
<status status="PASS" starttime="20220731 23:27:42.438" endtime="20220731 23:27:42.439"/>
</kw>
<msg timestamp="20220731 23:27:42.439" level="INFO">${json} = {'login_valido': {'email': 'fulano@qa.com', 'password': 'teste'}, 'login_adm_false': {'email': 'novobackes@qa.com.br', 'password': 'teste'}, 'login_usuario_excluido': {'email': 'testedeusuario@qa.com....</msg>
<status status="PASS" starttime="20220731 23:27:42.438" endtime="20220731 23:27:42.439"/>
</kw>
<kw name="Set Variable" library="BuiltIn">
<var>${payload}</var>
<arg>${json["login_usuario_excluido"]}</arg>
<doc>Returns the given values which can then be assigned to a variables.</doc>
<msg timestamp="20220731 23:27:42.440" level="INFO">${payload} = {'email': 'testedeusuario@qa.com.br', 'password': 'teste'}</msg>
<status status="PASS" starttime="20220731 23:27:42.439" endtime="20220731 23:27:42.440"/>
</kw>
<kw name="Set Global Variable" library="BuiltIn">
<arg>${payload}</arg>
<doc>Makes a variable available globally in all tests and suites.</doc>
<msg timestamp="20220731 23:27:42.440" level="INFO">${payload} = {'email': 'testedeusuario@qa.com.br', 'password': 'teste'}</msg>
<status status="PASS" starttime="20220731 23:27:42.440" endtime="20220731 23:27:42.440"/>
</kw>
<kw name="POST Endpoint /login" library="login_keywords">
<kw name="POST On Session" library="RequestsLibrary">
<var>${response}</var>
<arg>serverest</arg>
<arg>/login</arg>
<arg>json=&amp;{payload}</arg>
<arg>expected_status=anything</arg>
<doc>Sends a POST request on a previously created HTTP Session.</doc>
<msg timestamp="20220731 23:27:42.444" level="INFO">POST Request : url=http://localhost:3000/login 
 path_url=/login 
 headers={'User-Agent': 'python-requests/2.28.1', 'Accept-Encoding': 'gzip, deflate', 'Accept': '*/*', 'Connection': 'keep-alive', 'Content-Length': '58', 'Content-Type': 'application/json'} 
 body=b'{"email": "testedeusuario@qa.com.br", "password": "teste"}' 
 </msg>
<msg timestamp="20220731 23:27:42.444" level="INFO">POST Response : url=http://localhost:3000/login 
 status=200, reason=OK 
 headers={'Access-Control-Allow-Origin': '*', 'x-dns-prefetch-control': 'off', 'x-frame-options': 'SAMEORIGIN', 'strict-transport-security': 'max-age=15552000; includeSubDomains', 'x-download-options': 'noopen', 'x-content-type-options': 'nosniff', 'x-xss-protection': '1; mode=block', 'x-moesif-transaction-id': 'dd4171d5-ecad-463b-a14b-8f46a0781684', 'Content-Type': 'application/json; charset=utf-8', 'Content-Length': '280', 'Date': 'Mon, 01 Aug 2022 02:27:42 GMT', 'Connection': 'keep-alive', 'Keep-Alive': 'timeout=5'} 
 body={
    "message": "Login realizado com sucesso",
    "authorization": "Bearer eyJhbGciOiJIUzI1NiIsInR5cCI6IkpXVCJ9.eyJlbWFpbCI6InRlc3RlZGV1c3VhcmlvQHFhLmNvbS5iciIsInBhc3N3b3JkIjoidGVzdGUiLCJpYXQiOjE2NTkzMjA4NjIsImV4cCI6MTY1OTMyMTQ2Mn0.tO41a0SklYAu8847khMPC05kqideBCQmieoeu1O-W8Y"
} 
 </msg>
<msg timestamp="20220731 23:27:42.444" level="INFO">${response} = &lt;Response [200]&gt;</msg>
<status status="PASS" starttime="20220731 23:27:42.441" endtime="20220731 23:27:42.444"/>
</kw>
<if>
<branch type="IF" condition="${response.status_code} == 200">
<kw name="Set Variable" library="BuiltIn">
<var>${token_auth}</var>
<arg>${response.json()["authorization"]}</arg>
<doc>Returns the given values which can then be assigned to a variables.</doc>
<msg timestamp="20220731 23:27:42.446" level="INFO">${token_auth} = Bearer eyJhbGciOiJIUzI1NiIsInR5cCI6IkpXVCJ9.eyJlbWFpbCI6InRlc3RlZGV1c3VhcmlvQHFhLmNvbS5iciIsInBhc3N3b3JkIjoidGVzdGUiLCJpYXQiOjE2NTkzMjA4NjIsImV4cCI6MTY1OTMyMTQ2Mn0.tO41a0SklYAu8847khMPC05kqideBCQmieoe...</msg>
<status status="PASS" starttime="20220731 23:27:42.445" endtime="20220731 23:27:42.446"/>
</kw>
<kw name="Set Global Variable" library="BuiltIn">
<arg>${token_auth}</arg>
<doc>Makes a variable available globally in all tests and suites.</doc>
<msg timestamp="20220731 23:27:42.446" level="INFO">${token_auth} = Bearer eyJhbGciOiJIUzI1NiIsInR5cCI6IkpXVCJ9.eyJlbWFpbCI6InRlc3RlZGV1c3VhcmlvQHFhLmNvbS5iciIsInBhc3N3b3JkIjoidGVzdGUiLCJpYXQiOjE2NTkzMjA4NjIsImV4cCI6MTY1OTMyMTQ2Mn0.tO41a0SklYAu8847khMPC05kqideBCQmieoe...</msg>
<status status="PASS" starttime="20220731 23:27:42.446" endtime="20220731 23:27:42.446"/>
</kw>
<status status="PASS" starttime="20220731 23:27:42.445" endtime="20220731 23:27:42.446"/>
</branch>
<status status="PASS" starttime="20220731 23:27:42.445" endtime="20220731 23:27:42.446"/>
</if>
<kw name="Set Global Variable" library="BuiltIn">
<arg>${response}</arg>
<doc>Makes a variable available globally in all tests and suites.</doc>
<msg timestamp="20220731 23:27:42.447" level="INFO">${response} = &lt;Response [200]&gt;</msg>
<status status="PASS" starttime="20220731 23:27:42.446" endtime="20220731 23:27:42.447"/>
</kw>
<status status="PASS" starttime="20220731 23:27:42.440" endtime="20220731 23:27:42.447"/>
</kw>
<status status="PASS" starttime="20220731 23:27:42.437" endtime="20220731 23:27:42.447"/>
</kw>
<kw name="DELETE Endpoint /usuarios" library="user_keywords">
<kw name="DELETE On Session" library="RequestsLibrary">
<var>${response}</var>
<arg>serverest</arg>
<arg>/usuarios/${user_id}</arg>
<arg>expected_status=anything</arg>
<doc>Sends a DELETE request on a previously created HTTP Session.</doc>
<msg timestamp="20220731 23:27:42.451" level="INFO">DELETE Request : url=http://localhost:3000/usuarios/P77YrL5sN8WqQxV8 
 path_url=/usuarios/P77YrL5sN8WqQxV8 
 headers={'User-Agent': 'python-requests/2.28.1', 'Accept-Encoding': 'gzip, deflate', 'Accept': '*/*', 'Connection': 'keep-alive', 'Content-Length': '0'} 
 body=None 
 </msg>
<msg timestamp="20220731 23:27:42.451" level="INFO">DELETE Response : url=http://localhost:3000/usuarios/P77YrL5sN8WqQxV8 
 status=200, reason=OK 
 headers={'Access-Control-Allow-Origin': '*', 'x-dns-prefetch-control': 'off', 'x-frame-options': 'SAMEORIGIN', 'strict-transport-security': 'max-age=15552000; includeSubDomains', 'x-download-options': 'noopen', 'x-content-type-options': 'nosniff', 'x-xss-protection': '1; mode=block', 'x-moesif-transaction-id': '6f663fc8-d74c-48a4-b47d-390786ce998c', 'Content-Type': 'application/json; charset=utf-8', 'Content-Length': '51', 'Date': 'Mon, 01 Aug 2022 02:27:42 GMT', 'Connection': 'keep-alive', 'Keep-Alive': 'timeout=5'} 
 body={
    "message": "Registro excluído com sucesso"
} 
 </msg>
<msg timestamp="20220731 23:27:42.451" level="INFO">${response} = &lt;Response [200]&gt;</msg>
<status status="PASS" starttime="20220731 23:27:42.447" endtime="20220731 23:27:42.451"/>
</kw>
<kw name="Set Global Variable" library="BuiltIn">
<arg>${response}</arg>
<doc>Makes a variable available globally in all tests and suites.</doc>
<msg timestamp="20220731 23:27:42.452" level="INFO">${response} = &lt;Response [200]&gt;</msg>
<status status="PASS" starttime="20220731 23:27:42.451" endtime="20220731 23:27:42.452"/>
</kw>
<status status="PASS" starttime="20220731 23:27:42.447" endtime="20220731 23:27:42.452"/>
</kw>
<kw name="DELETE Endpoint /carrinhos Concluir Compra" library="carrinhos_keywords">
<kw name="Create Dictionary" library="BuiltIn">
<var>${header}</var>
<arg>Authorization=${token_auth}</arg>
<doc>Creates and returns a dictionary based on the given ``items``.</doc>
<msg timestamp="20220731 23:27:42.452" level="INFO">${header} = {'Authorization': 'Bearer eyJhbGciOiJIUzI1NiIsInR5cCI6IkpXVCJ9.eyJlbWFpbCI6InRlc3RlZGV1c3VhcmlvQHFhLmNvbS5iciIsInBhc3N3b3JkIjoidGVzdGUiLCJpYXQiOjE2NTkzMjA4NjIsImV4cCI6MTY1OTMyMTQ2Mn0.tO41a0SklYAu8847k...</msg>
<status status="PASS" starttime="20220731 23:27:42.452" endtime="20220731 23:27:42.453"/>
</kw>
<kw name="DELETE On Session" library="RequestsLibrary">
<var>${response}</var>
<arg>serverest</arg>
<arg>/carrinhos/concluir-compra</arg>
<arg>headers=${header}</arg>
<arg>expected_status=anything</arg>
<doc>Sends a DELETE request on a previously created HTTP Session.</doc>
<msg timestamp="20220731 23:27:42.456" level="INFO">DELETE Request : url=http://localhost:3000/carrinhos/concluir-compra 
 path_url=/carrinhos/concluir-compra 
 headers={'User-Agent': 'python-requests/2.28.1', 'Accept-Encoding': 'gzip, deflate', 'Accept': '*/*', 'Connection': 'keep-alive', 'Authorization': 'Bearer eyJhbGciOiJIUzI1NiIsInR5cCI6IkpXVCJ9.eyJlbWFpbCI6InRlc3RlZGV1c3VhcmlvQHFhLmNvbS5iciIsInBhc3N3b3JkIjoidGVzdGUiLCJpYXQiOjE2NTkzMjA4NjIsImV4cCI6MTY1OTMyMTQ2Mn0.tO41a0SklYAu8847khMPC05kqideBCQmieoeu1O-W8Y', 'Content-Length': '0'} 
 body=None 
 </msg>
<msg timestamp="20220731 23:27:42.456" level="INFO">DELETE Response : url=http://localhost:3000/carrinhos/concluir-compra 
 status=401, reason=Unauthorized 
 headers={'Access-Control-Allow-Origin': '*', 'x-dns-prefetch-control': 'off', 'x-frame-options': 'SAMEORIGIN', 'strict-transport-security': 'max-age=15552000; includeSubDomains', 'x-download-options': 'noopen', 'x-content-type-options': 'nosniff', 'x-xss-protection': '1; mode=block', 'x-moesif-transaction-id': 'ed7b9389-784d-433e-8c14-40fb23f89abc', 'Content-Type': 'application/json; charset=utf-8', 'Content-Length': '103', 'Date': 'Mon, 01 Aug 2022 02:27:42 GMT', 'Connection': 'keep-alive', 'Keep-Alive': 'timeout=5'} 
 body={
    "message": "Token de acesso ausente, inválido, expirado ou usuário do token não existe mais"
} 
 </msg>
<msg timestamp="20220731 23:27:42.456" level="INFO">${response} = &lt;Response [401]&gt;</msg>
<status status="PASS" starttime="20220731 23:27:42.453" endtime="20220731 23:27:42.456"/>
</kw>
<kw name="Set Global Variable" library="BuiltIn">
<arg>${response}</arg>
<doc>Makes a variable available globally in all tests and suites.</doc>
<msg timestamp="20220731 23:27:42.457" level="INFO">${response} = &lt;Response [401]&gt;</msg>
<status status="PASS" starttime="20220731 23:27:42.456" endtime="20220731 23:27:42.457"/>
</kw>
<status status="PASS" starttime="20220731 23:27:42.452" endtime="20220731 23:27:42.457"/>
</kw>
<kw name="Imprimir Delete Carrinhos Response.Content" library="carrinhos_keywords">
<kw name="Log To Console" library="BuiltIn">
<arg>${yellow}Resposta para Carrinho Deletado:${yellow} ${red}${response.content}${red}</arg>
<doc>Logs the given message to the console.</doc>
<status status="PASS" starttime="20220731 23:27:42.457" endtime="20220731 23:27:42.458"/>
</kw>
<status status="PASS" starttime="20220731 23:27:42.457" endtime="20220731 23:27:42.458"/>
</kw>
<kw name="Resposta Carrinho Cadastrado Usuario excluido" library="carrinhos_keywords">
<kw name="Should Contain" library="BuiltIn">
<arg>${response.json()["message"]}</arg>
<arg>Token de acesso ausente, inválido, expirado ou usuário do token não existe mais</arg>
<doc>Fails if ``container`` does not contain ``item`` one or more times.</doc>
<status status="PASS" starttime="20220731 23:27:42.459" endtime="20220731 23:27:42.459"/>
</kw>
<status status="PASS" starttime="20220731 23:27:42.458" endtime="20220731 23:27:42.459"/>
</kw>
<kw name="validar Status Code &quot;401&quot;" library="common" sourcename="validar Status Code &quot;${statuscode}&quot;">
<kw name="Should Be True" library="BuiltIn">
<arg>${response.status_code} == ${status_code}</arg>
<doc>Fails if the given condition is not true.</doc>
<status status="PASS" starttime="20220731 23:27:42.460" endtime="20220731 23:27:42.461"/>
</kw>
<if>
<branch type="IF" condition="${response.status_code} == 200 or ${response.status_code} == 201">
<kw name="Log To Console" library="BuiltIn">
<arg>${yellow}Status Code Retornado:${yellow} ${green}${response.status_code}${green}</arg>
<doc>Logs the given message to the console.</doc>
<status status="NOT RUN" starttime="20220731 23:27:42.462" endtime="20220731 23:27:42.462"/>
</kw>
<status status="NOT RUN" starttime="20220731 23:27:42.461" endtime="20220731 23:27:42.462"/>
</branch>
<branch type="ELSE">
<kw name="Log To Console" library="BuiltIn">
<arg>${yellow}Status Code Retornado:${yellow} ${red}${response.status_code}${red}</arg>
<doc>Logs the given message to the console.</doc>
<status status="PASS" starttime="20220731 23:27:42.462" endtime="20220731 23:27:42.462"/>
</kw>
<status status="PASS" starttime="20220731 23:27:42.462" endtime="20220731 23:27:42.462"/>
</branch>
<status status="PASS" starttime="20220731 23:27:42.461" endtime="20220731 23:27:42.463"/>
</if>
<status status="PASS" starttime="20220731 23:27:42.460" endtime="20220731 23:27:42.463"/>
</kw>
<tag>DELETE_COMPRA_TOKEN_USUARIO_EXCLUIDO</tag>
<status status="PASS" starttime="20220731 23:27:42.421" endtime="20220731 23:27:42.463"/>
</test>
<doc>Arquivos de teste para o endpoint de /carrinhos</doc>
<status status="PASS" starttime="20220731 23:27:41.396" endtime="20220731 23:27:42.463"/>
</suite>
<statistics>
<total>
<stat pass="18" fail="0" skip="0">All Tests</stat>
</total>
<tag>
<stat pass="1" fail="0" skip="0">DELETE_CANCELAR_COMPRA</stat>
<stat pass="1" fail="0" skip="0">DELETE_CANCELAR_COMPRA_CARRINHO_NAO_CADASTRADO</stat>
<stat pass="1" fail="0" skip="0">DELETE_CANCELAR_COMPRA_TOKEN_INVALIDO</stat>
<stat pass="2" fail="0" skip="0">DELETE_COMPRA_TOKEN_USUARIO_EXCLUIDO</stat>
<stat pass="1" fail="0" skip="0">DELETE_CONCLUIR_COMPRA</stat>
<stat pass="1" fail="0" skip="0">DELETE_CONCLUIR_COMPRA_CARRINHO_NAO_CADASTRADO</stat>
<stat pass="1" fail="0" skip="0">DELETE_CONCLUIR_COMPRA_TOKEN_INVALIDO</stat>
<stat pass="1" fail="0" skip="0">GET_LISTAR_CARRINHOS</stat>
<stat pass="1" fail="0" skip="0">GET_PRODUTO_ID</stat>
<stat pass="1" fail="0" skip="0">GET_PRODUTO_SEM_ID</stat>
<stat pass="1" fail="0" skip="0">POST_CARRINHO</stat>
<stat pass="1" fail="0" skip="0">POST_CARRINHO_DUPLICIDADE</stat>
<stat pass="1" fail="0" skip="0">POST_CARRINHO_PRODUTO_DUPLICADO</stat>
<stat pass="1" fail="0" skip="0">POST_CARRINHO_PRODUTO_INSUFICIENTE</stat>
<stat pass="1" fail="0" skip="0">POST_CARRINHO_PRODUTO_NAO_ENCONTRADO</stat>
<stat pass="1" fail="0" skip="0">POST_CARRINHO_TOKEN_INVALIDO</stat>
<stat pass="1" fail="0" skip="0">POST_TOKEN_USUARIO_EXCLUIDO</stat>
</tag>
<suite>
<stat pass="18" fail="0" skip="0" id="s1" name="Carrinhos Test">Carrinhos Test</stat>
</suite>
</statistics>
<errors>
</errors>
</robot>
